{"/Users/javier.toledo/Documents/projects/avalanche-console/app/layout.tsx": {"path":"/Users/javier.toledo/Documents/projects/avalanche-console/app/layout.tsx","statementMap":{"0":{"start":{"line":17,"column":24},"end":{"line":17,"column":35}},"1":{"start":{"line":11,"column":13},"end":{"line":11,"column":21}},"2":{"start":{"line":3,"column":22},"end":{"line":3,"column":null}},"3":{"start":{"line":4,"column":7},"end":{"line":4,"column":null}},"4":{"start":{"line":5,"column":30},"end":{"line":5,"column":null}},"5":{"start":{"line":6,"column":24},"end":{"line":6,"column":null}},"6":{"start":{"line":7,"column":26},"end":{"line":7,"column":null}},"7":{"start":{"line":9,"column":14},"end":{"line":9,"column":null}},"8":{"start":{"line":11,"column":34},"end":{"line":15,"column":null}}},"fnMap":{"0":{"name":"RootLayout","decl":{"start":{"line":17,"column":24},"end":{"line":17,"column":35}},"loc":{"start":{"line":21,"column":1},"end":{"line":34,"column":1}}}},"branchMap":{},"s":{"0":0,"1":0,"2":0,"3":0,"4":0,"5":0,"6":0,"7":0,"8":0},"f":{"0":0},"b":{}}
,"/Users/javier.toledo/Documents/projects/avalanche-console/app/msw-init.tsx": {"path":"/Users/javier.toledo/Documents/projects/avalanche-console/app/msw-init.tsx","statementMap":{"0":{"start":{"line":5,"column":16},"end":{"line":5,"column":28}},"1":{"start":{"line":3,"column":36},"end":{"line":3,"column":null}},"2":{"start":{"line":6,"column":46},"end":{"line":6,"column":null}},"3":{"start":{"line":8,"column":2},"end":{"line":25,"column":null}},"4":{"start":{"line":10,"column":4},"end":{"line":24,"column":null}},"5":{"start":{"line":11,"column":6},"end":{"line":21,"column":null}},"6":{"start":{"line":11,"column":6},"end":{"line":11,"column":32}},"7":{"start":{"line":12,"column":8},"end":{"line":20,"column":null}},"8":{"start":{"line":18,"column":10},"end":{"line":18,"column":null}},"9":{"start":{"line":19,"column":10},"end":{"line":19,"column":null}},"10":{"start":{"line":23,"column":6},"end":{"line":23,"column":null}},"11":{"start":{"line":28,"column":2},"end":{"line":30,"column":null}},"12":{"start":{"line":29,"column":4},"end":{"line":29,"column":null}}},"fnMap":{"0":{"name":"MSWProvider","decl":{"start":{"line":5,"column":16},"end":{"line":5,"column":28}},"loc":{"start":{"line":5,"column":71},"end":{"line":33,"column":null}}},"1":{"name":"(anonymous_5)","decl":{"start":{"line":8,"column":12},"end":{"line":8,"column":null}},"loc":{"start":{"line":8,"column":12},"end":{"line":25,"column":5}}},"2":{"name":"(anonymous_6)","decl":{"start":{"line":11,"column":6},"end":{"line":11,"column":13}},"loc":{"start":{"line":11,"column":6},"end":{"line":11,"column":32}}},"3":{"name":"(anonymous_7)","decl":{"start":{"line":11,"column":37},"end":{"line":11,"column":38}},"loc":{"start":{"line":11,"column":48},"end":{"line":21,"column":null}}},"4":{"name":"(anonymous_8)","decl":{"start":{"line":17,"column":16},"end":{"line":17,"column":null}},"loc":{"start":{"line":17,"column":16},"end":{"line":20,"column":null}}}},"branchMap":{"0":{"loc":{"start":{"line":10,"column":4},"end":{"line":24,"column":null}},"type":"if","locations":[{"start":{"line":10,"column":4},"end":{"line":24,"column":null}},{"start":{"line":22,"column":11},"end":{"line":24,"column":null}}]},"1":{"loc":{"start":{"line":10,"column":8},"end":{"line":10,"column":101}},"type":"binary-expr","locations":[{"start":{"line":10,"column":8},"end":{"line":10,"column":50}},{"start":{"line":10,"column":50},"end":{"line":10,"column":101}}]},"2":{"loc":{"start":{"line":28,"column":2},"end":{"line":30,"column":null}},"type":"if","locations":[{"start":{"line":28,"column":2},"end":{"line":30,"column":null}},{"start":{},"end":{}}]},"3":{"loc":{"start":{"line":28,"column":6},"end":{"line":28,"column":118}},"type":"binary-expr","locations":[{"start":{"line":28,"column":6},"end":{"line":28,"column":25}},{"start":{"line":28,"column":25},"end":{"line":28,"column":67}},{"start":{"line":28,"column":67},"end":{"line":28,"column":118}}]}},"s":{"0":0,"1":0,"2":0,"3":0,"4":0,"5":0,"6":0,"7":0,"8":0,"9":0,"10":0,"11":0,"12":0},"f":{"0":0,"1":0,"2":0,"3":0,"4":0},"b":{"0":[0,0],"1":[0,0],"2":[0,0],"3":[0,0,0]}}
,"/Users/javier.toledo/Documents/projects/avalanche-console/app/page.tsx": {"path":"/Users/javier.toledo/Documents/projects/avalanche-console/app/page.tsx","statementMap":{"0":{"start":{"line":5,"column":24},"end":{"line":5,"column":null}},"1":{"start":{"line":3,"column":21},"end":{"line":3,"column":null}},"2":{"start":{"line":6,"column":2},"end":{"line":6,"column":null}}},"fnMap":{"0":{"name":"Page","decl":{"start":{"line":5,"column":24},"end":{"line":5,"column":null}},"loc":{"start":{"line":5,"column":24},"end":{"line":7,"column":null}}}},"branchMap":{},"s":{"0":0,"1":0,"2":0},"f":{"0":0},"b":{}}
,"/Users/javier.toledo/Documents/projects/avalanche-console/app/api/analytics/endpoints/route.ts": {"path":"/Users/javier.toledo/Documents/projects/avalanche-console/app/api/analytics/endpoints/route.ts","statementMap":{"0":{"start":{"line":12,"column":22},"end":{"line":12,"column":null}},"1":{"start":{"line":1,"column":29},"end":{"line":1,"column":null}},"2":{"start":{"line":5,"column":51},"end":{"line":10,"column":null}},"3":{"start":{"line":14,"column":2},"end":{"line":14,"column":null}},"4":{"start":{"line":14,"column":31},"end":{"line":14,"column":null}},"5":{"start":{"line":16,"column":2},"end":{"line":16,"column":null}}},"fnMap":{"0":{"name":"GET","decl":{"start":{"line":12,"column":22},"end":{"line":12,"column":null}},"loc":{"start":{"line":12,"column":22},"end":{"line":17,"column":null}}},"1":{"name":"(anonymous_2)","decl":{"start":{"line":14,"column":20},"end":{"line":14,"column":31}},"loc":{"start":{"line":14,"column":31},"end":{"line":14,"column":null}}}},"branchMap":{},"s":{"0":0,"1":0,"2":0,"3":0,"4":0,"5":0},"f":{"0":0,"1":0},"b":{}}
,"/Users/javier.toledo/Documents/projects/avalanche-console/app/api/analytics/usage/route.ts": {"path":"/Users/javier.toledo/Documents/projects/avalanche-console/app/api/analytics/usage/route.ts","statementMap":{"0":{"start":{"line":15,"column":22},"end":{"line":15,"column":null}},"1":{"start":{"line":1,"column":29},"end":{"line":1,"column":null}},"2":{"start":{"line":5,"column":41},"end":{"line":13,"column":null}},"3":{"start":{"line":17,"column":2},"end":{"line":17,"column":null}},"4":{"start":{"line":17,"column":31},"end":{"line":17,"column":null}},"5":{"start":{"line":19,"column":2},"end":{"line":19,"column":null}}},"fnMap":{"0":{"name":"GET","decl":{"start":{"line":15,"column":22},"end":{"line":15,"column":null}},"loc":{"start":{"line":15,"column":22},"end":{"line":20,"column":null}}},"1":{"name":"(anonymous_2)","decl":{"start":{"line":17,"column":20},"end":{"line":17,"column":31}},"loc":{"start":{"line":17,"column":31},"end":{"line":17,"column":null}}}},"branchMap":{},"s":{"0":0,"1":0,"2":0,"3":0,"4":0,"5":0},"f":{"0":0,"1":0},"b":{}}
,"/Users/javier.toledo/Documents/projects/avalanche-console/app/data-api/loading.tsx": {"path":"/Users/javier.toledo/Documents/projects/avalanche-console/app/data-api/loading.tsx","statementMap":{"0":{"start":{"line":3,"column":24},"end":{"line":3,"column":null}},"1":{"start":{"line":1,"column":25},"end":{"line":1,"column":null}},"2":{"start":{"line":29,"column":14},"end":{"line":29,"column":27}}},"fnMap":{"0":{"name":"Loading","decl":{"start":{"line":3,"column":24},"end":{"line":3,"column":null}},"loc":{"start":{"line":3,"column":24},"end":{"line":50,"column":null}}},"1":{"name":"(anonymous_2)","decl":{"start":{"line":28,"column":27},"end":{"line":28,"column":28}},"loc":{"start":{"line":29,"column":14},"end":{"line":29,"column":27}}}},"branchMap":{},"s":{"0":0,"1":0,"2":0},"f":{"0":0,"1":0},"b":{}}
,"/Users/javier.toledo/Documents/projects/avalanche-console/app/data-api/page.tsx": {"path":"/Users/javier.toledo/Documents/projects/avalanche-console/app/data-api/page.tsx","statementMap":{"0":{"start":{"line":63,"column":24},"end":{"line":63,"column":null}},"1":{"start":{"line":3,"column":25},"end":{"line":3,"column":null}},"2":{"start":{"line":4,"column":87},"end":{"line":4,"column":null}},"3":{"start":{"line":5,"column":23},"end":{"line":5,"column":null}},"4":{"start":{"line":6,"column":78},"end":{"line":6,"column":null}},"5":{"start":{"line":7,"column":57},"end":{"line":7,"column":null}},"6":{"start":{"line":8,"column":22},"end":{"line":8,"column":null}},"7":{"start":{"line":9,"column":65},"end":{"line":9,"column":null}},"8":{"start":{"line":10,"column":22},"end":{"line":10,"column":null}},"9":{"start":{"line":11,"column":22},"end":{"line":11,"column":null}},"10":{"start":{"line":12,"column":21},"end":{"line":12,"column":null}},"11":{"start":{"line":13,"column":36},"end":{"line":13,"column":null}},"12":{"start":{"line":14,"column":30},"end":{"line":14,"column":null}},"13":{"start":{"line":15,"column":30},"end":{"line":15,"column":null}},"14":{"start":{"line":17,"column":16},"end":{"line":28,"column":null}},"15":{"start":{"line":30,"column":24},"end":{"line":61,"column":null}},"16":{"start":{"line":64,"column":48},"end":{"line":64,"column":null}},"17":{"start":{"line":65,"column":32},"end":{"line":65,"column":null}},"18":{"start":{"line":66,"column":36},"end":{"line":66,"column":null}},"19":{"start":{"line":68,"column":26},"end":{"line":74,"column":null}},"20":{"start":{"line":69,"column":4},"end":{"line":69,"column":null}},"21":{"start":{"line":70,"column":4},"end":{"line":73,"column":null}},"22":{"start":{"line":99,"column":33},"end":{"line":99,"column":59}},"23":{"start":{"line":118,"column":14},"end":{"line":118,"column":36}},"24":{"start":{"line":123,"column":69},"end":{"line":123,"column":null}},"25":{"start":{"line":180,"column":37},"end":{"line":180,"column":null}},"26":{"start":{"line":213,"column":37},"end":{"line":230,"column":null}},"27":{"start":{"line":250,"column":37},"end":{"line":250,"column":null}},"28":{"start":{"line":282,"column":37},"end":{"line":298,"column":null}},"29":{"start":{"line":318,"column":37},"end":{"line":318,"column":null}},"30":{"start":{"line":359,"column":37},"end":{"line":384,"column":null}},"31":{"start":{"line":406,"column":37},"end":{"line":408,"column":null}},"32":{"start":{"line":428,"column":12},"end":{"line":428,"column":30}},"33":{"start":{"line":458,"column":35},"end":{"line":458,"column":null}},"34":{"start":{"line":465,"column":53},"end":{"line":465,"column":80}}},"fnMap":{"0":{"name":"DataAPIPage","decl":{"start":{"line":63,"column":24},"end":{"line":63,"column":null}},"loc":{"start":{"line":63,"column":24},"end":{"line":476,"column":null}}},"1":{"name":"(anonymous_2)","decl":{"start":{"line":68,"column":26},"end":{"line":68,"column":27}},"loc":{"start":{"line":68,"column":27},"end":{"line":74,"column":null}}},"2":{"name":"(anonymous_3)","decl":{"start":{"line":99,"column":27},"end":{"line":99,"column":33}},"loc":{"start":{"line":99,"column":33},"end":{"line":99,"column":59}}},"3":{"name":"(anonymous_4)","decl":{"start":{"line":117,"column":25},"end":{"line":117,"column":26}},"loc":{"start":{"line":118,"column":14},"end":{"line":118,"column":36}}},"4":{"name":"(anonymous_5)","decl":{"start":{"line":123,"column":63},"end":{"line":123,"column":69}},"loc":{"start":{"line":123,"column":69},"end":{"line":123,"column":null}}},"5":{"name":"(anonymous_6)","decl":{"start":{"line":180,"column":31},"end":{"line":180,"column":37}},"loc":{"start":{"line":180,"column":37},"end":{"line":180,"column":null}}},"6":{"name":"(anonymous_7)","decl":{"start":{"line":213,"column":31},"end":{"line":213,"column":37}},"loc":{"start":{"line":213,"column":37},"end":{"line":230,"column":null}}},"7":{"name":"(anonymous_8)","decl":{"start":{"line":250,"column":31},"end":{"line":250,"column":37}},"loc":{"start":{"line":250,"column":37},"end":{"line":250,"column":null}}},"8":{"name":"(anonymous_9)","decl":{"start":{"line":282,"column":31},"end":{"line":282,"column":37}},"loc":{"start":{"line":282,"column":37},"end":{"line":298,"column":null}}},"9":{"name":"(anonymous_10)","decl":{"start":{"line":318,"column":31},"end":{"line":318,"column":37}},"loc":{"start":{"line":318,"column":37},"end":{"line":318,"column":null}}},"10":{"name":"(anonymous_11)","decl":{"start":{"line":359,"column":31},"end":{"line":359,"column":37}},"loc":{"start":{"line":359,"column":37},"end":{"line":384,"column":null}}},"11":{"name":"(anonymous_12)","decl":{"start":{"line":406,"column":31},"end":{"line":406,"column":37}},"loc":{"start":{"line":406,"column":37},"end":{"line":408,"column":null}}},"12":{"name":"(anonymous_13)","decl":{"start":{"line":427,"column":31},"end":{"line":427,"column":32}},"loc":{"start":{"line":428,"column":12},"end":{"line":428,"column":30}}},"13":{"name":"(anonymous_14)","decl":{"start":{"line":458,"column":28},"end":{"line":458,"column":29}},"loc":{"start":{"line":458,"column":35},"end":{"line":458,"column":null}}},"14":{"name":"(anonymous_15)","decl":{"start":{"line":465,"column":47},"end":{"line":465,"column":53}},"loc":{"start":{"line":465,"column":53},"end":{"line":465,"column":80}}}},"branchMap":{},"s":{"0":0,"1":0,"2":0,"3":0,"4":0,"5":0,"6":0,"7":0,"8":0,"9":0,"10":0,"11":0,"12":0,"13":0,"14":0,"15":0,"16":0,"17":0,"18":0,"19":0,"20":0,"21":0,"22":0,"23":0,"24":0,"25":0,"26":0,"27":0,"28":0,"29":0,"30":0,"31":0,"32":0,"33":0,"34":0},"f":{"0":0,"1":0,"2":0,"3":0,"4":0,"5":0,"6":0,"7":0,"8":0,"9":0,"10":0,"11":0,"12":0,"13":0,"14":0},"b":{}}
,"/Users/javier.toledo/Documents/projects/avalanche-console/app/faucet/page.tsx": {"path":"/Users/javier.toledo/Documents/projects/avalanche-console/app/faucet/page.tsx","statementMap":{"0":{"start":{"line":16,"column":24},"end":{"line":16,"column":null}},"1":{"start":{"line":3,"column":25},"end":{"line":3,"column":null}},"2":{"start":{"line":4,"column":21},"end":{"line":4,"column":null}},"3":{"start":{"line":5,"column":23},"end":{"line":5,"column":null}},"4":{"start":{"line":6,"column":22},"end":{"line":6,"column":null}},"5":{"start":{"line":7,"column":22},"end":{"line":7,"column":null}},"6":{"start":{"line":8,"column":78},"end":{"line":8,"column":null}},"7":{"start":{"line":9,"column":57},"end":{"line":9,"column":null}},"8":{"start":{"line":10,"column":22},"end":{"line":10,"column":null}},"9":{"start":{"line":11,"column":47},"end":{"line":11,"column":null}},"10":{"start":{"line":12,"column":36},"end":{"line":12,"column":null}},"11":{"start":{"line":13,"column":29},"end":{"line":13,"column":null}},"12":{"start":{"line":14,"column":29},"end":{"line":14,"column":null}},"13":{"start":{"line":17,"column":48},"end":{"line":17,"column":null}},"14":{"start":{"line":18,"column":44},"end":{"line":18,"column":null}},"15":{"start":{"line":19,"column":32},"end":{"line":19,"column":null}},"16":{"start":{"line":20,"column":38},"end":{"line":20,"column":null}},"17":{"start":{"line":21,"column":44},"end":{"line":21,"column":null}},"18":{"start":{"line":23,"column":26},"end":{"line":29,"column":null}},"19":{"start":{"line":24,"column":4},"end":{"line":24,"column":null}},"20":{"start":{"line":25,"column":4},"end":{"line":28,"column":null}},"21":{"start":{"line":31,"column":23},"end":{"line":53,"column":null}},"22":{"start":{"line":32,"column":4},"end":{"line":39,"column":null}},"23":{"start":{"line":33,"column":6},"end":{"line":37,"column":null}},"24":{"start":{"line":38,"column":6},"end":{"line":38,"column":null}},"25":{"start":{"line":41,"column":30},"end":{"line":41,"column":null}},"26":{"start":{"line":41,"column":49},"end":{"line":41,"column":null}},"27":{"start":{"line":42,"column":19},"end":{"line":42,"column":null}},"28":{"start":{"line":43,"column":23},"end":{"line":43,"column":null}},"29":{"start":{"line":45,"column":4},"end":{"line":48,"column":null}},"30":{"start":{"line":51,"column":4},"end":{"line":51,"column":null}},"31":{"start":{"line":52,"column":4},"end":{"line":52,"column":null}},"32":{"start":{"line":55,"column":28},"end":{"line":55,"column":null}},"33":{"start":{"line":55,"column":47},"end":{"line":55,"column":null}},"34":{"start":{"line":56,"column":22},"end":{"line":56,"column":null}},"35":{"start":{"line":57,"column":21},"end":{"line":57,"column":null}},"36":{"start":{"line":94,"column":24},"end":{"line":95,"column":null}},"37":{"start":{"line":116,"column":24},"end":{"line":117,"column":null}},"38":{"start":{"line":136,"column":35},"end":{"line":136,"column":null}},"39":{"start":{"line":149,"column":35},"end":{"line":149,"column":null}},"40":{"start":{"line":183,"column":20},"end":{"line":184,"column":null}},"41":{"start":{"line":194,"column":18},"end":{"line":194,"column":41}},"42":{"start":{"line":205,"column":43},"end":{"line":205,"column":null}},"43":{"start":{"line":227,"column":41},"end":{"line":227,"column":null}}},"fnMap":{"0":{"name":"Faucet","decl":{"start":{"line":16,"column":24},"end":{"line":16,"column":null}},"loc":{"start":{"line":16,"column":24},"end":{"line":242,"column":null}}},"1":{"name":"(anonymous_2)","decl":{"start":{"line":23,"column":26},"end":{"line":23,"column":27}},"loc":{"start":{"line":23,"column":27},"end":{"line":29,"column":null}}},"2":{"name":"(anonymous_3)","decl":{"start":{"line":31,"column":23},"end":{"line":31,"column":null}},"loc":{"start":{"line":31,"column":23},"end":{"line":53,"column":null}}},"3":{"name":"(anonymous_4)","decl":{"start":{"line":41,"column":42},"end":{"line":41,"column":43}},"loc":{"start":{"line":41,"column":49},"end":{"line":41,"column":null}}},"4":{"name":"(anonymous_5)","decl":{"start":{"line":55,"column":40},"end":{"line":55,"column":41}},"loc":{"start":{"line":55,"column":47},"end":{"line":55,"column":null}}},"5":{"name":"(anonymous_6)","decl":{"start":{"line":93,"column":36},"end":{"line":93,"column":37}},"loc":{"start":{"line":94,"column":24},"end":{"line":95,"column":null}}},"6":{"name":"(anonymous_7)","decl":{"start":{"line":115,"column":34},"end":{"line":115,"column":35}},"loc":{"start":{"line":116,"column":24},"end":{"line":117,"column":null}}},"7":{"name":"(anonymous_8)","decl":{"start":{"line":136,"column":28},"end":{"line":136,"column":29}},"loc":{"start":{"line":136,"column":35},"end":{"line":136,"column":null}}},"8":{"name":"(anonymous_9)","decl":{"start":{"line":149,"column":28},"end":{"line":149,"column":29}},"loc":{"start":{"line":149,"column":35},"end":{"line":149,"column":null}}},"9":{"name":"(anonymous_10)","decl":{"start":{"line":182,"column":49},"end":{"line":182,"column":50}},"loc":{"start":{"line":183,"column":20},"end":{"line":184,"column":null}}},"10":{"name":"(anonymous_11)","decl":{"start":{"line":193,"column":50},"end":{"line":193,"column":51}},"loc":{"start":{"line":194,"column":18},"end":{"line":194,"column":41}}},"11":{"name":"(anonymous_12)","decl":{"start":{"line":205,"column":37},"end":{"line":205,"column":43}},"loc":{"start":{"line":205,"column":43},"end":{"line":205,"column":null}}},"12":{"name":"(anonymous_13)","decl":{"start":{"line":227,"column":35},"end":{"line":227,"column":41}},"loc":{"start":{"line":227,"column":41},"end":{"line":227,"column":null}}}},"branchMap":{"0":{"loc":{"start":{"line":32,"column":4},"end":{"line":39,"column":null}},"type":"if","locations":[{"start":{"line":32,"column":4},"end":{"line":39,"column":null}},{"start":{},"end":{}}]},"1":{"loc":{"start":{"line":42,"column":19},"end":{"line":42,"column":null}},"type":"binary-expr","locations":[{"start":{"line":42,"column":19},"end":{"line":42,"column":48}},{"start":{"line":42,"column":48},"end":{"line":42,"column":null}}]},"2":{"loc":{"start":{"line":43,"column":23},"end":{"line":43,"column":null}},"type":"binary-expr","locations":[{"start":{"line":43,"column":23},"end":{"line":43,"column":51}},{"start":{"line":43,"column":51},"end":{"line":43,"column":null}}]},"3":{"loc":{"start":{"line":56,"column":22},"end":{"line":56,"column":null}},"type":"binary-expr","locations":[{"start":{"line":56,"column":22},"end":{"line":56,"column":51}},{"start":{"line":56,"column":51},"end":{"line":56,"column":null}}]},"4":{"loc":{"start":{"line":57,"column":21},"end":{"line":57,"column":null}},"type":"binary-expr","locations":[{"start":{"line":57,"column":21},"end":{"line":57,"column":49}},{"start":{"line":57,"column":49},"end":{"line":57,"column":null}}]},"5":{"loc":{"start":{"line":199,"column":23},"end":{"line":199,"column":38}},"type":"binary-expr","locations":[{"start":{"line":199,"column":23},"end":{"line":199,"column":38}}]}},"s":{"0":0,"1":0,"2":0,"3":0,"4":0,"5":0,"6":0,"7":0,"8":0,"9":0,"10":0,"11":0,"12":0,"13":0,"14":0,"15":0,"16":0,"17":0,"18":0,"19":0,"20":0,"21":0,"22":0,"23":0,"24":0,"25":0,"26":0,"27":0,"28":0,"29":0,"30":0,"31":0,"32":0,"33":0,"34":0,"35":0,"36":0,"37":0,"38":0,"39":0,"40":0,"41":0,"42":0,"43":0},"f":{"0":0,"1":0,"2":0,"3":0,"4":0,"5":0,"6":0,"7":0,"8":0,"9":0,"10":0,"11":0,"12":0},"b":{"0":[0,0],"1":[0,0],"2":[0,0],"3":[0,0],"4":[0,0],"5":[0]}}
,"/Users/javier.toledo/Documents/projects/avalanche-console/app/icm-messenger/page.tsx": {"path":"/Users/javier.toledo/Documents/projects/avalanche-console/app/icm-messenger/page.tsx","statementMap":{"0":{"start":{"line":6,"column":24},"end":{"line":6,"column":null}},"1":{"start":{"line":3,"column":36},"end":{"line":3,"column":null}},"2":{"start":{"line":4,"column":27},"end":{"line":4,"column":null}}},"fnMap":{"0":{"name":"ICMMessengerPage","decl":{"start":{"line":6,"column":24},"end":{"line":6,"column":null}},"loc":{"start":{"line":6,"column":24},"end":{"line":23,"column":null}}}},"branchMap":{},"s":{"0":0,"1":0,"2":0},"f":{"0":0},"b":{}}
,"/Users/javier.toledo/Documents/projects/avalanche-console/app/ictt-token-manager/page.tsx": {"path":"/Users/javier.toledo/Documents/projects/avalanche-console/app/ictt-token-manager/page.tsx","statementMap":{"0":{"start":{"line":6,"column":24},"end":{"line":6,"column":null}},"1":{"start":{"line":3,"column":36},"end":{"line":3,"column":null}},"2":{"start":{"line":4,"column":27},"end":{"line":4,"column":null}}},"fnMap":{"0":{"name":"ICTTTokenManagerPage","decl":{"start":{"line":6,"column":24},"end":{"line":6,"column":null}},"loc":{"start":{"line":6,"column":24},"end":{"line":23,"column":null}}}},"branchMap":{},"s":{"0":0,"1":0,"2":0},"f":{"0":0},"b":{}}
,"/Users/javier.toledo/Documents/projects/avalanche-console/app/metrics-api/loading.tsx": {"path":"/Users/javier.toledo/Documents/projects/avalanche-console/app/metrics-api/loading.tsx","statementMap":{"0":{"start":{"line":3,"column":24},"end":{"line":3,"column":null}},"1":{"start":{"line":1,"column":25},"end":{"line":1,"column":null}}},"fnMap":{"0":{"name":"Loading","decl":{"start":{"line":3,"column":24},"end":{"line":3,"column":null}},"loc":{"start":{"line":3,"column":24},"end":{"line":36,"column":null}}}},"branchMap":{},"s":{"0":0,"1":0},"f":{"0":0},"b":{}}
,"/Users/javier.toledo/Documents/projects/avalanche-console/app/metrics-api/page.tsx": {"path":"/Users/javier.toledo/Documents/projects/avalanche-console/app/metrics-api/page.tsx","statementMap":{"0":{"start":{"line":13,"column":24},"end":{"line":13,"column":null}},"1":{"start":{"line":3,"column":32},"end":{"line":3,"column":null}},"2":{"start":{"line":4,"column":57},"end":{"line":4,"column":null}},"3":{"start":{"line":5,"column":57},"end":{"line":5,"column":null}},"4":{"start":{"line":6,"column":27},"end":{"line":6,"column":null}},"5":{"start":{"line":7,"column":36},"end":{"line":7,"column":null}},"6":{"start":{"line":9,"column":33},"end":{"line":9,"column":null}},"7":{"start":{"line":10,"column":66},"end":{"line":10,"column":null}},"8":{"start":{"line":11,"column":20},"end":{"line":11,"column":null}},"9":{"start":{"line":14,"column":36},"end":{"line":14,"column":null}},"10":{"start":{"line":82,"column":22},"end":{"line":83,"column":null}},"11":{"start":{"line":97,"column":20},"end":{"line":98,"column":null}},"12":{"start":{"line":152,"column":20},"end":{"line":152,"column":44}}},"fnMap":{"0":{"name":"MetricsAPIPage","decl":{"start":{"line":13,"column":24},"end":{"line":13,"column":null}},"loc":{"start":{"line":13,"column":24},"end":{"line":182,"column":null}}},"1":{"name":"(anonymous_5)","decl":{"start":{"line":81,"column":55},"end":{"line":81,"column":56}},"loc":{"start":{"line":82,"column":22},"end":{"line":83,"column":null}}},"2":{"name":"(anonymous_6)","decl":{"start":{"line":96,"column":53},"end":{"line":96,"column":54}},"loc":{"start":{"line":97,"column":20},"end":{"line":98,"column":null}}},"3":{"name":"(anonymous_7)","decl":{"start":{"line":151,"column":36},"end":{"line":151,"column":37}},"loc":{"start":{"line":152,"column":20},"end":{"line":152,"column":44}}}},"branchMap":{},"s":{"0":0,"1":0,"2":0,"3":0,"4":0,"5":0,"6":0,"7":0,"8":0,"9":0,"10":0,"11":0,"12":0},"f":{"0":0,"1":0,"2":0,"3":0},"b":{}}
,"/Users/javier.toledo/Documents/projects/avalanche-console/app/rpcs/page.tsx": {"path":"/Users/javier.toledo/Documents/projects/avalanche-console/app/rpcs/page.tsx","statementMap":{"0":{"start":{"line":102,"column":24},"end":{"line":102,"column":null}},"1":{"start":{"line":3,"column":25},"end":{"line":3,"column":null}},"2":{"start":{"line":4,"column":36},"end":{"line":4,"column":null}},"3":{"start":{"line":5,"column":23},"end":{"line":5,"column":null}},"4":{"start":{"line":6,"column":78},"end":{"line":6,"column":null}},"5":{"start":{"line":7,"column":22},"end":{"line":7,"column":null}},"6":{"start":{"line":8,"column":25},"end":{"line":8,"column":null}},"7":{"start":{"line":9,"column":22},"end":{"line":9,"column":null}},"8":{"start":{"line":10,"column":36},"end":{"line":10,"column":null}},"9":{"start":{"line":11,"column":26},"end":{"line":11,"column":null}},"10":{"start":{"line":12,"column":30},"end":{"line":12,"column":null}},"11":{"start":{"line":13,"column":27},"end":{"line":13,"column":null}},"12":{"start":{"line":14,"column":30},"end":{"line":14,"column":null}},"13":{"start":{"line":16,"column":18},"end":{"line":27,"column":null}},"14":{"start":{"line":29,"column":19},"end":{"line":100,"column":null}},"15":{"start":{"line":103,"column":46},"end":{"line":103,"column":null}},"16":{"start":{"line":104,"column":50},"end":{"line":104,"column":null}},"17":{"start":{"line":105,"column":42},"end":{"line":105,"column":null}},"18":{"start":{"line":106,"column":34},"end":{"line":106,"column":null}},"19":{"start":{"line":108,"column":37},"end":{"line":108,"column":null}},"20":{"start":{"line":110,"column":26},"end":{"line":116,"column":null}},"21":{"start":{"line":111,"column":4},"end":{"line":111,"column":null}},"22":{"start":{"line":112,"column":4},"end":{"line":115,"column":null}},"23":{"start":{"line":118,"column":25},"end":{"line":166,"column":null}},"24":{"start":{"line":119,"column":4},"end":{"line":126,"column":null}},"25":{"start":{"line":120,"column":6},"end":{"line":124,"column":null}},"26":{"start":{"line":125,"column":6},"end":{"line":125,"column":null}},"27":{"start":{"line":128,"column":19},"end":{"line":157,"column":null}},"28":{"start":{"line":129,"column":21},"end":{"line":129,"column":null}},"29":{"start":{"line":129,"column":42},"end":{"line":129,"column":null}},"30":{"start":{"line":130,"column":23},"end":{"line":130,"column":118}},"31":{"start":{"line":130,"column":43},"end":{"line":130,"column":93}},"32":{"start":{"line":133,"column":6},"end":{"line":141,"column":null}},"33":{"start":{"line":134,"column":8},"end":{"line":138,"column":null}},"34":{"start":{"line":135,"column":10},"end":{"line":135,"column":null}},"35":{"start":{"line":137,"column":10},"end":{"line":137,"column":null}},"36":{"start":{"line":140,"column":8},"end":{"line":140,"column":null}},"37":{"start":{"line":143,"column":23},"end":{"line":149,"column":null}},"38":{"start":{"line":151,"column":6},"end":{"line":153,"column":null}},"39":{"start":{"line":152,"column":8},"end":{"line":152,"column":null}},"40":{"start":{"line":155,"column":19},"end":{"line":155,"column":null}},"41":{"start":{"line":156,"column":6},"end":{"line":156,"column":null}},"42":{"start":{"line":159,"column":4},"end":{"line":165,"column":null}},"43":{"start":{"line":160,"column":6},"end":{"line":160,"column":null}},"44":{"start":{"line":161,"column":6},"end":{"line":164,"column":null}},"45":{"start":{"line":193,"column":14},"end":{"line":193,"column":39}},"46":{"start":{"line":205,"column":41},"end":{"line":205,"column":null}},"47":{"start":{"line":219,"column":41},"end":{"line":219,"column":null}},"48":{"start":{"line":262,"column":26},"end":{"line":262,"column":57}},"49":{"start":{"line":276,"column":43},"end":{"line":276,"column":72}},"50":{"start":{"line":290,"column":39},"end":{"line":290,"column":null}},"51":{"start":{"line":290,"column":60},"end":{"line":290,"column":null}},"52":{"start":{"line":291,"column":41},"end":{"line":291,"column":136}},"53":{"start":{"line":291,"column":61},"end":{"line":291,"column":111}},"54":{"start":{"line":292,"column":44},"end":{"line":292,"column":null}},"55":{"start":{"line":293,"column":44},"end":{"line":295,"column":20}},"56":{"start":{"line":296,"column":24},"end":{"line":296,"column":null}},"57":{"start":{"line":306,"column":39},"end":{"line":306,"column":null}},"58":{"start":{"line":306,"column":60},"end":{"line":306,"column":null}},"59":{"start":{"line":307,"column":41},"end":{"line":307,"column":136}},"60":{"start":{"line":307,"column":61},"end":{"line":307,"column":111}},"61":{"start":{"line":308,"column":44},"end":{"line":308,"column":null}},"62":{"start":{"line":309,"column":24},"end":{"line":311,"column":null}},"63":{"start":{"line":322,"column":66},"end":{"line":322,"column":95}},"64":{"start":{"line":324,"column":77},"end":{"line":324,"column":null}},"65":{"start":{"line":350,"column":35},"end":{"line":350,"column":null}}},"fnMap":{"0":{"name":"RPCsPage","decl":{"start":{"line":102,"column":24},"end":{"line":102,"column":null}},"loc":{"start":{"line":102,"column":24},"end":{"line":385,"column":null}}},"1":{"name":"(anonymous_2)","decl":{"start":{"line":110,"column":26},"end":{"line":110,"column":27}},"loc":{"start":{"line":110,"column":27},"end":{"line":116,"column":null}}},"2":{"name":"(anonymous_3)","decl":{"start":{"line":118,"column":25},"end":{"line":118,"column":null}},"loc":{"start":{"line":118,"column":25},"end":{"line":166,"column":null}}},"3":{"name":"(anonymous_4)","decl":{"start":{"line":128,"column":37},"end":{"line":128,"column":null}},"loc":{"start":{"line":128,"column":37},"end":{"line":157,"column":null}}},"4":{"name":"(anonymous_5)","decl":{"start":{"line":129,"column":37},"end":{"line":129,"column":42}},"loc":{"start":{"line":129,"column":42},"end":{"line":129,"column":null}}},"5":{"name":"(anonymous_6)","decl":{"start":{"line":130,"column":38},"end":{"line":130,"column":43}},"loc":{"start":{"line":130,"column":43},"end":{"line":130,"column":93}}},"6":{"name":"(anonymous_7)","decl":{"start":{"line":192,"column":27},"end":{"line":192,"column":28}},"loc":{"start":{"line":193,"column":14},"end":{"line":193,"column":39}}},"7":{"name":"(anonymous_8)","decl":{"start":{"line":205,"column":35},"end":{"line":205,"column":41}},"loc":{"start":{"line":205,"column":41},"end":{"line":205,"column":null}}},"8":{"name":"(anonymous_9)","decl":{"start":{"line":219,"column":35},"end":{"line":219,"column":41}},"loc":{"start":{"line":219,"column":41},"end":{"line":219,"column":null}}},"9":{"name":"(anonymous_10)","decl":{"start":{"line":261,"column":40},"end":{"line":261,"column":41}},"loc":{"start":{"line":262,"column":26},"end":{"line":262,"column":57}}},"10":{"name":"(anonymous_11)","decl":{"start":{"line":276,"column":38},"end":{"line":276,"column":43}},"loc":{"start":{"line":276,"column":43},"end":{"line":276,"column":72}}},"11":{"name":"(anonymous_12)","decl":{"start":{"line":289,"column":31},"end":{"line":289,"column":null}},"loc":{"start":{"line":289,"column":31},"end":{"line":297,"column":null}}},"12":{"name":"(anonymous_13)","decl":{"start":{"line":290,"column":55},"end":{"line":290,"column":60}},"loc":{"start":{"line":290,"column":60},"end":{"line":290,"column":null}}},"13":{"name":"(anonymous_14)","decl":{"start":{"line":291,"column":56},"end":{"line":291,"column":61}},"loc":{"start":{"line":291,"column":61},"end":{"line":291,"column":111}}},"14":{"name":"(anonymous_15)","decl":{"start":{"line":305,"column":24},"end":{"line":305,"column":null}},"loc":{"start":{"line":305,"column":24},"end":{"line":312,"column":null}}},"15":{"name":"(anonymous_16)","decl":{"start":{"line":306,"column":55},"end":{"line":306,"column":60}},"loc":{"start":{"line":306,"column":60},"end":{"line":306,"column":null}}},"16":{"name":"(anonymous_17)","decl":{"start":{"line":307,"column":56},"end":{"line":307,"column":61}},"loc":{"start":{"line":307,"column":61},"end":{"line":307,"column":111}}},"17":{"name":"(anonymous_18)","decl":{"start":{"line":322,"column":61},"end":{"line":322,"column":66}},"loc":{"start":{"line":322,"column":66},"end":{"line":322,"column":95}}},"18":{"name":"(anonymous_19)","decl":{"start":{"line":324,"column":30},"end":{"line":324,"column":31}},"loc":{"start":{"line":324,"column":77},"end":{"line":324,"column":null}}},"19":{"name":"(anonymous_20)","decl":{"start":{"line":350,"column":29},"end":{"line":350,"column":35}},"loc":{"start":{"line":350,"column":35},"end":{"line":350,"column":null}}}},"branchMap":{"0":{"loc":{"start":{"line":119,"column":4},"end":{"line":126,"column":null}},"type":"if","locations":[{"start":{"line":119,"column":4},"end":{"line":126,"column":null}},{"start":{},"end":{}}]},"1":{"loc":{"start":{"line":130,"column":23},"end":{"line":130,"column":118}},"type":"binary-expr","locations":[{"start":{"line":130,"column":23},"end":{"line":130,"column":101}},{"start":{"line":130,"column":101},"end":{"line":130,"column":118}}]},"2":{"loc":{"start":{"line":133,"column":6},"end":{"line":141,"column":null}},"type":"if","locations":[{"start":{"line":133,"column":6},"end":{"line":141,"column":null}},{"start":{"line":139,"column":13},"end":{"line":141,"column":null}}]},"3":{"loc":{"start":{"line":140,"column":33},"end":{"line":140,"column":null}},"type":"binary-expr","locations":[{"start":{"line":140,"column":33},"end":{"line":140,"column":52}},{"start":{"line":140,"column":52},"end":{"line":140,"column":null}}]},"4":{"loc":{"start":{"line":151,"column":6},"end":{"line":153,"column":null}},"type":"if","locations":[{"start":{"line":151,"column":6},"end":{"line":153,"column":null}},{"start":{},"end":{}}]},"5":{"loc":{"start":{"line":159,"column":4},"end":{"line":165,"column":null}},"type":"if","locations":[{"start":{"line":159,"column":4},"end":{"line":165,"column":null}},{"start":{},"end":{}}]},"6":{"loc":{"start":{"line":275,"column":21},"end":{"line":277,"column":null}},"type":"cond-expr","locations":[{"start":{"line":276,"column":22},"end":{"line":276,"column":null}},{"start":{"line":277,"column":22},"end":{"line":277,"column":null}}]},"7":{"loc":{"start":{"line":291,"column":41},"end":{"line":291,"column":136}},"type":"binary-expr","locations":[{"start":{"line":291,"column":41},"end":{"line":291,"column":119}},{"start":{"line":291,"column":119},"end":{"line":291,"column":136}}]},"8":{"loc":{"start":{"line":292,"column":44},"end":{"line":292,"column":null}},"type":"cond-expr","locations":[{"start":{"line":292,"column":66},"end":{"line":292,"column":81}},{"start":{"line":292,"column":81},"end":{"line":292,"column":null}}]},"9":{"loc":{"start":{"line":292,"column":81},"end":{"line":292,"column":null}},"type":"binary-expr","locations":[{"start":{"line":292,"column":81},"end":{"line":292,"column":100}},{"start":{"line":292,"column":100},"end":{"line":292,"column":null}}]},"10":{"loc":{"start":{"line":307,"column":41},"end":{"line":307,"column":136}},"type":"binary-expr","locations":[{"start":{"line":307,"column":41},"end":{"line":307,"column":119}},{"start":{"line":307,"column":119},"end":{"line":307,"column":136}}]},"11":{"loc":{"start":{"line":308,"column":44},"end":{"line":308,"column":null}},"type":"cond-expr","locations":[{"start":{"line":308,"column":66},"end":{"line":308,"column":81}},{"start":{"line":308,"column":81},"end":{"line":308,"column":null}}]},"12":{"loc":{"start":{"line":308,"column":81},"end":{"line":308,"column":null}},"type":"binary-expr","locations":[{"start":{"line":308,"column":81},"end":{"line":308,"column":100}},{"start":{"line":308,"column":100},"end":{"line":308,"column":null}}]},"13":{"loc":{"start":{"line":322,"column":45},"end":{"line":322,"column":166}},"type":"binary-expr","locations":[{"start":{"line":322,"column":45},"end":{"line":322,"column":106}},{"start":{"line":322,"column":106},"end":{"line":322,"column":166}}]},"14":{"loc":{"start":{"line":337,"column":30},"end":{"line":337,"column":null}},"type":"binary-expr","locations":[{"start":{"line":337,"column":30},"end":{"line":337,"column":43}},{"start":{"line":337,"column":43},"end":{"line":337,"column":null}}]},"15":{"loc":{"start":{"line":341,"column":22},"end":{"line":343,"column":23}},"type":"cond-expr","locations":[{"start":{"line":341,"column":22},"end":{"line":343,"column":23}}]},"16":{"loc":{"start":{"line":345,"column":21},"end":{"line":345,"column":null}},"type":"cond-expr","locations":[{"start":{"line":345,"column":33},"end":{"line":345,"column":50}},{"start":{"line":345,"column":50},"end":{"line":345,"column":null}}]},"17":{"loc":{"start":{"line":363,"column":22},"end":{"line":367,"column":null}},"type":"cond-expr","locations":[{"start":{"line":363,"column":22},"end":{"line":367,"column":null}}]},"18":{"loc":{"start":{"line":368,"column":22},"end":{"line":372,"column":23}},"type":"cond-expr","locations":[{"start":{"line":368,"column":22},"end":{"line":372,"column":23}}]}},"s":{"0":0,"1":0,"2":0,"3":0,"4":0,"5":0,"6":0,"7":0,"8":0,"9":0,"10":0,"11":0,"12":0,"13":0,"14":0,"15":0,"16":0,"17":0,"18":0,"19":0,"20":0,"21":0,"22":0,"23":0,"24":0,"25":0,"26":0,"27":0,"28":0,"29":0,"30":0,"31":0,"32":0,"33":0,"34":0,"35":0,"36":0,"37":0,"38":0,"39":0,"40":0,"41":0,"42":0,"43":0,"44":0,"45":0,"46":0,"47":0,"48":0,"49":0,"50":0,"51":0,"52":0,"53":0,"54":0,"55":0,"56":0,"57":0,"58":0,"59":0,"60":0,"61":0,"62":0,"63":0,"64":0,"65":0},"f":{"0":0,"1":0,"2":0,"3":0,"4":0,"5":0,"6":0,"7":0,"8":0,"9":0,"10":0,"11":0,"12":0,"13":0,"14":0,"15":0,"16":0,"17":0,"18":0,"19":0},"b":{"0":[0,0],"1":[0,0],"2":[0,0],"3":[0,0],"4":[0,0],"5":[0,0],"6":[0,0],"7":[0,0],"8":[0,0],"9":[0,0],"10":[0,0],"11":[0,0],"12":[0,0],"13":[0,0],"14":[0,0],"15":[0],"16":[0,0],"17":[0],"18":[0]}}
,"/Users/javier.toledo/Documents/projects/avalanche-console/app/webhooks-api/loading.tsx": {"path":"/Users/javier.toledo/Documents/projects/avalanche-console/app/webhooks-api/loading.tsx","statementMap":{"0":{"start":{"line":3,"column":24},"end":{"line":3,"column":null}},"1":{"start":{"line":1,"column":25},"end":{"line":1,"column":null}},"2":{"start":{"line":35,"column":14},"end":{"line":35,"column":27}}},"fnMap":{"0":{"name":"Loading","decl":{"start":{"line":3,"column":24},"end":{"line":3,"column":null}},"loc":{"start":{"line":3,"column":24},"end":{"line":54,"column":null}}},"1":{"name":"(anonymous_2)","decl":{"start":{"line":34,"column":30},"end":{"line":34,"column":31}},"loc":{"start":{"line":35,"column":14},"end":{"line":35,"column":27}}}},"branchMap":{},"s":{"0":0,"1":0,"2":0},"f":{"0":0,"1":0},"b":{}}
,"/Users/javier.toledo/Documents/projects/avalanche-console/app/webhooks-api/page.tsx": {"path":"/Users/javier.toledo/Documents/projects/avalanche-console/app/webhooks-api/page.tsx","statementMap":{"0":{"start":{"line":114,"column":24},"end":{"line":114,"column":null}},"1":{"start":{"line":3,"column":25},"end":{"line":3,"column":null}},"2":{"start":{"line":4,"column":68},"end":{"line":4,"column":null}},"3":{"start":{"line":5,"column":23},"end":{"line":5,"column":null}},"4":{"start":{"line":6,"column":78},"end":{"line":6,"column":null}},"5":{"start":{"line":7,"column":57},"end":{"line":7,"column":null}},"6":{"start":{"line":8,"column":65},"end":{"line":8,"column":null}},"7":{"start":{"line":9,"column":22},"end":{"line":9,"column":null}},"8":{"start":{"line":10,"column":22},"end":{"line":10,"column":null}},"9":{"start":{"line":11,"column":78},"end":{"line":11,"column":null}},"10":{"start":{"line":12,"column":25},"end":{"line":12,"column":null}},"11":{"start":{"line":13,"column":22},"end":{"line":13,"column":null}},"12":{"start":{"line":14,"column":23},"end":{"line":14,"column":null}},"13":{"start":{"line":15,"column":43},"end":{"line":15,"column":null}},"14":{"start":{"line":16,"column":22},"end":{"line":16,"column":null}},"15":{"start":{"line":17,"column":34},"end":{"line":17,"column":null}},"16":{"start":{"line":18,"column":36},"end":{"line":18,"column":null}},"17":{"start":{"line":19,"column":32},"end":{"line":19,"column":null}},"18":{"start":{"line":21,"column":15},"end":{"line":26,"column":null}},"19":{"start":{"line":28,"column":19},"end":{"line":34,"column":null}},"20":{"start":{"line":36,"column":24},"end":{"line":82,"column":null}},"21":{"start":{"line":84,"column":21},"end":{"line":112,"column":null}},"22":{"start":{"line":115,"column":36},"end":{"line":115,"column":null}},"23":{"start":{"line":116,"column":48},"end":{"line":116,"column":null}},"24":{"start":{"line":117,"column":42},"end":{"line":117,"column":null}},"25":{"start":{"line":118,"column":52},"end":{"line":118,"column":null}},"26":{"start":{"line":121,"column":32},"end":{"line":121,"column":null}},"27":{"start":{"line":122,"column":44},"end":{"line":122,"column":null}},"28":{"start":{"line":123,"column":38},"end":{"line":123,"column":null}},"29":{"start":{"line":124,"column":40},"end":{"line":124,"column":null}},"30":{"start":{"line":125,"column":52},"end":{"line":125,"column":null}},"31":{"start":{"line":126,"column":40},"end":{"line":126,"column":null}},"32":{"start":{"line":128,"column":26},"end":{"line":134,"column":null}},"33":{"start":{"line":129,"column":4},"end":{"line":129,"column":null}},"34":{"start":{"line":130,"column":4},"end":{"line":133,"column":null}},"35":{"start":{"line":136,"column":24},"end":{"line":145,"column":null}},"36":{"start":{"line":137,"column":4},"end":{"line":144,"column":null}},"37":{"start":{"line":147,"column":27},"end":{"line":147,"column":null}},"38":{"start":{"line":147,"column":90},"end":{"line":147,"column":null}},"39":{"start":{"line":172,"column":27},"end":{"line":172,"column":null}},"40":{"start":{"line":177,"column":27},"end":{"line":177,"column":null}},"41":{"start":{"line":234,"column":73},"end":{"line":234,"column":null}},"42":{"start":{"line":269,"column":28},"end":{"line":270,"column":null}},"43":{"start":{"line":297,"column":28},"end":{"line":298,"column":null}},"44":{"start":{"line":355,"column":20},"end":{"line":355,"column":43}},"45":{"start":{"line":427,"column":28},"end":{"line":427,"column":58}},"46":{"start":{"line":445,"column":28},"end":{"line":445,"column":57}},"47":{"start":{"line":460,"column":76},"end":{"line":460,"column":null}},"48":{"start":{"line":472,"column":76},"end":{"line":472,"column":null}},"49":{"start":{"line":495,"column":77},"end":{"line":495,"column":null}},"50":{"start":{"line":515,"column":50},"end":{"line":515,"column":null}},"51":{"start":{"line":533,"column":63},"end":{"line":533,"column":90}},"52":{"start":{"line":558,"column":69},"end":{"line":558,"column":104}}},"fnMap":{"0":{"name":"WebhooksAPIPage","decl":{"start":{"line":114,"column":24},"end":{"line":114,"column":null}},"loc":{"start":{"line":114,"column":24},"end":{"line":569,"column":null}}},"1":{"name":"(anonymous_2)","decl":{"start":{"line":128,"column":26},"end":{"line":128,"column":27}},"loc":{"start":{"line":128,"column":27},"end":{"line":134,"column":null}}},"2":{"name":"(anonymous_3)","decl":{"start":{"line":136,"column":24},"end":{"line":136,"column":25}},"loc":{"start":{"line":136,"column":25},"end":{"line":145,"column":null}}},"3":{"name":"(anonymous_4)","decl":{"start":{"line":147,"column":83},"end":{"line":147,"column":84}},"loc":{"start":{"line":147,"column":90},"end":{"line":147,"column":null}}},"4":{"name":"(anonymous_5)","decl":{"start":{"line":172,"column":21},"end":{"line":172,"column":27}},"loc":{"start":{"line":172,"column":27},"end":{"line":172,"column":null}}},"5":{"name":"(anonymous_6)","decl":{"start":{"line":177,"column":21},"end":{"line":177,"column":27}},"loc":{"start":{"line":177,"column":27},"end":{"line":177,"column":null}}},"6":{"name":"(anonymous_9)","decl":{"start":{"line":234,"column":67},"end":{"line":234,"column":73}},"loc":{"start":{"line":234,"column":73},"end":{"line":234,"column":null}}},"7":{"name":"(anonymous_13)","decl":{"start":{"line":268,"column":53},"end":{"line":268,"column":54}},"loc":{"start":{"line":269,"column":28},"end":{"line":270,"column":null}}},"8":{"name":"(anonymous_15)","decl":{"start":{"line":296,"column":59},"end":{"line":296,"column":60}},"loc":{"start":{"line":297,"column":28},"end":{"line":298,"column":null}}},"9":{"name":"(anonymous_17)","decl":{"start":{"line":354,"column":36},"end":{"line":354,"column":37}},"loc":{"start":{"line":355,"column":20},"end":{"line":355,"column":43}}},"10":{"name":"(anonymous_18)","decl":{"start":{"line":426,"column":38},"end":{"line":426,"column":39}},"loc":{"start":{"line":427,"column":28},"end":{"line":427,"column":58}}},"11":{"name":"(anonymous_19)","decl":{"start":{"line":444,"column":42},"end":{"line":444,"column":43}},"loc":{"start":{"line":445,"column":28},"end":{"line":445,"column":57}}},"12":{"name":"(anonymous_20)","decl":{"start":{"line":460,"column":32},"end":{"line":460,"column":33}},"loc":{"start":{"line":460,"column":76},"end":{"line":460,"column":null}}},"13":{"name":"(anonymous_21)","decl":{"start":{"line":472,"column":32},"end":{"line":472,"column":33}},"loc":{"start":{"line":472,"column":76},"end":{"line":472,"column":null}}},"14":{"name":"(anonymous_22)","decl":{"start":{"line":495,"column":37},"end":{"line":495,"column":38}},"loc":{"start":{"line":495,"column":77},"end":{"line":495,"column":null}}},"15":{"name":"(anonymous_23)","decl":{"start":{"line":515,"column":37},"end":{"line":515,"column":38}},"loc":{"start":{"line":515,"column":50},"end":{"line":515,"column":null}}},"16":{"name":"(anonymous_24)","decl":{"start":{"line":533,"column":57},"end":{"line":533,"column":63}},"loc":{"start":{"line":533,"column":63},"end":{"line":533,"column":90}}},"17":{"name":"(anonymous_25)","decl":{"start":{"line":558,"column":63},"end":{"line":558,"column":69}},"loc":{"start":{"line":558,"column":69},"end":{"line":558,"column":104}}}},"branchMap":{"0":{"loc":{"start":{"line":147,"column":27},"end":{"line":147,"column":null}},"type":"cond-expr","locations":[{"start":{"line":147,"column":42},"end":{"line":147,"column":60}},{"start":{"line":147,"column":60},"end":{"line":147,"column":null}}]},"1":{"loc":{"start":{"line":221,"column":36},"end":{"line":221,"column":83}},"type":"cond-expr","locations":[{"start":{"line":221,"column":58},"end":{"line":221,"column":70}},{"start":{"line":221,"column":70},"end":{"line":221,"column":83}}]},"2":{"loc":{"start":{"line":267,"column":24},"end":{"line":283,"column":25}},"type":"cond-expr","locations":[{"start":{"line":267,"column":24},"end":{"line":283,"column":25}}]},"3":{"loc":{"start":{"line":276,"column":27},"end":{"line":276,"column":null}},"type":"binary-expr","locations":[{"start":{"line":276,"column":27},"end":{"line":276,"column":null}}]},"4":{"loc":{"start":{"line":295,"column":24},"end":{"line":311,"column":25}},"type":"cond-expr","locations":[{"start":{"line":295,"column":24},"end":{"line":311,"column":25}}]},"5":{"loc":{"start":{"line":304,"column":27},"end":{"line":304,"column":null}},"type":"binary-expr","locations":[{"start":{"line":304,"column":27},"end":{"line":304,"column":null}}]},"6":{"loc":{"start":{"line":370,"column":40},"end":{"line":370,"column":94}},"type":"cond-expr","locations":[{"start":{"line":370,"column":67},"end":{"line":370,"column":79}},{"start":{"line":370,"column":79},"end":{"line":370,"column":94}}]}},"s":{"0":0,"1":0,"2":0,"3":0,"4":0,"5":0,"6":0,"7":0,"8":0,"9":0,"10":0,"11":0,"12":0,"13":0,"14":0,"15":0,"16":0,"17":0,"18":0,"19":0,"20":0,"21":0,"22":0,"23":0,"24":0,"25":0,"26":0,"27":0,"28":0,"29":0,"30":0,"31":0,"32":0,"33":0,"34":0,"35":0,"36":0,"37":0,"38":0,"39":0,"40":0,"41":0,"42":0,"43":0,"44":0,"45":0,"46":0,"47":0,"48":0,"49":0,"50":0,"51":0,"52":0},"f":{"0":0,"1":0,"2":0,"3":0,"4":0,"5":0,"6":0,"7":0,"8":0,"9":0,"10":0,"11":0,"12":0,"13":0,"14":0,"15":0,"16":0,"17":0},"b":{"0":[0,0],"1":[0,0],"2":[0],"3":[0],"4":[0],"5":[0],"6":[0,0]}}
,"/Users/javier.toledo/Documents/projects/avalanche-console/components/theme-provider.tsx": {"path":"/Users/javier.toledo/Documents/projects/avalanche-console/components/theme-provider.tsx","statementMap":{"0":{"start":{"line":5,"column":16},"end":{"line":5,"column":30}},"1":{"start":{"line":2,"column":52},"end":{"line":2,"column":null}}},"fnMap":{"0":{"name":"ThemeProvider","decl":{"start":{"line":5,"column":16},"end":{"line":5,"column":30}},"loc":{"start":{"line":5,"column":72},"end":{"line":7,"column":null}}}},"branchMap":{},"s":{"0":0,"1":0},"f":{"0":0},"b":{}}
,"/Users/javier.toledo/Documents/projects/avalanche-console/components/theme-toggle.tsx": {"path":"/Users/javier.toledo/Documents/projects/avalanche-console/components/theme-toggle.tsx","statementMap":{"0":{"start":{"line":12,"column":16},"end":{"line":12,"column":28}},"1":{"start":{"line":2,"column":26},"end":{"line":2,"column":null}},"2":{"start":{"line":3,"column":25},"end":{"line":3,"column":null}},"3":{"start":{"line":4,"column":19},"end":{"line":4,"column":null}},"4":{"start":{"line":6,"column":23},"end":{"line":6,"column":null}},"5":{"start":{"line":13,"column":30},"end":{"line":13,"column":null}},"6":{"start":{"line":19,"column":21},"end":{"line":19,"column":null}}},"fnMap":{"0":{"name":"ThemeToggle","decl":{"start":{"line":12,"column":16},"end":{"line":12,"column":28}},"loc":{"start":{"line":12,"column":59},"end":{"line":27,"column":null}}},"1":{"name":"(anonymous_2)","decl":{"start":{"line":19,"column":15},"end":{"line":19,"column":21}},"loc":{"start":{"line":19,"column":21},"end":{"line":19,"column":null}}}},"branchMap":{"0":{"loc":{"start":{"line":19,"column":30},"end":{"line":19,"column":null}},"type":"cond-expr","locations":[{"start":{"line":19,"column":50},"end":{"line":19,"column":59}},{"start":{"line":19,"column":59},"end":{"line":19,"column":null}}]}},"s":{"0":0,"1":0,"2":0,"3":0,"4":0,"5":0,"6":0},"f":{"0":0,"1":0},"b":{"0":[0,0]}}
,"/Users/javier.toledo/Documents/projects/avalanche-console/components/charts/AreaChart.tsx": {"path":"/Users/javier.toledo/Documents/projects/avalanche-console/components/charts/AreaChart.tsx","statementMap":{"0":{"start":{"line":32,"column":0},"end":{"line":32,"column":15}},"1":{"start":{"line":1,"column":18},"end":{"line":1,"column":null}},"2":{"start":{"line":2,"column":82},"end":{"line":2,"column":null}},"3":{"start":{"line":32,"column":15},"end":{"line":32,"column":null}}},"fnMap":{},"branchMap":{},"s":{"0":0,"1":0,"2":0,"3":0},"f":{},"b":{}}
,"/Users/javier.toledo/Documents/projects/avalanche-console/components/charts/PieChart.tsx": {"path":"/Users/javier.toledo/Documents/projects/avalanche-console/components/charts/PieChart.tsx","statementMap":{"0":{"start":{"line":32,"column":0},"end":{"line":32,"column":15}},"1":{"start":{"line":1,"column":18},"end":{"line":1,"column":null}},"2":{"start":{"line":2,"column":56},"end":{"line":2,"column":null}},"3":{"start":{"line":26,"column":8},"end":{"line":26,"column":36}},"4":{"start":{"line":32,"column":15},"end":{"line":32,"column":null}}},"fnMap":{"0":{"name":"(anonymous_3)","decl":{"start":{"line":25,"column":16},"end":{"line":25,"column":17}},"loc":{"start":{"line":26,"column":8},"end":{"line":26,"column":36}}}},"branchMap":{},"s":{"0":0,"1":0,"2":0,"3":0,"4":0},"f":{"0":0},"b":{}}
,"/Users/javier.toledo/Documents/projects/avalanche-console/components/common/CopyButton.tsx": {"path":"/Users/javier.toledo/Documents/projects/avalanche-console/components/common/CopyButton.tsx","statementMap":{"0":{"start":{"line":13,"column":16},"end":{"line":13,"column":27}},"1":{"start":{"line":1,"column":21},"end":{"line":1,"column":null}},"2":{"start":{"line":2,"column":23},"end":{"line":2,"column":null}},"3":{"start":{"line":3,"column":22},"end":{"line":3,"column":null}},"4":{"start":{"line":20,"column":26},"end":{"line":34,"column":null}},"5":{"start":{"line":21,"column":4},"end":{"line":33,"column":null}},"6":{"start":{"line":22,"column":6},"end":{"line":22,"column":null}},"7":{"start":{"line":23,"column":6},"end":{"line":26,"column":null}},"8":{"start":{"line":28,"column":6},"end":{"line":32,"column":null}}},"fnMap":{"0":{"name":"CopyButton","decl":{"start":{"line":13,"column":16},"end":{"line":13,"column":27}},"loc":{"start":{"line":19,"column":18},"end":{"line":47,"column":null}}},"1":{"name":"(anonymous_2)","decl":{"start":{"line":20,"column":26},"end":{"line":20,"column":null}},"loc":{"start":{"line":20,"column":26},"end":{"line":34,"column":null}}}},"branchMap":{"0":{"loc":{"start":{"line":15,"column":2},"end":{"line":15,"column":19}},"type":"default-arg","locations":[{"start":{"line":15,"column":12},"end":{"line":15,"column":19}}]},"1":{"loc":{"start":{"line":16,"column":2},"end":{"line":16,"column":13}},"type":"default-arg","locations":[{"start":{"line":16,"column":9},"end":{"line":16,"column":13}}]},"2":{"loc":{"start":{"line":18,"column":2},"end":{"line":18,"column":40}},"type":"default-arg","locations":[{"start":{"line":18,"column":19},"end":{"line":18,"column":40}}]}},"s":{"0":7,"1":1,"2":1,"3":1,"4":7,"5":3,"6":3,"7":2,"8":1},"f":{"0":7,"1":3},"b":{"0":[5],"1":[7],"2":[6]}}
,"/Users/javier.toledo/Documents/projects/avalanche-console/components/common/OptimizedImage.tsx": {"path":"/Users/javier.toledo/Documents/projects/avalanche-console/components/common/OptimizedImage.tsx","statementMap":{"0":{"start":{"line":9,"column":16},"end":{"line":9,"column":31}},"1":{"start":{"line":1,"column":34},"end":{"line":1,"column":null}},"2":{"start":{"line":2,"column":25},"end":{"line":2,"column":null}},"3":{"start":{"line":3,"column":19},"end":{"line":3,"column":null}},"4":{"start":{"line":16,"column":36},"end":{"line":16,"column":null}},"5":{"start":{"line":17,"column":34},"end":{"line":17,"column":null}},"6":{"start":{"line":29,"column":33},"end":{"line":29,"column":null}},"7":{"start":{"line":31,"column":10},"end":{"line":31,"column":null}},"8":{"start":{"line":32,"column":10},"end":{"line":32,"column":null}}},"fnMap":{"0":{"name":"OptimizedImage","decl":{"start":{"line":9,"column":16},"end":{"line":9,"column":31}},"loc":{"start":{"line":15,"column":22},"end":{"line":38,"column":null}}},"1":{"name":"(anonymous_3)","decl":{"start":{"line":29,"column":27},"end":{"line":29,"column":33}},"loc":{"start":{"line":29,"column":33},"end":{"line":29,"column":null}}},"2":{"name":"(anonymous_4)","decl":{"start":{"line":30,"column":17},"end":{"line":30,"column":null}},"loc":{"start":{"line":30,"column":17},"end":{"line":33,"column":null}}}},"branchMap":{"0":{"loc":{"start":{"line":13,"column":2},"end":{"line":13,"column":31}},"type":"default-arg","locations":[{"start":{"line":13,"column":13},"end":{"line":13,"column":31}}]},"1":{"loc":{"start":{"line":22,"column":13},"end":{"line":22,"column":null}},"type":"cond-expr","locations":[{"start":{"line":22,"column":24},"end":{"line":22,"column":35}},{"start":{"line":22,"column":35},"end":{"line":22,"column":null}}]},"2":{"loc":{"start":{"line":26,"column":10},"end":{"line":26,"column":null}},"type":"cond-expr","locations":[{"start":{"line":26,"column":22},"end":{"line":26,"column":55}},{"start":{"line":26,"column":55},"end":{"line":26,"column":null}}]}},"s":{"0":0,"1":0,"2":0,"3":0,"4":0,"5":0,"6":0,"7":0,"8":0},"f":{"0":0,"1":0,"2":0},"b":{"0":[0],"1":[0,0],"2":[0,0]}}
,"/Users/javier.toledo/Documents/projects/avalanche-console/components/common/ReactBestPracticesDemo.tsx": {"path":"/Users/javier.toledo/Documents/projects/avalanche-console/components/common/ReactBestPracticesDemo.tsx","statementMap":{"0":{"start":{"line":261,"column":0},"end":{"line":261,"column":15}},"1":{"start":{"line":15,"column":60},"end":{"line":15,"column":null}},"2":{"start":{"line":16,"column":23},"end":{"line":16,"column":null}},"3":{"start":{"line":17,"column":57},"end":{"line":17,"column":null}},"4":{"start":{"line":18,"column":22},"end":{"line":18,"column":null}},"5":{"start":{"line":19,"column":52},"end":{"line":19,"column":null}},"6":{"start":{"line":20,"column":31},"end":{"line":20,"column":null}},"7":{"start":{"line":21,"column":29},"end":{"line":21,"column":null}},"8":{"start":{"line":22,"column":34},"end":{"line":22,"column":null}},"9":{"start":{"line":38,"column":39},"end":{"line":81,"column":null}},"10":{"start":{"line":83,"column":24},"end":{"line":88,"column":null}},"11":{"start":{"line":91,"column":25},"end":{"line":123,"column":null}},"12":{"start":{"line":126,"column":31},"end":{"line":258,"column":null}},"13":{"start":{"line":129,"column":30},"end":{"line":129,"column":null}},"14":{"start":{"line":130,"column":36},"end":{"line":130,"column":null}},"15":{"start":{"line":133,"column":25},"end":{"line":133,"column":null}},"16":{"start":{"line":136,"column":28},"end":{"line":139,"column":null}},"17":{"start":{"line":137,"column":4},"end":{"line":137,"column":null}},"18":{"start":{"line":137,"column":26},"end":{"line":137,"column":null}},"19":{"start":{"line":138,"column":4},"end":{"line":138,"column":null}},"20":{"start":{"line":138,"column":45},"end":{"line":138,"column":null}},"21":{"start":{"line":142,"column":16},"end":{"line":148,"column":null}},"22":{"start":{"line":143,"column":18},"end":{"line":143,"column":39}},"23":{"start":{"line":144,"column":24},"end":{"line":144,"column":72}},"24":{"start":{"line":144,"column":51},"end":{"line":144,"column":64}},"25":{"start":{"line":145,"column":23},"end":{"line":145,"column":null}},"26":{"start":{"line":147,"column":4},"end":{"line":147,"column":null}},"27":{"start":{"line":151,"column":29},"end":{"line":153,"column":null}},"28":{"start":{"line":152,"column":4},"end":{"line":152,"column":null}},"29":{"start":{"line":155,"column":32},"end":{"line":163,"column":null}},"30":{"start":{"line":156,"column":4},"end":{"line":156,"column":null}},"31":{"start":{"line":159,"column":4},"end":{"line":159,"column":null}},"32":{"start":{"line":159,"column":33},"end":{"line":159,"column":null}},"33":{"start":{"line":161,"column":4},"end":{"line":161,"column":null}},"34":{"start":{"line":162,"column":4},"end":{"line":162,"column":null}},"35":{"start":{"line":224,"column":10},"end":{"line":225,"column":null}},"36":{"start":{"line":228,"column":27},"end":{"line":228,"column":null}},"37":{"start":{"line":239,"column":10},"end":{"line":239,"column":46}},"38":{"start":{"line":261,"column":15},"end":{"line":265,"column":null}},"39":{"start":{"line":263,"column":4},"end":{"line":263,"column":null}}},"fnMap":{"0":{"name":"BestPracticeItem","decl":{"start":{"line":91,"column":39},"end":{"line":91,"column":56}},"loc":{"start":{"line":95,"column":1},"end":{"line":123,"column":null}}},"1":{"name":"ReactBestPracticesDemo","decl":{"start":{"line":126,"column":45},"end":{"line":126,"column":68}},"loc":{"start":{"line":128,"column":25},"end":{"line":258,"column":null}}},"2":{"name":"(anonymous_6)","decl":{"start":{"line":136,"column":36},"end":{"line":136,"column":null}},"loc":{"start":{"line":136,"column":36},"end":{"line":139,"column":5}}},"3":{"name":"(anonymous_7)","decl":{"start":{"line":138,"column":33},"end":{"line":138,"column":45}},"loc":{"start":{"line":138,"column":45},"end":{"line":138,"column":null}}},"4":{"name":"(anonymous_8)","decl":{"start":{"line":142,"column":24},"end":{"line":142,"column":null}},"loc":{"start":{"line":142,"column":24},"end":{"line":148,"column":5}}},"5":{"name":"(anonymous_9)","decl":{"start":{"line":144,"column":46},"end":{"line":144,"column":51}},"loc":{"start":{"line":144,"column":51},"end":{"line":144,"column":64}}},"6":{"name":"(anonymous_10)","decl":{"start":{"line":151,"column":41},"end":{"line":151,"column":42}},"loc":{"start":{"line":151,"column":42},"end":{"line":153,"column":5}}},"7":{"name":"(anonymous_11)","decl":{"start":{"line":155,"column":44},"end":{"line":155,"column":null}},"loc":{"start":{"line":155,"column":44},"end":{"line":163,"column":5}}},"8":{"name":"(anonymous_12)","decl":{"start":{"line":159,"column":22},"end":{"line":159,"column":33}},"loc":{"start":{"line":159,"column":33},"end":{"line":159,"column":null}}},"9":{"name":"(anonymous_13)","decl":{"start":{"line":223,"column":75},"end":{"line":223,"column":76}},"loc":{"start":{"line":224,"column":10},"end":{"line":225,"column":null}}},"10":{"name":"(anonymous_14)","decl":{"start":{"line":228,"column":21},"end":{"line":228,"column":27}},"loc":{"start":{"line":228,"column":27},"end":{"line":228,"column":null}}},"11":{"name":"(anonymous_15)","decl":{"start":{"line":238,"column":31},"end":{"line":238,"column":32}},"loc":{"start":{"line":239,"column":10},"end":{"line":239,"column":46}}},"12":{"name":"(anonymous_16)","decl":{"start":{"line":262,"column":11},"end":{"line":262,"column":12}},"loc":{"start":{"line":262,"column":19},"end":{"line":264,"column":null}}}},"branchMap":{"0":{"loc":{"start":{"line":100,"column":10},"end":{"line":102,"column":11}},"type":"cond-expr","locations":[{"start":{"line":100,"column":10},"end":{"line":102,"column":11}}]},"1":{"loc":{"start":{"line":127,"column":2},"end":{"line":127,"column":32}},"type":"default-arg","locations":[{"start":{"line":127,"column":27},"end":{"line":127,"column":32}}]},"2":{"loc":{"start":{"line":137,"column":4},"end":{"line":137,"column":null}},"type":"if","locations":[{"start":{"line":137,"column":4},"end":{"line":137,"column":null}},{"start":{},"end":{}}]},"3":{"loc":{"start":{"line":207,"column":17},"end":{"line":213,"column":null}},"type":"cond-expr","locations":[{"start":{"line":208,"column":18},"end":{"line":213,"column":null}},{"start":{"line":213,"column":18},"end":{"line":213,"column":null}}]},"4":{"loc":{"start":{"line":226,"column":21},"end":{"line":226,"column":null}},"type":"cond-expr","locations":[{"start":{"line":226,"column":43},"end":{"line":226,"column":55}},{"start":{"line":226,"column":55},"end":{"line":226,"column":null}}]},"5":{"loc":{"start":{"line":244,"column":7},"end":{"line":244,"column":33}},"type":"binary-expr","locations":[{"start":{"line":244,"column":7},"end":{"line":244,"column":33}},{"start":{"line":244,"column":33},"end":{"line":244,"column":null}}]}},"s":{"0":0,"1":0,"2":0,"3":0,"4":0,"5":0,"6":0,"7":0,"8":0,"9":0,"10":0,"11":0,"12":0,"13":0,"14":0,"15":0,"16":0,"17":0,"18":0,"19":0,"20":0,"21":0,"22":0,"23":0,"24":0,"25":0,"26":0,"27":0,"28":0,"29":0,"30":0,"31":0,"32":0,"33":0,"34":0,"35":0,"36":0,"37":0,"38":0,"39":0},"f":{"0":0,"1":0,"2":0,"3":0,"4":0,"5":0,"6":0,"7":0,"8":0,"9":0,"10":0,"11":0,"12":0},"b":{"0":[0],"1":[0],"2":[0,0],"3":[0,0],"4":[0,0],"5":[0,0]}}
,"/Users/javier.toledo/Documents/projects/avalanche-console/components/common/StatusBadge.tsx": {"path":"/Users/javier.toledo/Documents/projects/avalanche-console/components/common/StatusBadge.tsx","statementMap":{"0":{"start":{"line":9,"column":16},"end":{"line":9,"column":28}},"1":{"start":{"line":1,"column":22},"end":{"line":1,"column":null}},"2":{"start":{"line":2,"column":44},"end":{"line":2,"column":null}},"3":{"start":{"line":10,"column":21},"end":{"line":23,"column":null}},"4":{"start":{"line":11,"column":4},"end":{"line":22,"column":null}},"5":{"start":{"line":14,"column":8},"end":{"line":14,"column":null}},"6":{"start":{"line":17,"column":8},"end":{"line":17,"column":null}},"7":{"start":{"line":19,"column":8},"end":{"line":19,"column":null}},"8":{"start":{"line":21,"column":8},"end":{"line":21,"column":null}},"9":{"start":{"line":25,"column":18},"end":{"line":36,"column":null}},"10":{"start":{"line":26,"column":4},"end":{"line":35,"column":null}},"11":{"start":{"line":34,"column":8},"end":{"line":34,"column":null}}},"fnMap":{"0":{"name":"StatusBadge","decl":{"start":{"line":9,"column":16},"end":{"line":9,"column":28}},"loc":{"start":{"line":9,"column":74},"end":{"line":44,"column":null}}},"1":{"name":"(anonymous_2)","decl":{"start":{"line":10,"column":21},"end":{"line":10,"column":22}},"loc":{"start":{"line":10,"column":22},"end":{"line":23,"column":null}}},"2":{"name":"(anonymous_3)","decl":{"start":{"line":25,"column":18},"end":{"line":25,"column":19}},"loc":{"start":{"line":25,"column":19},"end":{"line":36,"column":null}}}},"branchMap":{"0":{"loc":{"start":{"line":9,"column":38},"end":{"line":9,"column":54}},"type":"default-arg","locations":[{"start":{"line":9,"column":49},"end":{"line":9,"column":54}}]},"1":{"loc":{"start":{"line":11,"column":4},"end":{"line":22,"column":null}},"type":"switch","locations":[{"start":{"line":12,"column":6},"end":{"line":12,"column":null}},{"start":{"line":13,"column":6},"end":{"line":14,"column":null}},{"start":{"line":15,"column":6},"end":{"line":15,"column":null}},{"start":{"line":16,"column":6},"end":{"line":17,"column":null}},{"start":{"line":18,"column":6},"end":{"line":19,"column":null}},{"start":{"line":20,"column":6},"end":{"line":21,"column":null}}]},"2":{"loc":{"start":{"line":26,"column":4},"end":{"line":35,"column":null}},"type":"switch","locations":[{"start":{"line":33,"column":6},"end":{"line":34,"column":null}}]},"3":{"loc":{"start":{"line":40,"column":7},"end":{"line":40,"column":null}},"type":"binary-expr","locations":[{"start":{"line":40,"column":7},"end":{"line":40,"column":19}},{"start":{"line":40,"column":19},"end":{"line":40,"column":null}}]}},"s":{"0":9,"1":1,"2":1,"3":9,"4":9,"5":4,"6":0,"7":0,"8":5,"9":9,"10":0,"11":0},"f":{"0":9,"1":9,"2":0},"b":{"0":[9],"1":[0,4,0,0,0,5],"2":[0],"3":[9,0]}}
,"/Users/javier.toledo/Documents/projects/avalanche-console/components/common/withErrorBoundary.tsx": {"path":"/Users/javier.toledo/Documents/projects/avalanche-console/components/common/withErrorBoundary.tsx","statementMap":{"0":{"start":{"line":35,"column":16},"end":{"line":35,"column":32}},"1":{"start":{"line":13,"column":16},"end":{"line":13,"column":33}},"2":{"start":{"line":1,"column":18},"end":{"line":1,"column":null}},"3":{"start":{"line":2,"column":30},"end":{"line":2,"column":null}},"4":{"start":{"line":17,"column":27},"end":{"line":23,"column":null}},"5":{"start":{"line":26,"column":2},"end":{"line":26,"column":null}},"6":{"start":{"line":28,"column":2},"end":{"line":28,"column":null}},"7":{"start":{"line":36,"column":28},"end":{"line":36,"column":null}},"8":{"start":{"line":38,"column":21},"end":{"line":40,"column":null}},"9":{"start":{"line":39,"column":4},"end":{"line":39,"column":null}},"10":{"start":{"line":42,"column":23},"end":{"line":44,"column":null}},"11":{"start":{"line":43,"column":4},"end":{"line":43,"column":null}},"12":{"start":{"line":47,"column":2},"end":{"line":49,"column":null}},"13":{"start":{"line":48,"column":4},"end":{"line":48,"column":null}},"14":{"start":{"line":51,"column":2},"end":{"line":51,"column":null}}},"fnMap":{"0":{"name":"withErrorBoundary","decl":{"start":{"line":13,"column":16},"end":{"line":13,"column":33}},"loc":{"start":{"line":15,"column":40},"end":{"line":29,"column":null}}},"1":{"name":"(anonymous_5)","decl":{"start":{"line":17,"column":27},"end":{"line":17,"column":28}},"loc":{"start":{"line":17,"column":28},"end":{"line":23,"column":null}}},"2":{"name":"useErrorBoundary","decl":{"start":{"line":35,"column":16},"end":{"line":35,"column":32}},"loc":{"start":{"line":35,"column":16},"end":{"line":52,"column":null}}},"3":{"name":"(anonymous_7)","decl":{"start":{"line":38,"column":39},"end":{"line":38,"column":null}},"loc":{"start":{"line":38,"column":39},"end":{"line":40,"column":5}}},"4":{"name":"(anonymous_8)","decl":{"start":{"line":42,"column":41},"end":{"line":42,"column":42}},"loc":{"start":{"line":42,"column":42},"end":{"line":44,"column":5}}}},"branchMap":{"0":{"loc":{"start":{"line":15,"column":2},"end":{"line":15,"column":40}},"type":"default-arg","locations":[{"start":{"line":15,"column":38},"end":{"line":15,"column":40}}]},"1":{"loc":{"start":{"line":26,"column":54},"end":{"line":26,"column":93}},"type":"binary-expr","locations":[{"start":{"line":26,"column":54},"end":{"line":26,"column":75}},{"start":{"line":26,"column":79},"end":{"line":26,"column":93}}]},"2":{"loc":{"start":{"line":47,"column":2},"end":{"line":49,"column":null}},"type":"if","locations":[{"start":{"line":47,"column":2},"end":{"line":49,"column":null}},{"start":{},"end":{}}]}},"s":{"0":0,"1":0,"2":0,"3":0,"4":0,"5":0,"6":0,"7":0,"8":0,"9":0,"10":0,"11":0,"12":0,"13":0,"14":0},"f":{"0":0,"1":0,"2":0,"3":0,"4":0},"b":{"0":[0],"1":[0,0],"2":[0,0]}}
,"/Users/javier.toledo/Documents/projects/avalanche-console/components/dashboard/DeveloperResources.tsx": {"path":"/Users/javier.toledo/Documents/projects/avalanche-console/components/dashboard/DeveloperResources.tsx","statementMap":{"0":{"start":{"line":38,"column":16},"end":{"line":38,"column":null}},"1":{"start":{"line":1,"column":39},"end":{"line":1,"column":null}},"2":{"start":{"line":2,"column":50},"end":{"line":2,"column":null}},"3":{"start":{"line":11,"column":30},"end":{"line":36,"column":null}},"4":{"start":{"line":42,"column":8},"end":{"line":43,"column":null}}},"fnMap":{"0":{"name":"DeveloperResources","decl":{"start":{"line":38,"column":16},"end":{"line":38,"column":null}},"loc":{"start":{"line":38,"column":16},"end":{"line":79,"column":null}}},"1":{"name":"(anonymous_2)","decl":{"start":{"line":41,"column":21},"end":{"line":41,"column":22}},"loc":{"start":{"line":42,"column":8},"end":{"line":43,"column":null}}}},"branchMap":{"0":{"loc":{"start":{"line":52,"column":22},"end":{"line":52,"column":null}},"type":"cond-expr","locations":[{"start":{"line":52,"column":42},"end":{"line":52,"column":53}},{"start":{"line":52,"column":53},"end":{"line":52,"column":null}}]},"1":{"loc":{"start":{"line":53,"column":19},"end":{"line":53,"column":null}},"type":"cond-expr","locations":[{"start":{"line":53,"column":39},"end":{"line":53,"column":63}},{"start":{"line":53,"column":63},"end":{"line":53,"column":null}}]},"2":{"loc":{"start":{"line":60,"column":19},"end":{"line":60,"column":36}},"type":"binary-expr","locations":[{"start":{"line":60,"column":19},"end":{"line":60,"column":36}}]}},"s":{"0":8,"1":1,"2":1,"3":1,"4":32},"f":{"0":8,"1":32},"b":{"0":[32,0],"1":[32,0],"2":[32]}}
,"/Users/javier.toledo/Documents/projects/avalanche-console/components/dashboard/QuickActions.tsx": {"path":"/Users/javier.toledo/Documents/projects/avalanche-console/components/dashboard/QuickActions.tsx","statementMap":{"0":{"start":{"line":6,"column":16},"end":{"line":6,"column":null}},"1":{"start":{"line":1,"column":32},"end":{"line":1,"column":null}},"2":{"start":{"line":2,"column":114},"end":{"line":2,"column":null}},"3":{"start":{"line":3,"column":29},"end":{"line":3,"column":null}},"4":{"start":{"line":4,"column":29},"end":{"line":4,"column":null}},"5":{"start":{"line":15,"column":10},"end":{"line":16,"column":null}}},"fnMap":{"0":{"name":"QuickActions","decl":{"start":{"line":6,"column":16},"end":{"line":6,"column":null}},"loc":{"start":{"line":6,"column":16},"end":{"line":45,"column":null}}},"1":{"name":"(anonymous_2)","decl":{"start":{"line":14,"column":26},"end":{"line":14,"column":27}},"loc":{"start":{"line":15,"column":10},"end":{"line":16,"column":null}}}},"branchMap":{},"s":{"0":0,"1":0,"2":0,"3":0,"4":0,"5":0},"f":{"0":0,"1":0},"b":{}}
,"/Users/javier.toledo/Documents/projects/avalanche-console/components/dashboard/RecentActivity.tsx": {"path":"/Users/javier.toledo/Documents/projects/avalanche-console/components/dashboard/RecentActivity.tsx","statementMap":{"0":{"start":{"line":44,"column":16},"end":{"line":44,"column":null}},"1":{"start":{"line":1,"column":22},"end":{"line":1,"column":null}},"2":{"start":{"line":2,"column":74},"end":{"line":2,"column":null}},"3":{"start":{"line":3,"column":44},"end":{"line":3,"column":null}},"4":{"start":{"line":13,"column":39},"end":{"line":42,"column":null}},"5":{"start":{"line":57,"column":12},"end":{"line":57,"column":29}}},"fnMap":{"0":{"name":"RecentActivity","decl":{"start":{"line":44,"column":16},"end":{"line":44,"column":null}},"loc":{"start":{"line":44,"column":16},"end":{"line":72,"column":null}}},"1":{"name":"(anonymous_2)","decl":{"start":{"line":56,"column":30},"end":{"line":56,"column":31}},"loc":{"start":{"line":57,"column":12},"end":{"line":57,"column":29}}}},"branchMap":{},"s":{"0":0,"1":0,"2":0,"3":0,"4":0,"5":0},"f":{"0":0,"1":0},"b":{}}
,"/Users/javier.toledo/Documents/projects/avalanche-console/components/dashboard/SystemStatus.tsx": {"path":"/Users/javier.toledo/Documents/projects/avalanche-console/components/dashboard/SystemStatus.tsx","statementMap":{"0":{"start":{"line":6,"column":16},"end":{"line":6,"column":null}},"1":{"start":{"line":1,"column":25},"end":{"line":1,"column":null}},"2":{"start":{"line":2,"column":57},"end":{"line":2,"column":null}},"3":{"start":{"line":3,"column":22},"end":{"line":3,"column":null}},"4":{"start":{"line":4,"column":29},"end":{"line":4,"column":null}},"5":{"start":{"line":18,"column":12},"end":{"line":18,"column":29}}},"fnMap":{"0":{"name":"SystemStatus","decl":{"start":{"line":6,"column":16},"end":{"line":6,"column":null}},"loc":{"start":{"line":6,"column":16},"end":{"line":32,"column":null}}},"1":{"name":"(anonymous_2)","decl":{"start":{"line":17,"column":28},"end":{"line":17,"column":29}},"loc":{"start":{"line":18,"column":12},"end":{"line":18,"column":29}}}},"branchMap":{"0":{"loc":{"start":{"line":21,"column":25},"end":{"line":21,"column":null}},"type":"cond-expr","locations":[{"start":{"line":21,"column":60},"end":{"line":21,"column":74}},{"start":{"line":21,"column":74},"end":{"line":21,"column":null}}]},"1":{"loc":{"start":{"line":22,"column":27},"end":{"line":22,"column":null}},"type":"cond-expr","locations":[{"start":{"line":22,"column":62},"end":{"line":22,"column":135}},{"start":{"line":22,"column":135},"end":{"line":22,"column":null}}]}},"s":{"0":8,"1":1,"2":1,"3":1,"4":1,"5":32},"f":{"0":8,"1":32},"b":{"0":[24,8],"1":[24,8]}}
,"/Users/javier.toledo/Documents/projects/avalanche-console/components/dashboard/UsageStats.tsx": {"path":"/Users/javier.toledo/Documents/projects/avalanche-console/components/dashboard/UsageStats.tsx","statementMap":{"0":{"start":{"line":6,"column":16},"end":{"line":6,"column":null}},"1":{"start":{"line":1,"column":27},"end":{"line":1,"column":null}},"2":{"start":{"line":2,"column":50},"end":{"line":2,"column":null}},"3":{"start":{"line":3,"column":27},"end":{"line":3,"column":null}},"4":{"start":{"line":4,"column":29},"end":{"line":4,"column":null}},"5":{"start":{"line":10,"column":8},"end":{"line":10,"column":34}}},"fnMap":{"0":{"name":"UsageStats","decl":{"start":{"line":6,"column":16},"end":{"line":6,"column":null}},"loc":{"start":{"line":6,"column":16},"end":{"line":43,"column":null}}},"1":{"name":"(anonymous_2)","decl":{"start":{"line":9,"column":22},"end":{"line":9,"column":23}},"loc":{"start":{"line":10,"column":8},"end":{"line":10,"column":34}}}},"branchMap":{"0":{"loc":{"start":{"line":18,"column":20},"end":{"line":22,"column":null}},"type":"cond-expr","locations":[{"start":{"line":19,"column":24},"end":{"line":19,"column":null}},{"start":{"line":20,"column":24},"end":{"line":22,"column":null}}]},"1":{"loc":{"start":{"line":20,"column":24},"end":{"line":22,"column":null}},"type":"cond-expr","locations":[{"start":{"line":21,"column":26},"end":{"line":21,"column":null}},{"start":{"line":22,"column":26},"end":{"line":22,"column":null}}]},"2":{"loc":{"start":{"line":27,"column":20},"end":{"line":31,"column":null}},"type":"cond-expr","locations":[{"start":{"line":28,"column":24},"end":{"line":28,"column":null}},{"start":{"line":29,"column":24},"end":{"line":31,"column":null}}]},"3":{"loc":{"start":{"line":29,"column":24},"end":{"line":31,"column":null}},"type":"cond-expr","locations":[{"start":{"line":30,"column":26},"end":{"line":30,"column":null}},{"start":{"line":31,"column":26},"end":{"line":31,"column":null}}]}},"s":{"0":0,"1":0,"2":0,"3":0,"4":0,"5":0},"f":{"0":0,"1":0},"b":{"0":[0,0],"1":[0,0],"2":[0,0],"3":[0,0]}}
,"/Users/javier.toledo/Documents/projects/avalanche-console/components/forms/AsyncForm.tsx": {"path":"/Users/javier.toledo/Documents/projects/avalanche-console/components/forms/AsyncForm.tsx","statementMap":{"0":{"start":{"line":26,"column":13},"end":{"line":26,"column":22}},"1":{"start":{"line":145,"column":16},"end":{"line":145,"column":28}},"2":{"start":{"line":1,"column":51},"end":{"line":1,"column":null}},"3":{"start":{"line":2,"column":23},"end":{"line":2,"column":null}},"4":{"start":{"line":3,"column":40},"end":{"line":3,"column":null}},"5":{"start":{"line":4,"column":39},"end":{"line":4,"column":null}},"6":{"start":{"line":26,"column":25},"end":{"line":142,"column":null}},"7":{"start":{"line":35,"column":28},"end":{"line":39,"column":null}},"8":{"start":{"line":41,"column":23},"end":{"line":82,"column":null}},"9":{"start":{"line":42,"column":4},"end":{"line":42,"column":null}},"10":{"start":{"line":45,"column":4},"end":{"line":50,"column":null}},"11":{"start":{"line":45,"column":22},"end":{"line":50,"column":null}},"12":{"start":{"line":52,"column":4},"end":{"line":81,"column":null}},"13":{"start":{"line":53,"column":23},"end":{"line":53,"column":null}},"14":{"start":{"line":54,"column":6},"end":{"line":54,"column":null}},"15":{"start":{"line":56,"column":6},"end":{"line":60,"column":null}},"16":{"start":{"line":56,"column":24},"end":{"line":60,"column":null}},"17":{"start":{"line":63,"column":6},"end":{"line":65,"column":null}},"18":{"start":{"line":64,"column":10},"end":{"line":64,"column":null}},"19":{"start":{"line":68,"column":6},"end":{"line":73,"column":null}},"20":{"start":{"line":69,"column":8},"end":{"line":72,"column":null}},"21":{"start":{"line":69,"column":26},"end":{"line":72,"column":null}},"22":{"start":{"line":76,"column":6},"end":{"line":80,"column":null}},"23":{"start":{"line":76,"column":24},"end":{"line":80,"column":null}},"24":{"start":{"line":84,"column":21},"end":{"line":89,"column":null}},"25":{"start":{"line":85,"column":4},"end":{"line":88,"column":null}},"26":{"start":{"line":85,"column":22},"end":{"line":88,"column":null}},"27":{"start":{"line":146,"column":28},"end":{"line":150,"column":null}},"28":{"start":{"line":152,"column":21},"end":{"line":154,"column":null}},"29":{"start":{"line":153,"column":4},"end":{"line":153,"column":null}},"30":{"start":{"line":153,"column":22},"end":{"line":153,"column":null}},"31":{"start":{"line":156,"column":19},"end":{"line":158,"column":null}},"32":{"start":{"line":157,"column":4},"end":{"line":157,"column":null}},"33":{"start":{"line":157,"column":22},"end":{"line":157,"column":null}},"34":{"start":{"line":160,"column":21},"end":{"line":162,"column":null}},"35":{"start":{"line":161,"column":4},"end":{"line":161,"column":null}},"36":{"start":{"line":161,"column":22},"end":{"line":161,"column":null}},"37":{"start":{"line":164,"column":16},"end":{"line":166,"column":null}},"38":{"start":{"line":165,"column":4},"end":{"line":165,"column":null}},"39":{"start":{"line":168,"column":2},"end":{"line":174,"column":null}}},"fnMap":{"0":{"name":"AsyncForm","decl":{"start":{"line":26,"column":39},"end":{"line":26,"column":49}},"loc":{"start":{"line":34,"column":17},"end":{"line":142,"column":null}}},"1":{"name":"(anonymous_7)","decl":{"start":{"line":41,"column":35},"end":{"line":41,"column":42}},"loc":{"start":{"line":41,"column":42},"end":{"line":82,"column":5}}},"2":{"name":"(anonymous_8)","decl":{"start":{"line":45,"column":13},"end":{"line":45,"column":22}},"loc":{"start":{"line":45,"column":22},"end":{"line":50,"column":null}}},"3":{"name":"(anonymous_9)","decl":{"start":{"line":56,"column":15},"end":{"line":56,"column":24}},"loc":{"start":{"line":56,"column":24},"end":{"line":60,"column":null}}},"4":{"name":"(anonymous_10)","decl":{"start":{"line":68,"column":17},"end":{"line":68,"column":null}},"loc":{"start":{"line":68,"column":17},"end":{"line":73,"column":9}}},"5":{"name":"(anonymous_11)","decl":{"start":{"line":69,"column":17},"end":{"line":69,"column":26}},"loc":{"start":{"line":69,"column":26},"end":{"line":72,"column":null}}},"6":{"name":"(anonymous_12)","decl":{"start":{"line":76,"column"
[...]
,"/Users/javier.toledo/Documents/projects/avalanche-console/lib/constants.ts": {"path":"/Users/javier.toledo/Documents/projects/avalanche-console/lib/constants.ts","statementMap":{"0":{"start":{"line":30,"column":13},"end":{"line":30,"column":31}},"1":{"start":{"line":10,"column":13},"end":{"line":10,"column":26}},"2":{"start":{"line":23,"column":13},"end":{"line":23,"column":24}},"3":{"start":{"line":2,"column":13},"end":{"line":2,"column":25}},"4":{"start":{"line":16,"column":13},"end":{"line":16,"column":27}},"5":{"start":{"line":2,"column":28},"end":{"line":7,"column":null}},"6":{"start":{"line":10,"column":29},"end":{"line":13,"column":null}},"7":{"start":{"line":16,"column":30},"end":{"line":20,"column":null}},"8":{"start":{"line":23,"column":27},"end":{"line":27,"column":null}},"9":{"start":{"line":30,"column":34},"end":{"line":34,"column":null}}},"fnMap":{},"branchMap":{},"s":{"0":10,"1":6,"2":10,"3":10,"4":10,"5":2,"6":2,"7":2,"8":2,"9":2},"f":{},"b":{}}
,"/Users/javier.toledo/Documents/projects/avalanche-console/lib/env.ts": {"path":"/Users/javier.toledo/Documents/projects/avalanche-console/lib/env.ts","statementMap":{"0":{"start":{"line":82,"column":9},"end":{"line":82,"column":null}},"1":{"start":{"line":1,"column":18},"end":{"line":1,"column":null}},"2":{"start":{"line":7,"column":15},"end":{"line":12,"column":null}},"3":{"start":{"line":19,"column":15},"end":{"line":24,"column":null}},"4":{"start":{"line":32,"column":19},"end":{"line":40,"column":null}},"5":{"start":{"line":45,"column":15},"end":{"line":45,"column":null}},"6":{"start":{"line":48,"column":10},"end":{"line":48,"column":21}},"7":{"start":{"line":50,"column":0},"end":{"line":80,"column":null}},"8":{"start":{"line":51,"column":19},"end":{"line":51,"column":null}},"9":{"start":{"line":53,"column":17},"end":{"line":55,"column":36}},"10":{"start":{"line":57,"column":2},"end":{"line":63,"column":null}},"11":{"start":{"line":58,"column":4},"end":{"line":60,"column":null}},"12":{"start":{"line":62,"column":4},"end":{"line":62,"column":null}},"13":{"start":{"line":67,"column":2},"end":{"line":79,"column":null}},"14":{"start":{"line":69,"column":6},"end":{"line":69,"column":null}},"15":{"start":{"line":69,"column":36},"end":{"line":69,"column":null}},"16":{"start":{"line":73,"column":6},"end":{"line":75,"column":null}},"17":{"start":{"line":74,"column":8},"end":{"line":75,"column":null}},"18":{"start":{"line":77,"column":6},"end":{"line":77,"column":null}}},"fnMap":{"0":{"name":"(anonymous_1)","decl":{"start":{"line":68,"column":4},"end":{"line":68,"column":8}},"loc":{"start":{"line":68,"column":20},"end":{"line":78,"column":null}}}},"branchMap":{"0":{"loc":{"start":{"line":50,"column":0},"end":{"line":80,"column":null}},"type":"if","locations":[{"start":{"line":50,"column":0},"end":{"line":80,"column":null}},{"start":{},"end":{}}]},"1":{"loc":{"start":{"line":53,"column":17},"end":{"line":55,"column":36}},"type":"cond-expr","locations":[{"start":{"line":54,"column":6},"end":{"line":54,"column":35}},{"start":{"line":55,"column":6},"end":{"line":55,"column":36}}]},"2":{"loc":{"start":{"line":57,"column":2},"end":{"line":63,"column":null}},"type":"if","locations":[{"start":{"line":57,"column":2},"end":{"line":63,"column":null}},{"start":{},"end":{}}]},"3":{"loc":{"start":{"line":69,"column":6},"end":{"line":69,"column":null}},"type":"if","locations":[{"start":{"line":69,"column":6},"end":{"line":69,"column":null}},{"start":{},"end":{}}]},"4":{"loc":{"start":{"line":73,"column":6},"end":{"line":75,"column":null}},"type":"if","locations":[{"start":{"line":73,"column":6},"end":{"line":75,"column":null}},{"start":{},"end":{}}]},"5":{"loc":{"start":{"line":73,"column":10},"end":{"line":73,"column":null}},"type":"binary-expr","locations":[{"start":{"line":73,"column":10},"end":{"line":73,"column":23}},{"start":{"line":73,"column":23},"end":{"line":73,"column":59}},{"start":{"line":73,"column":59},"end":{"line":73,"column":null}}]}},"s":{"0":0,"1":0,"2":0,"3":0,"4":0,"5":0,"6":0,"7":0,"8":0,"9":0,"10":0,"11":0,"12":0,"13":0,"14":0,"15":0,"16":0,"17":0,"18":0},"f":{"0":0},"b":{"0":[0,0],"1":[0,0],"2":[0,0],"3":[0,0],"4":[0,0],"5":[0,0,0]}}
,"/Users/javier.toledo/Documents/projects/avalanche-console/lib/error-logger.ts": {"path":"/Users/javier.toledo/Documents/projects/avalanche-console/lib/error-logger.ts","statementMap":{"0":{"start":{"line":98,"column":13},"end":{"line":98,"column":27}},"1":{"start":{"line":17,"column":31},"end":{"line":25,"column":null}},"2":{"start":{"line":28,"column":4},"end":{"line":31,"column":null}},"3":{"start":{"line":29,"column":6},"end":{"line":29,"column":null}},"4":{"start":{"line":30,"column":6},"end":{"line":30,"column":null}},"5":{"start":{"line":34,"column":4},"end":{"line":34,"column":null}},"6":{"start":{"line":35,"column":4},"end":{"line":37,"column":null}},"7":{"start":{"line":36,"column":6},"end":{"line":36,"column":null}},"8":{"start":{"line":40,"column":4},"end":{"line":40,"column":null}},"9":{"start":{"line":46,"column":4},"end":{"line":61,"column":null}},"10":{"start":{"line":47,"column":6},"end":{"line":60,"column":null}},"11":{"start":{"line":48,"column":29},"end":{"line":48,"column":null}},"12":{"start":{"line":49,"column":21},"end":{"line":49,"column":65}},"13":{"start":{"line":50,"column":8},"end":{"line":50,"column":null}},"14":{"start":{"line":53,"column":8},"end":{"line":55,"column":null}},"15":{"start":{"line":54,"column":10},"end":{"line":54,"column":null}},"16":{"start":{"line":57,"column":8},"end":{"line":57,"column":null}},"17":{"start":{"line":76,"column":4},"end":{"line":76,"column":33}},"18":{"start":{"line":80,"column":4},"end":{"line":80,"column":null}},"19":{"start":{"line":81,"column":4},"end":{"line":83,"column":null}},"20":{"start":{"line":82,"column":6},"end":{"line":82,"column":null}},"21":{"start":{"line":88,"column":4},"end":{"line":90,"column":null}},"22":{"start":{"line":89,"column":6},"end":{"line":89,"column":null}},"23":{"start":{"line":12,"column":10},"end":{"line":12,"column":null}},"24":{"start":{"line":13,"column":10},"end":{"line":13,"column":null}},"25":{"start":{"line":98,"column":27},"end":{"line":98,"column":null}}},"fnMap":{"0":{"name":"(anonymous_1)","decl":{"start":{"line":16,"column":2},"end":{"line":16,"column":6}},"loc":{"start":{"line":16,"column":41},"end":{"line":41,"column":null}}},"1":{"name":"(anonymous_2)","decl":{"start":{"line":43,"column":2},"end":{"line":43,"column":16}},"loc":{"start":{"line":43,"column":57},"end":{"line":73,"column":null}}},"2":{"name":"(anonymous_3)","decl":{"start":{"line":75,"column":2},"end":{"line":75,"column":32}},"loc":{"start":{"line":75,"column":32},"end":{"line":77,"column":null}}},"3":{"name":"(anonymous_4)","decl":{"start":{"line":79,"column":2},"end":{"line":79,"column":16}},"loc":{"start":{"line":79,"column":16},"end":{"line":84,"column":null}}},"4":{"name":"(anonymous_5)","decl":{"start":{"line":87,"column":2},"end":{"line":87,"column":17}},"loc":{"start":{"line":87,"column":68},"end":{"line":94,"column":null}}}},"branchMap":{"0":{"loc":{"start":{"line":21,"column":17},"end":{"line":21,"column":null}},"type":"cond-expr","locations":[{"start":{"line":21,"column":49},"end":{"line":21,"column":75}},{"start":{"line":21,"column":78},"end":{"line":21,"column":null}}]},"1":{"loc":{"start":{"line":22,"column":11},"end":{"line":22,"column":null}},"type":"cond-expr","locations":[{"start":{"line":22,"column":43},"end":{"line":22,"column":63}},{"start":{"line":22,"column":66},"end":{"line":22,"column":null}}]},"2":{"loc":{"start":{"line":28,"column":4},"end":{"line":31,"column":null}},"type":"if","locations":[{"start":{"line":28,"column":4},"end":{"line":31,"column":null}},{"start":{},"end":{}}]},"3":{"loc":{"start":{"line":35,"column":4},"end":{"line":37,"column":null}},"type":"if","locations":[{"start":{"line":35,"column":4},"end":{"line":37,"column":null}},{"start":{},"end":{}}]},"4":{"loc":{"start":{"line":46,"column":4},"end":{"line":61,"column":null}},"type":"if","locations":[{"start":{"line":46,"column":4},"end":{"line":61,"column":null}},{"start":{},"end":{}}]},"5":{"loc":{"start":{"line":49,"column":21},"end":{"line":49,"column":65}},"type":"cond-expr","locations":[{"start":{"line":49,"column":36},"end":{"line":49,"column":63}},{"start":{"line":49,"column":63},"end":{"line":49,"column":65}}]},"6":{"loc":{"start":{"line":53,"column":8},"end":{"line":55,"column":null}},"type":"if","locations":[{"start":{"line":53,"column":8},"end":{"line":55,"column":null}},{"start":{},"end":{}}]},"7":{"loc":{"start":{"line":81,"column":4},"end":{"line":83,"column":null}},"type":"if","locations":[{"start":{"line":81,"column":4},"end":{"line":83,"column":null}},{"start":{},"end":{}}]},"8":{"loc":{"start":{"line":88,"column":4},"end":{"line":90,"column":null}},"type":"if","locations":[{"start":{"line":88,"column":4},"end":{"line":90,"column":null}},{"start":{},"end":{}}]}},"s":{"0":0,"1":0,"2":0,"3":0,"4":0,"5":0,"6":0,"7":0,"8":0,"9":0,"10":0,"11":0,"12":0,"13":0,"14":0,"15":0,"16":0,"17":0,"18":0,"19":0,"20":0,"21":0,"22":0,"23":0,"24":0,"25":0},"f":{"0":0,"1":0,"2":0,"3":0,"4":0},"b":{"0":[0,0],"1":[0,0],"2":[0,0],"3":[0,0],"4":[0,0],"5":[0,0],"6":[0,0],"7":[0,0],"8":[0,0]}}
,"/Users/javier.toledo/Documents/projects/avalanche-console/lib/status-utils.ts": {"path":"/Users/javier.toledo/Documents/projects/avalanche-console/lib/status-utils.ts","statementMap":{"0":{"start":{"line":16,"column":13},"end":{"line":16,"column":24}},"1":{"start":{"line":3,"column":13},"end":{"line":3,"column":27}},"2":{"start":{"line":29,"column":13},"end":{"line":29,"column":29}},"3":{"start":{"line":3,"column":30},"end":{"line":14,"column":null}},"4":{"start":{"line":4,"column":2},"end":{"line":13,"column":null}},"5":{"start":{"line":6,"column":6},"end":{"line":6,"column":null}},"6":{"start":{"line":8,"column":6},"end":{"line":8,"column":null}},"7":{"start":{"line":10,"column":6},"end":{"line":10,"column":null}},"8":{"start":{"line":12,"column":6},"end":{"line":12,"column":null}},"9":{"start":{"line":16,"column":27},"end":{"line":27,"column":null}},"10":{"start":{"line":17,"column":2},"end":{"line":26,"column":null}},"11":{"start":{"line":19,"column":6},"end":{"line":19,"column":null}},"12":{"start":{"line":21,"column":6},"end":{"line":21,"column":null}},"13":{"start":{"line":23,"column":6},"end":{"line":23,"column":null}},"14":{"start":{"line":25,"column":6},"end":{"line":25,"column":null}},"15":{"start":{"line":29,"column":32},"end":{"line":40,"column":null}},"16":{"start":{"line":30,"column":2},"end":{"line":39,"column":null}},"17":{"start":{"line":32,"column":6},"end":{"line":32,"column":null}},"18":{"start":{"line":34,"column":6},"end":{"line":34,"column":null}},"19":{"start":{"line":36,"column":6},"end":{"line":36,"column":null}},"20":{"start":{"line":38,"column":6},"end":{"line":38,"column":null}}},"fnMap":{"0":{"name":"(anonymous_4)","decl":{"start":{"line":3,"column":30},"end":{"line":3,"column":31}},"loc":{"start":{"line":3,"column":31},"end":{"line":14,"column":null}}},"1":{"name":"(anonymous_5)","decl":{"start":{"line":16,"column":27},"end":{"line":16,"column":28}},"loc":{"start":{"line":16,"column":28},"end":{"line":27,"column":null}}},"2":{"name":"(anonymous_6)","decl":{"start":{"line":29,"column":32},"end":{"line":29,"column":33}},"loc":{"start":{"line":29,"column":33},"end":{"line":40,"column":null}}}},"branchMap":{"0":{"loc":{"start":{"line":4,"column":2},"end":{"line":13,"column":null}},"type":"switch","locations":[{"start":{"line":5,"column":4},"end":{"line":6,"column":null}},{"start":{"line":7,"column":4},"end":{"line":8,"column":null}},{"start":{"line":9,"column":4},"end":{"line":10,"column":null}},{"start":{"line":11,"column":4},"end":{"line":12,"column":null}}]},"1":{"loc":{"start":{"line":17,"column":2},"end":{"line":26,"column":null}},"type":"switch","locations":[{"start":{"line":18,"column":4},"end":{"line":19,"column":null}},{"start":{"line":20,"column":4},"end":{"line":21,"column":null}},{"start":{"line":22,"column":4},"end":{"line":23,"column":null}},{"start":{"line":24,"column":4},"end":{"line":25,"column":null}}]},"2":{"loc":{"start":{"line":30,"column":2},"end":{"line":39,"column":null}},"type":"switch","locations":[{"start":{"line":31,"column":4},"end":{"line":32,"column":null}},{"start":{"line":33,"column":4},"end":{"line":34,"column":null}},{"start":{"line":35,"column":4},"end":{"line":36,"column":null}},{"start":{"line":37,"column":4},"end":{"line":38,"column":null}}]}},"s":{"0":5,"1":5,"2":5,"3":1,"4":5,"5":1,"6":1,"7":1,"8":2,"9":1,"10":5,"11":1,"12":1,"13":1,"14":2,"15":1,"16":5,"17":1,"18":1,"19":1,"20":2},"f":{"0":5,"1":5,"2":5},"b":{"0":[1,1,1,2],"1":[1,1,1,2],"2":[1,1,1,2]}}
,"/Users/javier.toledo/Documents/projects/avalanche-console/lib/styles.ts": {"path":"/Users/javier.toledo/Documents/projects/avalanche-console/lib/styles.ts","statementMap":{"0":{"start":{"line":42,"column":13},"end":{"line":42,"column":27}},"1":{"start":{"line":4,"column":13},"end":{"line":4,"column":25}},"2":{"start":{"line":1,"column":19},"end":{"line":1,"column":null}},"3":{"start":{"line":4,"column":28},"end":{"line":39,"column":null}},"4":{"start":{"line":42,"column":30},"end":{"line":47,"column":null}},"5":{"start":{"line":46,"column":2},"end":{"line":46,"column":null}}},"fnMap":{"0":{"name":"(anonymous_3)","decl":{"start":{"line":42,"column":30},"end":{"line":42,"column":null}},"loc":{"start":{"line":44,"column":2},"end":{"line":47,"column":null}}}},"branchMap":{},"s":{"0":20,"1":55,"2":1,"3":1,"4":1,"5":20},"f":{"0":20},"b":{}}
,"/Users/javier.toledo/Documents/projects/avalanche-console/lib/utils.ts": {"path":"/Users/javier.toledo/Documents/projects/avalanche-console/lib/utils.ts","statementMap":{"0":{"start":{"line":4,"column":16},"end":{"line":4,"column":19}},"1":{"start":{"line":1,"column":38},"end":{"line":1,"column":null}},"2":{"start":{"line":2,"column":24},"end":{"line":2,"column":null}},"3":{"start":{"line":5,"column":2},"end":{"line":5,"column":null}}},"fnMap":{"0":{"name":"cn","decl":{"start":{"line":4,"column":16},"end":{"line":4,"column":19}},"loc":{"start":{"line":4,"column":42},"end":{"line":6,"column":null}}}},"branchMap":{},"s":{"0":240,"1":9,"2":9,"3":240},"f":{"0":240},"b":{}}
,"/Users/javier.toledo/Documents/projects/avalanche-console/lib/validation.ts": {"path":"/Users/javier.toledo/Documents/projects/avalanche-console/lib/validation.ts","statementMap":{"0":{"start":{"line":2,"column":13},"end":{"line":2,"column":35}},"1":{"start":{"line":7,"column":13},"end":{"line":7,"column":23}},"2":{"start":{"line":17,"column":13},"end":{"line":17,"column":30}},"3":{"start":{"line":37,"column":13},"end":{"line":37,"column":26}},"4":{"start":{"line":30,"column":13},"end":{"line":30,"column":29}},"5":{"start":{"line":2,"column":38},"end":{"line":4,"column":null}},"6":{"start":{"line":3,"column":2},"end":{"line":3,"column":null}},"7":{"start":{"line":7,"column":26},"end":{"line":14,"column":null}},"8":{"start":{"line":8,"column":2},"end":{"line":13,"column":null}},"9":{"start":{"line":9,"column":4},"end":{"line":9,"column":null}},"10":{"start":{"line":10,"column":4},"end":{"line":10,"column":null}},"11":{"start":{"line":12,"column":4},"end":{"line":12,"column":null}},"12":{"start":{"line":17,"column":33},"end":{"line":27,"column":null}},"13":{"start":{"line":18,"column":2},"end":{"line":18,"column":null}},"14":{"start":{"line":18,"column":24},"end":{"line":18,"column":null}},"15":{"start":{"line":20,"column":17},"end":{"line":20,"column":null}},"16":{"start":{"line":22,"column":2},"end":{"line":24,"column":null}},"17":{"start":{"line":23,"column":4},"end":{"line":23,"column":null}},"18":{"start":{"line":26,"column":2},"end":{"line":26,"column":null}},"19":{"start":{"line":30,"column":32},"end":{"line":35,"column":null}},"20":{"start":{"line":31,"column":2},"end":{"line":33,"column":null}},"21":{"start":{"line":32,"column":4},"end":{"line":32,"column":null}},"22":{"start":{"line":34,"column":2},"end":{"line":34,"column":null}},"23":{"start":{"line":37,"column":29},"end":{"line":43,"column":null}},"24":{"start":{"line":38,"column":21},"end":{"line":38,"column":null}},"25":{"start":{"line":39,"column":2},"end":{"line":41,"column":null}},"26":{"start":{"line":40,"column":4},"end":{"line":40,"column":null}},"27":{"start":{"line":42,"column":2},"end":{"line":42,"column":null}}},"fnMap":{"0":{"name":"(anonymous_6)","decl":{"start":{"line":2,"column":38},"end":{"line":2,"column":39}},"loc":{"start":{"line":2,"column":39},"end":{"line":4,"column":null}}},"1":{"name":"(anonymous_7)","decl":{"start":{"line":7,"column":26},"end":{"line":7,"column":27}},"loc":{"start":{"line":7,"column":27},"end":{"line":14,"column":null}}},"2":{"name":"(anonymous_8)","decl":{"start":{"line":17,"column":33},"end":{"line":17,"column":34}},"loc":{"start":{"line":17,"column":34},"end":{"line":27,"column":null}}},"3":{"name":"(anonymous_9)","decl":{"start":{"line":30,"column":32},"end":{"line":30,"column":33}},"loc":{"start":{"line":30,"column":48},"end":{"line":35,"column":null}}},"4":{"name":"(anonymous_10)","decl":{"start":{"line":37,"column":29},"end":{"line":37,"column":30}},"loc":{"start":{"line":37,"column":30},"end":{"line":43,"column":null}}}},"branchMap":{"0":{"loc":{"start":{"line":18,"column":2},"end":{"line":18,"column":null}},"type":"if","locations":[{"start":{"line":18,"column":2},"end":{"line":18,"column":null}},{"start":{},"end":{}}]},"1":{"loc":{"start":{"line":22,"column":2},"end":{"line":24,"column":null}},"type":"if","locations":[{"start":{"line":22,"column":2},"end":{"line":24,"column":null}},{"start":{},"end":{}}]},"2":{"loc":{"start":{"line":22,"column":6},"end":{"line":22,"column":77}},"type":"binary-expr","locations":[{"start":{"line":22,"column":6},"end":{"line":22,"column":47}},{"start":{"line":22,"column":47},"end":{"line":22,"column":77}}]},"3":{"loc":{"start":{"line":31,"column":2},"end":{"line":33,"column":null}},"type":"if","locations":[{"start":{"line":31,"column":2},"end":{"line":33,"column":null}},{"start":{},"end":{}}]},"4":{"loc":{"start":{"line":39,"column":2},"end":{"line":41,"column":null}},"type":"if","locations":[{"start":{"line":39,"column":2},"end":{"line":41,"column":null}},{"start":{},"end":{}}]}},"s":{"0":8,"1":8,"2":6,"3":10,"4":4,"5":1,"6":8,"7":1,"8":14,"9":14,"10":8,"11":6,"12":1,"13":6,"14":2,"15":4,"16":4,"17":1,"18":3,"19":1,"20":4,"21":2,"22":2,"23":1,"24":10,"25":10,"26":6,"27":4},"f":{"0":8,"1":14,"2":6,"3":4,"4":10},"b":{"0":[2,4],"1":[1,3],"2":[4,2],"3":[2,2],"4":[6,4]}}
}
