TN:
SF:app/layout.tsx
FN:17,RootLayout
FNF:1
FNH:0
FNDA:0,RootLayout
DA:3,0
DA:4,0
DA:5,0
DA:6,0
DA:7,0
DA:9,0
DA:11,0
DA:17,0
LF:8
LH:0
BRF:0
BRH:0
end_of_record
TN:
SF:app/msw-init.tsx
FN:5,MSWProvider
FN:8,(anonymous_5)
FN:11,(anonymous_6)
FN:11,(anonymous_7)
FN:17,(anonymous_8)
FNF:5
FNH:0
FNDA:0,MSWProvider
FNDA:0,(anonymous_5)
FNDA:0,(anonymous_6)
FNDA:0,(anonymous_7)
FNDA:0,(anonymous_8)
DA:3,0
DA:5,0
DA:6,0
DA:8,0
DA:10,0
DA:11,0
DA:12,0
DA:18,0
DA:19,0
DA:23,0
DA:28,0
DA:29,0
LF:12
LH:0
BRDA:10,0,0,0
BRDA:10,0,1,0
BRDA:10,1,0,0
BRDA:10,1,1,0
BRDA:28,2,0,0
BRDA:28,2,1,0
BRDA:28,3,0,0
BRDA:28,3,1,0
BRDA:28,3,2,0
BRF:9
BRH:0
end_of_record
TN:
SF:app/page.tsx
FN:6,Page
FNF:1
FNH:0
FNDA:0,Page
DA:3,0
DA:4,0
DA:6,0
LF:3
LH:0
BRF:0
BRH:0
end_of_record
TN:
SF:app/api-keys/page.tsx
FN:19,(anonymous_5)
FN:19,(anonymous_6)
FN:19,(anonymous_7)
FN:20,(anonymous_9)
FN:20,(anonymous_10)
FN:20,(anonymous_11)
FN:21,(anonymous_13)
FN:21,(anonymous_14)
FN:21,(anonymous_15)
FN:22,(anonymous_17)
FN:22,(anonymous_18)
FN:22,(anonymous_19)
FN:23,(anonymous_21)
FN:23,(anonymous_22)
FN:23,(anonymous_23)
FN:24,(anonymous_25)
FN:24,(anonymous_26)
FN:24,(anonymous_27)
FN:25,(anonymous_29)
FN:25,(anonymous_30)
FN:25,(anonymous_31)
FN:131,MetricsBarChart
FN:133,(anonymous_34)
FN:195,(anonymous_35)
FN:204,(anonymous_36)
FN:220,ApiKeysPage
FN:227,(anonymous_38)
FN:247,(anonymous_39)
FN:251,(anonymous_40)
FN:296,(anonymous_41)
FN:361,(anonymous_42)
FN:370,(anonymous_43)
FN:416,(anonymous_44)
FN:425,(anonymous_45)
FN:471,(anonymous_46)
FN:480,(anonymous_47)
FN:511,(anonymous_48)
FN:523,(anonymous_49)
FNF:38
FNH:0
FNDA:0,(anonymous_5)
FNDA:0,(anonymous_6)
FNDA:0,(anonymous_7)
FNDA:0,(anonymous_9)
FNDA:0,(anonymous_10)
FNDA:0,(anonymous_11)
FNDA:0,(anonymous_13)
FNDA:0,(anonymous_14)
FNDA:0,(anonymous_15)
FNDA:0,(anonymous_17)
FNDA:0,(anonymous_18)
FNDA:0,(anonymous_19)
FNDA:0,(anonymous_21)
FNDA:0,(anonymous_22)
FNDA:0,(anonymous_23)
FNDA:0,(anonymous_25)
FNDA:0,(anonymous_26)
FNDA:0,(anonymous_27)
FNDA:0,(anonymous_29)
FNDA:0,(anonymous_30)
FNDA:0,(anonymous_31)
FNDA:0,MetricsBarChart
FNDA:0,(anonymous_34)
FNDA:0,(anonymous_35)
FNDA:0,(anonymous_36)
FNDA:0,ApiKeysPage
FNDA:0,(anonymous_38)
FNDA:0,(anonymous_39)
FNDA:0,(anonymous_40)
FNDA:0,(anonymous_41)
FNDA:0,(anonymous_42)
FNDA:0,(anonymous_43)
FNDA:0,(anonymous_44)
FNDA:0,(anonymous_45)
FNDA:0,(anonymous_46)
FNDA:0,(anonymous_47)
FNDA:0,(anonymous_48)
FNDA:0,(anonymous_49)
DA:3,0
DA:4,0
DA:5,0
DA:6,0
DA:7,0
DA:8,0
DA:9,0
DA:10,0
DA:11,0
DA:12,0
DA:14,0
DA:15,0
DA:16,0
DA:19,0
DA:20,0
DA:21,0
DA:22,0
DA:23,0
DA:24,0
DA:25,0
DA:28,0
DA:42,0
DA:60,0
DA:78,0
DA:87,0
DA:105,0
DA:114,0
DA:133,0
DA:134,0
DA:136,0
DA:137,0
DA:139,0
DA:141,0
DA:142,0
DA:144,0
DA:147,0
DA:148,0
DA:150,0
DA:153,0
DA:195,0
DA:204,0
DA:220,0
DA:221,0
DA:222,0
DA:223,0
DA:224,0
DA:225,0
DA:227,0
DA:228,0
DA:229,0
DA:230,0
DA:231,0
DA:232,0
DA:234,0
DA:236,0
DA:239,0
DA:241,0
DA:243,0
DA:247,0
DA:248,0
DA:251,0
DA:252,0
DA:254,0
DA:255,0
DA:257,0
DA:259,0
DA:265,0
DA:267,0
DA:268,0
DA:270,0
DA:273,0
DA:274,0
DA:296,0
DA:361,0
DA:370,0
DA:416,0
DA:425,0
DA:471,0
DA:480,0
DA:511,0
DA:524,0
DA:525,0
LF:82
LH:0
BRDA:131,0,0,0
BRDA:134,1,0,0
BRDA:134,1,1,0
BRDA:136,2,0,0
BRDA:136,2,1,0
BRDA:137,3,0,0
BRDA:137,3,1,0
BRDA:139,4,0,0
BRDA:139,4,1,0
BRDA:142,5,0,0
BRDA:142,5,1,0
BRDA:142,6,0,0
BRDA:142,6,1,0
BRDA:148,7,0,0
BRDA:148,7,1,0
BRDA:150,8,0,0
BRDA:150,8,1,0
BRDA:151,9,0,0
BRDA:151,9,1,0
BRDA:153,10,0,0
BRDA:153,10,1,0
BRDA:154,11,0,0
BRDA:154,11,1,0
BRDA:163,12,0,0
BRDA:231,13,0,0
BRDA:231,13,1,0
BRDA:252,14,0,0
BRDA:252,14,1,0
BRDA:257,15,0,0
BRDA:257,15,1,0
BRDA:276,16,0,0
BRDA:276,16,1,0
BRF:32
BRH:0
end_of_record
TN:
SF:app/api/analytics/endpoints/route.ts
FN:12,GET
FN:14,(anonymous_2)
FNF:2
FNH:0
FNDA:0,GET
FNDA:0,(anonymous_2)
DA:1,1
DA:5,1
DA:12,1
DA:14,0
DA:16,0
LF:5
LH:3
BRF:0
BRH:0
end_of_record
TN:
SF:app/api/analytics/metrics/route.ts
FN:4,GET
FN:10,(anonymous_2)
FNF:2
FNH:0
FNDA:0,GET
FNDA:0,(anonymous_2)
DA:1,0
DA:4,0
DA:5,0
DA:6,0
DA:7,0
DA:10,0
DA:13,0
DA:22,0
DA:29,0
DA:31,0
DA:39,0
DA:41,0
DA:42,0
LF:13
LH:0
BRDA:7,0,0,0
BRDA:7,0,1,0
BRDA:29,1,0,0
BRDA:29,1,1,0
BRDA:36,2,0,0
BRDA:36,2,1,0
BRF:6
BRH:0
end_of_record
TN:
SF:app/api/analytics/usage/route.ts
FN:16,(anonymous_1)
FN:24,(anonymous_2)
FNF:2
FNH:0
FNDA:0,(anonymous_1)
FNDA:0,(anonymous_2)
DA:1,1
DA:3,1
DA:6,1
DA:16,1
DA:18,0
DA:19,0
DA:20,0
DA:24,0
DA:27,0
DA:28,0
DA:31,0
LF:11
LH:4
BRDA:19,0,0,0
BRDA:19,0,1,0
BRDA:27,1,0,0
BRDA:27,1,1,0
BRF:4
BRH:0
end_of_record
TN:
SF:app/api/errors/route.ts
FN:27,POST
FN:70,GET
FN:81,(anonymous_5)
FN:86,(anonymous_6)
FN:97,(anonymous_7)
FN:101,(anonymous_8)
FN:106,(anonymous_9)
FNF:7
FNH:0
FNDA:0,POST
FNDA:0,GET
FNDA:0,(anonymous_5)
FNDA:0,(anonymous_6)
FNDA:0,(anonymous_7)
FNDA:0,(anonymous_8)
FNDA:0,(anonymous_9)
DA:1,0
DA:24,0
DA:25,0
DA:27,0
DA:28,0
DA:29,0
DA:32,0
DA:33,0
DA:40,0
DA:43,0
DA:44,0
DA:53,0
DA:60,0
DA:62,0
DA:63,0
DA:70,0
DA:71,0
DA:72,0
DA:73,0
DA:74,0
DA:75,0
DA:77,0
DA:80,0
DA:81,0
DA:85,0
DA:86,0
DA:87,0
DA:92,0
DA:95,0
DA:98,0
DA:99,0
DA:102,0
DA:103,0
DA:104,0
DA:107,0
DA:111,0
DA:121,0
DA:122,0
LF:38
LH:0
BRDA:32,0,0,0
BRDA:32,0,1,0
BRDA:32,1,0,0
BRDA:32,1,1,0
BRDA:43,2,0,0
BRDA:43,2,1,0
BRDA:73,3,0,0
BRDA:73,3,1,0
BRDA:80,4,0,0
BRDA:80,4,1,0
BRDA:85,5,0,0
BRDA:85,5,1,0
BRDA:98,6,0,0
BRDA:98,6,1,0
BRDA:102,7,0,0
BRDA:102,7,1,0
BRDA:103,8,0,0
BRDA:103,8,1,0
BRF:18
BRH:0
end_of_record
TN:
SF:app/api/keys/route.ts
FN:26,GET
FN:29,(anonymous_4)
FN:41,POST
FN:53,(anonymous_6)
FNF:4
FNH:0
FNDA:0,GET
FNDA:0,(anonymous_4)
FNDA:0,POST
FNDA:0,(anonymous_6)
DA:1,0
DA:5,0
DA:26,0
DA:27,0
DA:29,0
DA:31,0
DA:33,0
DA:34,0
DA:41,0
DA:42,0
DA:43,0
DA:45,0
DA:46,0
DA:53,0
DA:56,0
DA:66,0
DA:68,0
DA:75,0
DA:77,0
DA:78,0
LF:20
LH:0
BRDA:45,0,0,0
BRDA:45,0,1,0
BRDA:45,1,0,0
BRDA:45,1,1,0
BRF:4
BRH:0
end_of_record
TN:
SF:app/api/keys/[id]/route.ts
FN:25,DELETE
FN:32,(anonymous_4)
FN:41,(anonymous_5)
FN:55,PATCH
FN:63,(anonymous_7)
FN:72,(anonymous_8)
FNF:6
FNH:0
FNDA:0,DELETE
FNDA:0,(anonymous_4)
FNDA:0,(anonymous_5)
FNDA:0,PATCH
FNDA:0,(anonymous_7)
FNDA:0,(anonymous_8)
DA:1,0
DA:4,0
DA:25,0
DA:29,0
DA:30,0
DA:32,0
DA:33,0
DA:34,0
DA:41,0
DA:43,0
DA:45,0
DA:47,0
DA:48,0
DA:55,0
DA:59,0
DA:60,0
DA:61,0
DA:63,0
DA:64,0
DA:65,0
DA:72,0
DA:74,0
DA:76,0
DA:78,0
DA:79,0
LF:25
LH:0
BRDA:33,0,0,0
BRDA:33,0,1,0
BRDA:64,1,0,0
BRDA:64,1,1,0
BRF:4
BRH:0
end_of_record
TN:
SF:app/api/system/health/route.ts
FN:23,GET
FN:26,(anonymous_2)
FNF:2
FNH:0
FNDA:0,GET
FNDA:0,(anonymous_2)
DA:1,0
DA:23,0
DA:24,0
DA:26,0
DA:28,0
DA:71,0
DA:73,0
DA:74,0
LF:8
LH:0
BRF:0
BRH:0
end_of_record
TN:
SF:app/data-api/loading.tsx
FN:3,Loading
FN:28,(anonymous_2)
FNF:2
FNH:0
FNDA:0,Loading
FNDA:0,(anonymous_2)
DA:1,0
DA:3,0
DA:29,0
LF:3
LH:0
BRF:0
BRH:0
end_of_record
TN:
SF:app/data-api/page.tsx
FN:46,DataAPIPage
FN:141,(anonymous_2)
FNF:2
FNH:0
FNDA:0,DataAPIPage
FNDA:0,(anonymous_2)
DA:3,0
DA:4,0
DA:5,0
DA:6,0
DA:7,0
DA:8,0
DA:9,0
DA:10,0
DA:11,0
DA:13,0
DA:46,0
DA:142,0
LF:12
LH:0
BRF:0
BRH:0
end_of_record
TN:
SF:app/faucet/page.tsx
FN:17,Faucet
FN:26,(anonymous_2)
FN:36,(anonymous_3)
FN:50,(anonymous_4)
FN:88,(anonymous_5)
FN:110,(anonymous_6)
FN:131,(anonymous_7)
FN:144,(anonymous_8)
FNF:8
FNH:0
FNDA:0,Faucet
FNDA:0,(anonymous_2)
FNDA:0,(anonymous_3)
FNDA:0,(anonymous_4)
FNDA:0,(anonymous_5)
FNDA:0,(anonymous_6)
FNDA:0,(anonymous_7)
FNDA:0,(anonymous_8)
DA:3,0
DA:5,0
DA:6,0
DA:7,0
DA:8,0
DA:9,0
DA:10,0
DA:11,0
DA:12,0
DA:13,0
DA:15,0
DA:17,0
DA:18,0
DA:19,0
DA:20,0
DA:21,0
DA:22,0
DA:26,0
DA:27,0
DA:28,0
DA:33,0
DA:36,0
DA:37,0
DA:38,0
DA:40,0
DA:46,0
DA:47,0
DA:50,0
DA:51,0
DA:52,0
DA:89,0
DA:111,0
DA:131,0
DA:144,0
LF:34
LH:0
BRDA:27,0,0,0
BRDA:27,0,1,0
BRDA:37,1,0,0
BRDA:37,1,1,0
BRDA:38,2,0,0
BRDA:38,2,1,0
BRDA:51,3,0,0
BRDA:51,3,1,0
BRDA:52,4,0,0
BRDA:52,4,1,0
BRF:10
BRH:0
end_of_record
TN:
SF:app/icm-messenger/page.tsx
FN:5,ICMMessengerPage
FNF:1
FNH:0
FNDA:0,ICMMessengerPage
DA:3,0
DA:5,0
LF:2
LH:0
BRF:0
BRH:0
end_of_record
TN:
SF:app/ictt-token-manager/page.tsx
FN:5,ICTTTokenManagerPage
FNF:1
FNH:0
FNDA:0,ICTTTokenManagerPage
DA:3,0
DA:5,0
LF:2
LH:0
BRF:0
BRH:0
end_of_record
TN:
SF:app/metrics-api/loading.tsx
FN:3,Loading
FNF:1
FNH:0
FNDA:0,Loading
DA:1,0
DA:3,0
LF:2
LH:0
BRF:0
BRH:0
end_of_record
TN:
SF:app/metrics-api/page.tsx
FN:13,MetricsAPIPage
FN:89,(anonymous_5)
FNF:2
FNH:0
FNDA:0,MetricsAPIPage
FNDA:0,(anonymous_5)
DA:3,0
DA:4,0
DA:6,0
DA:7,0
DA:9,0
DA:10,0
DA:11,0
DA:13,0
DA:14,0
DA:90,0
LF:10
LH:0
BRF:0
BRH:0
end_of_record
TN:
SF:app/rpcs/page.tsx
FN:103,RPCsPage
FN:113,(anonymous_2)
FN:123,(anonymous_3)
FN:124,(anonymous_4)
FN:125,(anonymous_5)
FN:187,(anonymous_6)
FN:200,(anonymous_7)
FN:214,(anonymous_8)
FN:256,(anonymous_9)
FN:271,(anonymous_10)
FN:284,(anonymous_11)
FN:285,(anonymous_12)
FN:286,(anonymous_13)
FN:300,(anonymous_14)
FN:301,(anonymous_15)
FN:302,(anonymous_16)
FN:317,(anonymous_17)
FN:319,(anonymous_18)
FN:345,(anonymous_19)
FNF:19
FNH:0
FNDA:0,RPCsPage
FNDA:0,(anonymous_2)
FNDA:0,(anonymous_3)
FNDA:0,(anonymous_4)
FNDA:0,(anonymous_5)
FNDA:0,(anonymous_6)
FNDA:0,(anonymous_7)
FNDA:0,(anonymous_8)
FNDA:0,(anonymous_9)
FNDA:0,(anonymous_10)
FNDA:0,(anonymous_11)
FNDA:0,(anonymous_12)
FNDA:0,(anonymous_13)
FNDA:0,(anonymous_14)
FNDA:0,(anonymous_15)
FNDA:0,(anonymous_16)
FNDA:0,(anonymous_17)
FNDA:0,(anonymous_18)
FNDA:0,(anonymous_19)
DA:3,0
DA:4,0
DA:5,0
DA:6,0
DA:7,0
DA:8,0
DA:9,0
DA:10,0
DA:11,0
DA:12,0
DA:13,0
DA:14,0
DA:15,0
DA:17,0
DA:30,0
DA:103,0
DA:104,0
DA:105,0
DA:106,0
DA:107,0
DA:109,0
DA:113,0
DA:114,0
DA:115,0
DA:120,0
DA:123,0
DA:124,0
DA:125,0
DA:128,0
DA:129,0
DA:130,0
DA:132,0
DA:135,0
DA:138,0
DA:146,0
DA:147,0
DA:150,0
DA:151,0
DA:154,0
DA:155,0
DA:156,0
DA:188,0
DA:200,0
DA:214,0
DA:257,0
DA:271,0
DA:285,0
DA:286,0
DA:287,0
DA:288,0
DA:291,0
DA:301,0
DA:302,0
DA:303,0
DA:304,0
DA:317,0
DA:319,0
DA:345,0
LF:58
LH:0
BRDA:114,0,0,0
BRDA:114,0,1,0
BRDA:125,1,0,0
BRDA:125,1,1,0
BRDA:128,2,0,0
BRDA:128,2,1,0
BRDA:135,3,0,0
BRDA:135,3,1,0
BRDA:146,4,0,0
BRDA:146,4,1,0
BRDA:154,5,0,0
BRDA:154,5,1,0
BRDA:270,6,0,0
BRDA:270,6,1,0
BRDA:286,7,0,0
BRDA:286,7,1,0
BRDA:287,8,0,0
BRDA:287,8,1,0
BRDA:287,9,0,0
BRDA:287,9,1,0
BRDA:302,10,0,0
BRDA:302,10,1,0
BRDA:303,11,0,0
BRDA:303,11,1,0
BRDA:303,12,0,0
BRDA:303,12,1,0
BRDA:317,13,0,0
BRDA:317,13,1,0
BRDA:332,14,0,0
BRDA:332,14,1,0
BRDA:336,15,0,0
BRDA:340,16,0,0
BRDA:340,16,1,0
BRDA:358,17,0,0
BRDA:363,18,0,0
BRF:35
BRH:0
end_of_record
TN:
SF:app/webhooks-api/loading.tsx
FN:3,Loading
FN:34,(anonymous_2)
FNF:2
FNH:0
FNDA:0,Loading
FNDA:0,(anonymous_2)
DA:1,0
DA:3,0
DA:35,0
LF:3
LH:0
BRF:0
BRH:0
end_of_record
TN:
SF:app/webhooks-api/page.tsx
FN:116,WebhooksAPIPage
FN:130,(anonymous_2)
FN:141,(anonymous_3)
FN:166,(anonymous_4)
FN:171,(anonymous_5)
FN:228,(anonymous_8)
FN:258,(anonymous_11)
FN:264,(anonymous_12)
FN:289,(anonymous_13)
FN:295,(anonymous_14)
FN:354,(anonymous_16)
FN:426,(anonymous_17)
FN:444,(anonymous_18)
FN:460,(anonymous_19)
FN:472,(anonymous_20)
FN:495,(anonymous_21)
FN:515,(anonymous_22)
FN:533,(anonymous_23)
FN:558,(anonymous_24)
FNF:19
FNH:0
FNDA:0,WebhooksAPIPage
FNDA:0,(anonymous_2)
FNDA:0,(anonymous_3)
FNDA:0,(anonymous_4)
FNDA:0,(anonymous_5)
FNDA:0,(anonymous_8)
FNDA:0,(anonymous_11)
FNDA:0,(anonymous_12)
FNDA:0,(anonymous_13)
FNDA:0,(anonymous_14)
FNDA:0,(anonymous_16)
FNDA:0,(anonymous_17)
FNDA:0,(anonymous_18)
FNDA:0,(anonymous_19)
FNDA:0,(anonymous_20)
FNDA:0,(anonymous_21)
FNDA:0,(anonymous_22)
FNDA:0,(anonymous_23)
FNDA:0,(anonymous_24)
DA:3,0
DA:4,0
DA:5,0
DA:6,0
DA:7,0
DA:8,0
DA:9,0
DA:10,0
DA:11,0
DA:12,0
DA:13,0
DA:14,0
DA:15,0
DA:17,0
DA:18,0
DA:19,0
DA:20,0
DA:23,0
DA:30,0
DA:38,0
DA:86,0
DA:116,0
DA:117,0
DA:118,0
DA:119,0
DA:120,0
DA:123,0
DA:124,0
DA:125,0
DA:126,0
DA:127,0
DA:128,0
DA:130,0
DA:131,0
DA:141,0
DA:166,0
DA:171,0
DA:228,0
DA:259,0
DA:265,0
DA:290,0
DA:296,0
DA:355,0
DA:427,0
DA:445,0
DA:460,0
DA:472,0
DA:495,0
DA:515,0
DA:533,0
DA:558,0
LF:51
LH:0
BRDA:141,0,0,0
BRDA:141,0,1,0
BRDA:215,1,0,0
BRDA:215,1,1,0
BRDA:259,2,0,0
BRDA:259,2,1,0
BRDA:263,3,0,0
BRDA:272,4,0,0
BRDA:290,5,0,0
BRDA:290,5,1,0
BRDA:294,6,0,0
BRDA:303,7,0,0
BRDA:370,8,0,0
BRDA:370,8,1,0
BRF:14
BRH:0
end_of_record
TN:
SF:components/theme-provider.tsx
FN:5,ThemeProvider
FNF:1
FNH:0
FNDA:0,ThemeProvider
DA:2,0
DA:5,0
LF:2
LH:0
BRF:0
BRH:0
end_of_record
TN:
SF:components/theme-toggle.tsx
FN:12,ThemeToggle
FN:19,(anonymous_2)
FNF:2
FNH:0
FNDA:0,ThemeToggle
FNDA:0,(anonymous_2)
DA:2,0
DA:3,0
DA:4,0
DA:6,0
DA:12,0
DA:13,0
DA:19,0
LF:7
LH:0
BRDA:19,0,0,0
BRDA:19,0,1,0
BRF:2
BRH:0
end_of_record
TN:
SF:components/charts/AreaChart.tsx
FNF:0
FNH:0
DA:1,0
DA:2,0
DA:32,0
LF:3
LH:0
BRF:0
BRH:0
end_of_record
TN:
SF:components/charts/PieChart.tsx
FN:25,(anonymous_3)
FNF:1
FNH:0
FNDA:0,(anonymous_3)
DA:1,0
DA:2,0
DA:26,0
DA:32,0
LF:4
LH:0
BRF:0
BRH:0
end_of_record
TN:
SF:components/common/ApiKeyTable.tsx
FN:22,ApiKeyTable
FN:37,(anonymous_3)
FN:60,(anonymous_4)
FNF:3
FNH:0
FNDA:0,ApiKeyTable
FNDA:0,(anonymous_3)
FNDA:0,(anonymous_4)
DA:1,0
DA:2,0
DA:3,0
DA:22,0
DA:38,0
DA:61,0
LF:6
LH:0
BRDA:22,0,0,0
BRDA:24,1,0,0
BRDA:24,1,1,0
BRDA:35,2,0,0
BRDA:35,2,1,0
BRDA:53,3,0,0
BRDA:53,3,1,0
BRDA:61,4,0,0
BRDA:61,4,1,0
BRF:9
BRH:0
end_of_record
TN:
SF:components/common/BaseDialog.tsx
FN:19,BaseDialog
FN:48,(anonymous_3)
FNF:2
FNH:0
FNDA:0,BaseDialog
FNDA:0,(anonymous_3)
DA:1,0
DA:2,0
DA:3,0
DA:19,0
DA:48,0
LF:5
LH:0
BRDA:26,0,0,0
BRDA:27,1,0,0
BRDA:29,2,0,0
BRDA:30,3,0,0
BRDA:37,4,0,0
BRDA:44,5,0,0
BRDA:44,5,1,0
BRDA:46,6,0,0
BRDA:51,7,0,0
BRF:9
BRH:0
end_of_record
TN:
SF:components/common/CodeExampleTabs.tsx
FN:79,CodeExampleTabs
FN:94,(anonymous_8)
FN:101,(anonymous_9)
FN:121,(anonymous_10)
FN:133,(anonymous_11)
FN:163,(anonymous_12)
FN:242,(anonymous_13)
FN:275,(anonymous_14)
FN:277,(anonymous_15)
FN:294,(anonymous_16)
FN:296,(anonymous_17)
FNF:11
FNH:0
FNDA:0,CodeExampleTabs
FNDA:0,(anonymous_8)
FNDA:0,(anonymous_9)
FNDA:0,(anonymous_10)
FNDA:0,(anonymous_11)
FNDA:0,(anonymous_12)
FNDA:0,(anonymous_13)
FNDA:0,(anonymous_14)
FNDA:0,(anonymous_15)
FNDA:0,(anonymous_16)
FNDA:0,(anonymous_17)
DA:3,0
DA:4,0
DA:5,0
DA:6,0
DA:7,0
DA:8,0
DA:9,0
DA:10,0
DA:11,0
DA:13,0
DA:16,0
DA:17,0
DA:18,0
DA:19,0
DA:20,0
DA:21,0
DA:24,0
DA:25,0
DA:26,0
DA:27,0
DA:28,0
DA:29,0
DA:32,0
DA:44,0
DA:79,0
DA:88,0
DA:89,0
DA:90,0
DA:91,0
DA:94,0
DA:95,0
DA:99,0
DA:101,0
DA:102,0
DA:103,0
DA:122,0
DA:134,0
DA:135,0
DA:163,0
DA:220,0
DA:240,0
DA:242,0
DA:276,0
DA:277,0
DA:279,0
DA:282,0
DA:283,0
DA:285,0
DA:291,0
DA:295,0
DA:296,0
DA:297,0
DA:306,0
LF:53
LH:0
BRDA:84,0,0,0
BRDA:85,1,0,0
BRDA:89,2,0,0
BRDA:89,2,1,0
BRDA:99,3,0,0
BRDA:99,3,1,0
BRDA:99,4,0,0
BRDA:99,4,1,0
BRDA:109,5,0,0
BRDA:109,5,1,0
BRDA:109,5,2,0
BRDA:111,6,0,0
BRDA:112,7,0,0
BRDA:139,8,0,0
BRDA:141,9,0,0
BRDA:173,10,0,0
BRDA:181,11,0,0
BRDA:181,11,1,0
BRDA:220,12,0,0
BRDA:220,12,1,0
BRDA:223,13,0,0
BRDA:223,13,1,0
BRDA:225,14,0,0
BRDA:226,15,0,0
BRDA:247,16,0,0
BRDA:247,16,1,0
BRDA:255,17,0,0
BRDA:255,17,1,0
BRDA:263,18,0,0
BRDA:263,18,1,0
BRDA:269,19,0,0
BRDA:269,19,1,0
BRDA:279,20,0,0
BRDA:279,20,1,0
BRDA:282,21,0,0
BRDA:282,21,1,0
BRDA:283,22,0,0
BRDA:283,22,1,0
BRDA:283,23,0,0
BRDA:283,23,1,0
BRF:40
BRH:0
end_of_record
TN:
SF:components/common/CodeSnippet.tsx
FN:58,CodeSnippet
FN:70,(anonymous_3)
FNF:2
FNH:0
FNDA:0,CodeSnippet
FNDA:0,(anonymous_3)
DA:1,0
DA:2,0
DA:3,0
DA:4,0
DA:6,0
DA:9,0
DA:10,0
DA:11,0
DA:12,0
DA:13,0
DA:14,0
DA:17,0
DA:18,0
DA:19,0
DA:20,0
DA:21,0
DA:22,0
DA:25,0
DA:37,0
DA:58,0
DA:66,0
DA:67,0
DA:70,0
DA:71,0
DA:75,0
LF:25
LH:0
BRDA:60,0,0,0
BRDA:63,1,0,0
BRDA:64,2,0,0
BRDA:75,3,0,0
BRDA:75,3,1,0
BRDA:75,4,0,0
BRDA:75,4,1,0
BRDA:79,5,0,0
BRDA:79,5,1,0
BRDA:81,6,0,0
BRDA:82,7,0,0
BRF:11
BRH:0
end_of_record
TN:
SF:components/common/ComingSoon.tsx
FN:9,ComingSoon
FNF:1
FNH:0
FNDA:0,ComingSoon
DA:1,0
DA:9,0
LF:2
LH:0
BRDA:10,0,0,0
BRDA:11,1,0,0
BRDA:12,2,0,0
BRF:3
BRH:0
end_of_record
TN:
SF:components/common/CopyButton.tsx
FN:13,CopyButton
FN:20,(anonymous_2)
FNF:2
FNH:2
FNDA:7,CopyButton
FNDA:3,(anonymous_2)
DA:1,1
DA:2,1
DA:3,1
DA:13,7
DA:20,7
DA:21,3
DA:22,3
DA:23,2
DA:28,1
LF:9
LH:9
BRDA:15,0,0,5
BRDA:16,1,0,7
BRDA:18,2,0,6
BRF:3
BRH:3
end_of_record
TN:
SF:components/common/OptimizedImage.tsx
FN:9,OptimizedImage
FN:29,(anonymous_3)
FN:30,(anonymous_4)
FNF:3
FNH:0
FNDA:0,OptimizedImage
FNDA:0,(anonymous_3)
FNDA:0,(anonymous_4)
DA:1,0
DA:2,0
DA:3,0
DA:9,0
DA:16,0
DA:17,0
DA:29,0
DA:31,0
DA:32,0
LF:9
LH:0
BRDA:13,0,0,0
BRDA:22,1,0,0
BRDA:22,1,1,0
BRDA:26,2,0,0
BRDA:26,2,1,0
BRF:5
BRH:0
end_of_record
TN:
SF:components/common/ReactBestPracticesDemo.tsx
FN:91,BestPracticeItem
FN:126,ReactBestPracticesDemo
FN:136,(anonymous_6)
FN:138,(anonymous_7)
FN:142,(anonymous_8)
FN:144,(anonymous_9)
FN:151,(anonymous_10)
FN:155,(anonymous_11)
FN:159,(anonymous_12)
FN:223,(anonymous_13)
FN:228,(anonymous_14)
FN:238,(anonymous_15)
FN:262,(anonymous_16)
FNF:13
FNH:0
FNDA:0,BestPracticeItem
FNDA:0,ReactBestPracticesDemo
FNDA:0,(anonymous_6)
FNDA:0,(anonymous_7)
FNDA:0,(anonymous_8)
FNDA:0,(anonymous_9)
FNDA:0,(anonymous_10)
FNDA:0,(anonymous_11)
FNDA:0,(anonymous_12)
FNDA:0,(anonymous_13)
FNDA:0,(anonymous_14)
FNDA:0,(anonymous_15)
FNDA:0,(anonymous_16)
DA:15,0
DA:16,0
DA:17,0
DA:18,0
DA:19,0
DA:20,0
DA:21,0
DA:22,0
DA:38,0
DA:83,0
DA:91,0
DA:126,0
DA:129,0
DA:130,0
DA:133,0
DA:136,0
DA:137,0
DA:138,0
DA:142,0
DA:143,0
DA:144,0
DA:145,0
DA:147,0
DA:151,0
DA:152,0
DA:155,0
DA:156,0
DA:159,0
DA:161,0
DA:162,0
DA:224,0
DA:228,0
DA:239,0
DA:261,0
DA:263,0
LF:35
LH:0
BRDA:100,0,0,0
BRDA:127,1,0,0
BRDA:137,2,0,0
BRDA:137,2,1,0
BRDA:207,3,0,0
BRDA:207,3,1,0
BRDA:226,4,0,0
BRDA:226,4,1,0
BRDA:244,5,0,0
BRDA:244,5,1,0
BRF:10
BRH:0
end_of_record
TN:
SF:components/common/StatusBadge.tsx
FN:11,StatusBadge
FN:12,(anonymous_2)
FN:31,(anonymous_3)
FNF:3
FNH:2
FNDA:10,StatusBadge
FNDA:10,(anonymous_2)
FNDA:0,(anonymous_3)
DA:1,1
DA:2,1
DA:11,10
DA:12,10
DA:13,10
DA:16,4
DA:20,1
DA:23,1
DA:25,4
DA:27,0
DA:31,10
DA:32,0
DA:42,0
LF:13
LH:10
BRDA:11,0,0,10
BRDA:13,1,0,0
BRDA:13,1,1,4
BRDA:13,1,2,0
BRDA:13,1,3,0
BRDA:13,1,4,1
BRDA:13,1,5,0
BRDA:13,1,6,1
BRDA:13,1,7,4
BRDA:13,1,8,0
BRDA:32,2,0,0
BRDA:32,2,1,0
BRDA:32,2,2,0
BRDA:47,3,0,10
BRDA:47,3,1,9
BRDA:48,4,0,10
BRDA:48,4,1,0
BRDA:49,5,0,10
BRDA:49,5,1,1
BRF:19
BRH:10
end_of_record
TN:
SF:components/common/index.ts
FNF:0
FNH:0
DA:2,0
DA:3,0
DA:4,0
DA:5,0
DA:6,0
DA:9,0
DA:12,0
DA:13,0
DA:17,0
DA:21,0
LF:10
LH:0
BRF:0
BRH:0
end_of_record
TN:
SF:components/common/withErrorBoundary.tsx
FN:13,withErrorBoundary
FN:17,(anonymous_5)
FN:35,useErrorBoundary
FN:38,(anonymous_7)
FN:42,(anonymous_8)
FNF:5
FNH:0
FNDA:0,withErrorBoundary
FNDA:0,(anonymous_5)
FNDA:0,useErrorBoundary
FNDA:0,(anonymous_7)
FNDA:0,(anonymous_8)
DA:1,0
DA:2,0
DA:13,0
DA:17,0
DA:26,0
DA:28,0
DA:35,0
DA:36,0
DA:38,0
DA:39,0
DA:42,0
DA:43,0
DA:47,0
DA:48,0
DA:51,0
LF:15
LH:0
BRDA:15,0,0,0
BRDA:26,1,0,0
BRDA:26,1,1,0
BRDA:47,2,0,0
BRDA:47,2,1,0
BRF:5
BRH:0
end_of_record
TN:
SF:components/dashboard/DeveloperResources.tsx
FN:38,DeveloperResources
FN:41,(anonymous_2)
FNF:2
FNH:2
FNDA:8,DeveloperResources
FNDA:32,(anonymous_2)
DA:1,1
DA:2,1
DA:11,1
DA:38,8
DA:42,32
LF:5
LH:5
BRDA:52,0,0,32
BRDA:52,0,1,0
BRDA:53,1,0,32
BRDA:53,1,1,0
BRDA:60,2,0,32
BRF:5
BRH:3
end_of_record
TN:
SF:components/dashboard/QuickActions.tsx
FN:6,QuickActions
FN:14,(anonymous_2)
FNF:2
FNH:0
FNDA:0,QuickActions
FNDA:0,(anonymous_2)
DA:1,0
DA:2,0
DA:3,0
DA:4,0
DA:6,0
DA:15,0
LF:6
LH:0
BRF:0
BRH:0
end_of_record
TN:
SF:components/dashboard/RecentActivity.tsx
FN:44,RecentActivity
FN:56,(anonymous_2)
FNF:2
FNH:0
FNDA:0,RecentActivity
FNDA:0,(anonymous_2)
DA:1,0
DA:2,0
DA:3,0
DA:13,0
DA:44,0
DA:57,0
LF:6
LH:0
BRF:0
BRH:0
end_of_record
TN:
SF:components/dashboard/SystemStatus.tsx
FN:6,SystemStatus
FN:17,(anonymous_2)
FNF:2
FNH:2
FNDA:8,SystemStatus
FNDA:32,(anonymous_2)
DA:1,1
DA:2,1
DA:3,1
DA:4,1
DA:6,8
DA:18,32
LF:6
LH:6
BRDA:21,0,0,24
BRDA:21,0,1,8
BRDA:22,1,0,24
BRDA:22,1,1,8
BRF:4
BRH:4
end_of_record
TN:
SF:components/dashboard/UsageStats.tsx
FN:6,UsageStats
FN:9,(anonymous_2)
FNF:2
FNH:0
FNDA:0,UsageStats
FNDA:0,(anonymous_2)
DA:1,0
DA:2,0
DA:3,0
DA:4,0
DA:6,0
DA:10,0
LF:6
LH:0
BRDA:18,0,0,0
BRDA:18,0,1,0
BRDA:20,1,0,0
BRDA:20,1,1,0
BRDA:27,2,0,0
BRDA:27,2,1,0
BRDA:29,3,0,0
BRDA:29,3,1,0
BRF:8
BRH:0
end_of_record
TN:
SF:components/forms/AsyncForm.tsx
FN:26,AsyncForm
FN:41,(anonymous_7)
FN:45,(anonymous_8)
FN:56,(anonymous_9)
FN:68,(anonymous_10)
FN:69,(anonymous_11)
FN:76,(anonymous_12)
FN:84,(anonymous_13)
FN:85,(anonymous_14)
FN:145,useAsyncForm
FN:152,(anonymous_16)
FN:153,(anonymous_17)
FN:156,(anonymous_18)
FN:157,(anonymous_19)
FN:160,(anonymous_20)
FN:161,(anonymous_21)
FN:164,(anonymous_22)
FNF:17
FNH:17
FNDA:20,AsyncForm
FNDA:5,(anonymous_7)
FNDA:5,(anonymous_8)
FNDA:3,(anonymous_9)
FNDA:1,(anonymous_10)
FNDA:1,(anonymous_11)
FNDA:1,(anonymous_12)
FNDA:1,(anonymous_13)
FNDA:1,(anonymous_14)
FNDA:12,useAsyncForm
FNDA:4,(anonymous_16)
FNDA:4,(anonymous_17)
FNDA:2,(anonymous_18)
FNDA:2,(anonymous_19)
FNDA:2,(anonymous_20)
FNDA:2,(anonymous_21)
FNDA:1,(anonymous_22)
DA:1,1
DA:2,1
DA:3,1
DA:4,1
DA:26,9
DA:35,20
DA:41,20
DA:42,5
DA:45,5
DA:52,5
DA:53,5
DA:54,5
DA:56,3
DA:63,3
DA:64,1
DA:68,3
DA:69,1
DA:76,1
DA:84,20
DA:85,1
DA:145,12
DA:146,12
DA:152,12
DA:153,4
DA:156,12
DA:157,2
DA:160,12
DA:161,2
DA:164,12
DA:165,1
DA:168,12
LF:31
LH:31
BRDA:29,0,0,19
BRDA:30,1,0,17
BRDA:31,2,0,19
BRDA:32,3,0,19
BRDA:33,4,0,17
BRDA:63,5,0,1
BRDA:63,5,1,2
BRDA:79,6,0,1
BRDA:79,6,1,0
BRDA:96,7,0,20
BRDA:115,8,0,20
BRDA:127,9,0,20
BRDA:127,9,1,19
BRDA:130,10,0,5
BRDA:130,10,1,15
BRF:15
BRH:14
end_of_record
TN:
SF:components/forms/FormField.tsx
FN:21,FormField
FN:33,(anonymous_3)
FN:42,(anonymous_4)
FN:60,(anonymous_5)
FN:71,(anonymous_6)
FNF:5
FNH:0
FNDA:0,FormField
FNDA:0,(anonymous_3)
FNDA:0,(anonymous_4)
FNDA:0,(anonymous_5)
FNDA:0,(anonymous_6)
DA:1,0
DA:2,0
DA:3,0
DA:4,0
DA:5,0
DA:6,0
DA:21,0
DA:33,0
DA:34,0
DA:43,0
DA:60,0
DA:71,0
LF:12
LH:0
BRDA:24,0,0,0
BRDA:25,1,0,0
BRDA:29,2,0,0
BRDA:80,3,0,0
BRDA:80,3,1,0
BRDA:83,4,0,0
BRDA:86,5,0,0
BRF:7
BRH:0
end_of_record
TN:
SF:components/forms/FormSelect.tsx
FN:22,FormSelect
FN:45,(anonymous_3)
FNF:2
FNH:0
FNDA:0,FormSelect
FNDA:0,(anonymous_3)
DA:1,0
DA:2,0
DA:3,0
DA:22,0
DA:33,0
DA:46,0
LF:6
LH:0
BRDA:27,0,0,0
BRDA:28,1,0,0
BRDA:30,2,0,0
BRDA:33,3,0,0
BRDA:33,3,1,0
BRDA:38,4,0,0
BRDA:41,5,0,0
BRDA:41,5,1,0
BRDA:52,6,0,0
BRF:9
BRH:0
end_of_record
TN:
SF:components/forms/index.ts
FNF:0
FNH:0
DA:2,0
DA:3,0
DA:4,0
LF:3
LH:0
BRF:0
BRH:0
end_of_record
TN:
SF:components/layout/AppLayout.tsx
FN:30,AppLayout
FN:35,(anonymous_6)
FN:36,(anonymous_7)
FN:43,(anonymous_8)
FN:47,(anonymous_9)
FN:74,(anonymous_10)
FNF:6
FNH:0
FNDA:0,AppLayout
FNDA:0,(anonymous_6)
FNDA:0,(anonymous_7)
FNDA:0,(anonymous_8)
FNDA:0,(anonymous_9)
FNDA:0,(anonymous_10)
DA:3,0
DA:15,0
DA:16,0
DA:17,0
DA:18,0
DA:19,0
DA:20,0
DA:21,0
DA:22,0
DA:23,0
DA:24,0
DA:30,0
DA:31,0
DA:32,0
DA:35,0
DA:36,0
DA:43,0
DA:44,0
DA:47,0
DA:48,0
DA:75,0
LF:21
LH:0
BRDA:38,0,0,0
BRDA:38,0,1,0
BRDA:38,0,2,0
BRDA:82,1,0,0
BRDA:82,1,1,0
BRDA:89,2,0,0
BRDA:89,2,1,0
BRDA:98,3,0,0
BRF:8
BRH:0
end_of_record
TN:
SF:components/layout/PageHeader.tsx
FN:9,PageHeader
FNF:1
FNH:0
FNDA:0,PageHeader
DA:1,0
DA:9,0
LF:2
LH:0
BRDA:15,0,0,0
BRDA:19,1,0,0
BRF:2
BRH:0
end_of_record
TN:
SF:components/layout/PageLayout.tsx
FN:11,PageLayout
FN:25,PageHeader
FN:50,PageContent
FNF:3
FNH:0
FNDA:0,PageLayout
FNDA:0,PageHeader
FNDA:0,PageContent
DA:3,0
DA:4,0
DA:11,0
DA:25,0
DA:50,0
LF:5
LH:0
BRDA:30,0,0,0
BRDA:36,1,0,0
BRF:2
BRH:0
end_of_record
TN:
SF:components/layout/StandardPageLayout.tsx
FN:12,StandardPageLayout
FNF:1
FNH:0
FNDA:0,StandardPageLayout
DA:1,0
DA:2,0
DA:12,0
LF:3
LH:0
BRDA:21,0,0,0
BRDA:21,0,1,0
BRDA:24,1,0,0
BRDA:27,2,0,0
BRDA:31,3,0,0
BRF:5
BRH:0
end_of_record
TN:
SF:components/metrics/CodeExamples.tsx
FN:17,CodeExamples
FN:25,(anonymous_3)
FN:34,(anonymous_4)
FN:39,(anonymous_5)
FNF:4
FNH:0
FNDA:0,CodeExamples
FNDA:0,(anonymous_3)
FNDA:0,(anonymous_4)
FNDA:0,(anonymous_5)
DA:1,0
DA:2,0
DA:3,0
DA:4,0
DA:5,0
DA:6,0
DA:17,0
DA:25,0
DA:26,0
DA:34,0
DA:35,0
DA:39,0
DA:40,0
DA:45,0
LF:14
LH:0
BRDA:43,0,0,0
BRDA:43,0,1,0
BRF:2
BRH:0
end_of_record
TN:
SF:components/metrics/MetricsChart.tsx
FN:17,MetricsChart
FN:26,(anonymous_3)
FN:34,(anonymous_4)
FN:125,(anonymous_5)
FN:134,(anonymous_6)
FN:140,(anonymous_7)
FNF:6
FNH:0
FNDA:0,MetricsChart
FNDA:0,(anonymous_3)
FNDA:0,(anonymous_4)
FNDA:0,(anonymous_5)
FNDA:0,(anonymous_6)
FNDA:0,(anonymous_7)
DA:1,0
DA:2,0
DA:3,0
DA:4,0
DA:5,0
DA:17,0
DA:26,0
DA:34,0
DA:35,0
DA:37,0
DA:38,0
DA:40,0
DA:42,0
DA:43,0
DA:45,0
DA:48,0
DA:49,0
DA:51,0
DA:54,0
DA:58,0
DA:74,0
DA:125,0
DA:135,0
DA:136,0
DA:138,0
DA:140,0
LF:26
LH:0
BRDA:21,0,0,0
BRDA:22,1,0,0
BRDA:35,2,0,0
BRDA:35,2,1,0
BRDA:37,3,0,0
BRDA:37,3,1,0
BRDA:38,4,0,0
BRDA:38,4,1,0
BRDA:40,5,0,0
BRDA:40,5,1,0
BRDA:43,6,0,0
BRDA:43,6,1,0
BRDA:43,7,0,0
BRDA:43,7,1,0
BRDA:49,8,0,0
BRDA:49,8,1,0
BRDA:51,9,0,0
BRDA:51,9,1,0
BRDA:52,10,0,0
BRDA:52,10,1,0
BRDA:54,11,0,0
BRDA:54,11,1,0
BRDA:55,12,0,0
BRDA:55,12,1,0
BRDA:58,13,0,0
BRDA:58,13,1,0
BRDA:63,14,0,0
BRDA:74,15,0,0
BRDA:74,15,1,0
BRDA:79,16,0,0
BRDA:96,17,0,0
BRDA:135,18,0,0
BRDA:135,18,1,0
BRDA:135,19,0,0
BRDA:135,19,1,0
BRF:35
BRH:0
end_of_record
TN:
SF:components/metrics/MetricsControls.tsx
FN:22,MetricsControls
FN:34,(anonymous_3)
FN:65,(anonymous_4)
FN:84,(anonymous_5)
FN:103,(anonymous_6)
FN:122,(anonymous_7)
FNF:6
FNH:0
FNDA:0,MetricsControls
FNDA:0,(anonymous_3)
FNDA:0,(anonymous_4)
FNDA:0,(anonymous_5)
FNDA:0,(anonymous_6)
FNDA:0,(anonymous_7)
DA:1,0
DA:2,0
DA:3,0
DA:4,0
DA:5,0
DA:6,0
DA:7,0
DA:22,0
DA:34,0
DA:66,0
DA:85,0
DA:104,0
DA:123,0
LF:13
LH:0
BRDA:32,0,0,0
BRDA:48,1,0,0
BRDA:48,1,1,0
BRDA:133,2,0,0
BRF:4
BRH:0
end_of_record
TN:
SF:components/ui/accordion.tsx
FNF:0
FNH:0
DA:3,0
DA:4,0
DA:5,0
DA:7,0
DA:9,0
DA:21,0
DA:41,0
DA:56,0
DA:58,0
LF:9
LH:0
BRF:0
BRH:0
end_of_record
TN:
SF:components/ui/alert-dialog.tsx
FNF:0
FNH:0
DA:3,0
DA:4,0
DA:6,0
DA:7,0
DA:9,0
DA:11,0
DA:13,0
DA:28,0
DA:46,0
DA:60,0
DA:74,0
DA:86,0
DA:98,0
DA:111,0
DA:127,0
DA:130,0
DA:131,0
DA:132,0
DA:133,0
DA:134,0
DA:135,0
DA:136,0
DA:137,0
DA:138,0
DA:139,0
DA:140,0
LF:26
LH:0
BRF:0
BRH:0
end_of_record
TN:
SF:components/ui/alert.tsx
FNF:0
FNH:0
DA:1,1
DA:2,1
DA:4,1
DA:6,1
DA:33,1
DA:45,1
DA:57,1
DA:59,4
LF:8
LH:8
BRF:0
BRH:0
end_of_record
TN:
SF:components/ui/announcement-banner.tsx
FN:67,AnnouncementBanner
FN:74,(anonymous_2)
FN:77,(anonymous_3)
FN:78,(anonymous_4)
FN:81,(anonymous_5)
FN:84,(anonymous_6)
FN:85,(anonymous_7)
FN:89,(anonymous_8)
FN:90,(anonymous_9)
FN:94,(anonymous_10)
FN:99,(anonymous_11)
FN:101,(anonymous_12)
FN:102,(anonymous_13)
FN:111,(anonymous_14)
FN:112,(anonymous_15)
FN:119,(anonymous_16)
FN:143,(anonymous_17)
FN:157,(anonymous_18)
FN:183,(anonymous_19)
FN:205,(anonymous_20)
FN:208,(anonymous_21)
FNF:21
FNH:0
FNDA:0,AnnouncementBanner
FNDA:0,(anonymous_2)
FNDA:0,(anonymous_3)
FNDA:0,(anonymous_4)
FNDA:0,(anonymous_5)
FNDA:0,(anonymous_6)
FNDA:0,(anonymous_7)
FNDA:0,(anonymous_8)
FNDA:0,(anonymous_9)
FNDA:0,(anonymous_10)
FNDA:0,(anonymous_11)
FNDA:0,(anonymous_12)
FNDA:0,(anonymous_13)
FNDA:0,(anonymous_14)
FNDA:0,(anonymous_15)
FNDA:0,(anonymous_16)
FNDA:0,(anonymous_17)
FNDA:0,(anonymous_18)
FNDA:0,(anonymous_19)
FNDA:0,(anonymous_20)
FNDA:0,(anonymous_21)
DA:3,0
DA:4,0
DA:5,0
DA:22,0
DA:67,0
DA:68,0
DA:69,0
DA:70,0
DA:71,0
DA:74,0
DA:75,0
DA:77,0
DA:78,0
DA:81,0
DA:84,0
DA:85,0
DA:86,0
DA:89,0
DA:90,0
DA:91,0
DA:94,0
DA:95,0
DA:96,0
DA:99,0
DA:100,0
DA:101,0
DA:102,0
DA:106,0
DA:111,0
DA:112,0
DA:120,0
DA:144,0
DA:145,0
DA:147,0
DA:158,0
DA:159,0
DA:161,0
DA:183,0
DA:206,0
DA:208,0
LF:40
LH:0
BRDA:75,0,0,0
BRDA:75,0,1,0
BRDA:100,1,0,0
BRDA:100,1,1,0
BRDA:106,2,0,0
BRDA:106,2,1,0
BRDA:106,3,0,0
BRDA:106,3,1,0
BRDA:110,4,0,0
BRDA:110,4,1,0
BRDA:144,5,0,0
BRDA:144,5,1,0
BRDA:158,6,0,0
BRDA:158,6,1,0
BRDA:210,7,0,0
BRDA:210,7,1,0
BRF:16
BRH:0
end_of_record
TN:
SF:components/ui/aspect-ratio.tsx
FNF:0
FNH:0
DA:3,0
DA:5,0
DA:7,0
LF:3
LH:0
BRF:0
BRH:0
end_of_record
TN:
SF:components/ui/avatar.tsx
FNF:0
FNH:0
DA:3,0
DA:4,0
DA:6,0
DA:21,0
DA:33,0
DA:48,0
DA:50,0
LF:7
LH:0
BRF:0
BRH:0
end_of_record
TN:
SF:components/ui/badge.tsx
FN:30,Badge
FNF:1
FNH:1
FNDA:42,Badge
DA:1,2
DA:2,2
DA:4,2
DA:6,2
DA:36,42
LF:5
LH:5
BRF:0
BRH:0
end_of_record
TN:
SF:components/ui/breadcrumb.tsx
FN:47,(anonymous_14)
FNF:1
FNH:0
FNDA:0,(anonymous_14)
DA:1,0
DA:2,0
DA:3,0
DA:5,0
DA:13,0
DA:28,0
DA:40,0
DA:42,0
DA:48,0
DA:58,0
DA:73,0
DA:89,0
DA:105,0
DA:108,0
DA:109,0
DA:110,0
DA:111,0
DA:112,0
DA:113,0
DA:114,0
LF:20
LH:0
BRDA:48,0,0,0
BRDA:48,0,1,0
BRDA:86,1,0,0
BRDA:86,1,1,0
BRF:4
BRH:0
end_of_record
TN:
SF:components/ui/breadcrumbs.tsx
FN:17,Breadcrumbs
FN:27,(anonymous_6)
FNF:2
FNH:0
FNDA:0,Breadcrumbs
FNDA:0,(anonymous_6)
DA:1,0
DA:2,0
DA:3,0
DA:4,0
DA:17,0
DA:28,0
LF:6
LH:0
BRDA:31,0,0,0
BRDA:30,1,0,0
BRDA:30,1,1,0
BRDA:41,2,0,0
BRDA:41,2,1,0
BRF:5
BRH:0
end_of_record
TN:
SF:components/ui/button.tsx
FN:43,(anonymous_6)
FNF:1
FNH:1
FNDA:46,(anonymous_6)
DA:1,3
DA:2,3
DA:3,3
DA:5,3
DA:7,3
DA:42,3
DA:44,46
DA:54,3
DA:56,46
LF:9
LH:9
BRDA:43,0,0,45
BRDA:44,1,0,1
BRDA:44,1,1,45
BRF:3
BRH:3
end_of_record
TN:
SF:components/ui/calendar.tsx
FN:12,Calendar
FN:57,(anonymous_5)
FNF:2
FNH:0
FNDA:0,Calendar
FNDA:0,(anonymous_5)
DA:3,0
DA:4,0
DA:5,0
DA:7,0
DA:8,0
DA:58,0
DA:68,0
DA:70,0
LF:8
LH:0
BRDA:15,0,0,0
BRDA:58,1,0,0
BRDA:58,1,1,0
BRF:3
BRH:0
end_of_record
TN:
SF:components/ui/card.tsx
FNF:0
FNH:0
DA:1,1
DA:3,1
DA:18,1
DA:30,1
DA:45,1
DA:57,1
DA:65,1
DA:77,1
DA:79,8
LF:9
LH:9
BRF:0
BRH:0
end_of_record
TN:
SF:components/ui/carousel.tsx
FN:35,useCarousel
FN:49,(anonymous_11)
FN:71,(anonymous_12)
FN:80,(anonymous_13)
FN:84,(anonymous_14)
FN:89,(anonymous_15)
FN:101,(anonymous_16)
FN:109,(anonymous_17)
FN:118,(anonymous_18)
FN:156,(anonymous_19)
FN:178,(anonymous_20)
FN:200,(anonymous_21)
FN:229,(anonymous_22)
FNF:13
FNH:0
FNDA:0,useCarousel
FNDA:0,(anonymous_11)
FNDA:0,(anonymous_12)
FNDA:0,(anonymous_13)
FNDA:0,(anonymous_14)
FNDA:0,(anonymous_15)
FNDA:0,(anonymous_16)
FNDA:0,(anonymous_17)
FNDA:0,(anonymous_18)
FNDA:0,(anonymous_19)
FNDA:0,(anonymous_20)
FNDA:0,(anonymous_21)
FNDA:0,(anonymous_22)
DA:3,0
DA:6,0
DA:7,0
DA:9,0
DA:10,0
DA:33,0
DA:36,0
DA:38,0
DA:39,0
DA:42,0
DA:45,0
DA:61,0
DA:68,0
DA:69,0
DA:71,0
DA:72,0
DA:73,0
DA:76,0
DA:77,0
DA:80,0
DA:81,0
DA:84,0
DA:85,0
DA:88,0
DA:90,0
DA:91,0
DA:92,0
DA:93,0
DA:94,0
DA:95,0
DA:101,0
DA:102,0
DA:103,0
DA:106,0
DA:109,0
DA:110,0
DA:111,0
DA:114,0
DA:115,0
DA:116,0
DA:118,0
DA:119,0
DA:151,0
DA:153,0
DA:157,0
DA:173,0
DA:175,0
DA:179,0
DA:195,0
DA:197,0
DA:201,0
DA:224,0
DA:226,0
DA:230,0
DA:253,0
DA:257,0
DA:258,0
DA:259,0
DA:260,0
DA:261,0
LF:60
LH:0
BRDA:38,0,0,0
BRDA:38,0,1,0
BRDA:51,1,0,0
BRDA:64,2,0,0
BRDA:64,2,1,0
BRDA:72,3,0,0
BRDA:72,3,1,0
BRDA:90,4,0,0
BRDA:90,4,1,0
BRDA:93,5,0,0
BRDA:93,5,1,0
BRDA:102,6,0,0
BRDA:102,6,1,0
BRDA:102,7,0,0
BRDA:102,7,1,0
BRDA:110,8,0,0
BRDA:110,8,1,0
BRDA:130,9,0,0
BRDA:130,9,1,0
BRDA:130,10,0,0
BRDA:130,10,1,0
BRDA:165,11,0,0
BRDA:165,11,1,0
BRDA:188,12,0,0
BRDA:188,12,1,0
BRDA:200,13,0,0
BRDA:200,14,0,0
BRDA:210,15,0,0
BRDA:210,15,1,0
BRDA:229,16,0,0
BRDA:229,17,0,0
BRDA:239,18,0,0
BRDA:239,18,1,0
BRF:33
BRH:0
end_of_record
TN:
SF:components/ui/chart-container.tsx
FN:17,ChartContainer
FNF:1
FNH:0
FNDA:0,ChartContainer
DA:1,0
DA:2,0
DA:3,0
DA:17,0
LF:4
LH:0
BRDA:29,0,0,0
BRF:1
BRH:0
end_of_record
TN:
SF:components/ui/chart-loading.tsx
FN:11,ChartLoading
FNF:1
FNH:0
FNDA:0,ChartLoading
DA:1,0
DA:11,0
DA:12,0
DA:16,0
DA:24,0
LF:5
LH:0
BRDA:12,0,0,0
BRDA:12,0,1,0
BRDA:16,1,0,0
BRDA:16,1,1,0
BRF:4
BRH:0
end_of_record
TN:
SF:components/ui/chart.tsx
FN:31,useChart
FN:45,(anonymous_14)
FN:66,(anonymous_15)
FN:68,(anonymous_16)
FN:80,(anonymous_17)
FN:83,(anonymous_18)
FN:125,(anonymous_19)
FN:145,(anonymous_20)
FN:197,(anonymous_21)
FN:284,(anonymous_22)
FN:303,(anonymous_23)
FN:335,getPayloadConfigFromPayload
FNF:12
FNH:0
FNDA:0,useChart
FNDA:0,(anonymous_14)
FNDA:0,(anonymous_15)
FNDA:0,(anonymous_16)
FNDA:0,(anonymous_17)
FNDA:0,(anonymous_18)
FNDA:0,(anonymous_19)
FNDA:0,(anonymous_20)
FNDA:0,(anonymous_21)
FNDA:0,(anonymous_22)
FNDA:0,(anonymous_23)
FNDA:0,getPayloadConfigFromPayload
DA:3,0
DA:4,0
DA:8,0
DA:11,0
DA:29,0
DA:32,0
DA:33,0
DA:34,0
DA:36,0
DA:44,0
DA:64,0
DA:66,0
DA:67,0
DA:68,0
DA:71,0
DA:72,0
DA:80,0
DA:85,0
DA:87,0
DA:99,0
DA:124,0
DA:143,0
DA:145,0
DA:146,0
DA:147,0
DA:150,0
DA:151,0
DA:152,0
DA:154,0
DA:158,0
DA:166,0
DA:167,0
DA:181,0
DA:182,0
DA:185,0
DA:198,0
DA:199,0
DA:200,0
DA:202,0
DA:266,0
DA:268,0
DA:283,0
DA:288,0
DA:290,0
DA:291,0
DA:304,0
DA:305,0
DA:307,0
DA:332,0
DA:340,0
DA:341,0
DA:344,0
DA:346,0
DA:348,0
DA:349,0
DA:350,0
DA:351,0
DA:354,0
DA:358,0
DA:359,0
DA:360,0
DA:361,0
DA:362,0
DA:363,0
DA:364,0
DA:365,0
DA:366,0
LF:67
LH:0
BRDA:33,0,0,0
BRDA:33,0,1,0
BRDA:45,1,0,0
BRDA:68,2,0,0
BRDA:68,2,1,0
BRDA:71,3,0,0
BRDA:71,3,1,0
BRDA:85,4,0,0
BRDA:85,4,1,0
BRDA:87,5,0,0
BRDA:87,5,1,0
BRDA:130,6,0,0
BRDA:131,7,0,0
BRDA:132,8,0,0
BRDA:146,9,0,0
BRDA:146,9,1,0
BRDA:146,10,0,0
BRDA:146,10,1,0
BRDA:151,11,0,0
BRDA:151,11,1,0
BRDA:151,11,2,0
BRDA:151,11,3,0
BRDA:154,12,0,0
BRDA:154,12,1,0
BRDA:154,13,0,0
BRDA:154,13,1,0
BRDA:155,14,0,0
BRDA:155,14,1,0
BRDA:158,15,0,0
BRDA:158,15,1,0
BRDA:166,16,0,0
BRDA:166,16,1,0
BRDA:181,17,0,0
BRDA:181,17,1,0
BRDA:181,18,0,0
BRDA:181,18,1,0
BRDA:185,19,0,0
BRDA:185,19,1,0
BRDA:195,20,0,0
BRDA:195,20,1,0
BRDA:198,21,0,0
BRDA:198,21,1,0
BRDA:198,21,2,0
BRDA:198,21,3,0
BRDA:200,22,0,0
BRDA:200,22,1,0
BRDA:200,22,2,0
BRDA:207,23,0,0
BRDA:207,23,1,0
BRDA:211,24,0,0
BRDA:210,25,0,0
BRDA:210,25,1,0
BRDA:210,25,2,0
BRDA:215,26,0,0
BRDA:217,27,0,0
BRDA:226,28,0,0
BRDA:226,28,1,0
BRDA:241,29,0,0
BRDA:241,29,1,0
BRDA:245,30,0,0
BRDA:245,30,1,0
BRDA:247,31,0,0
BRDA:247,31,1,0
BRDA:250,32,0,0
BRDA:285,33,0,0
BRDA:285,34,0,0
BRDA:290,35,0,0
BRDA:290,35,1,0
BRDA:299,36,0,0
BRDA:299,36,1,0
BRDA:304,37,0,0
BRDA:304,37,1,0
BRDA:304,37,2,0
BRDA:315,38,0,0
BRDA:314,39,0,0
BRDA:314,39,1,0
BRDA:340,40,0,0
BRDA:340,40,1,0
BRDA:348,41,0,0
BRDA:348,41,1,0
BRDA:348,42,0,0
BRDA:348,42,1,0
BRDA:350,43,0,0
BRDA:350,43,1,0
BRDA:350,44,0,0
BRDA:350,44,1,0
BRDA:350,44,2,0
BRDA:354,45,0,0
BRDA:354,45,1,0
BRF:89
BRH:0
end_of_record
TN:
SF:components/ui/checkbox.tsx
FNF:0
FNH:0
DA:3,0
DA:4,0
DA:5,0
DA:7,0
DA:28,0
DA:30,0
LF:6
LH:0
BRF:0
BRH:0
end_of_record
TN:
SF:components/ui/collapsible.tsx
FNF:0
FNH:0
DA:3,0
DA:5,0
DA:7,0
DA:9,0
DA:11,0
LF:5
LH:0
BRF:0
BRH:0
end_of_record
TN:
SF:components/ui/command.tsx
FN:26,(anonymous_14)
FN:127,(anonymous_21)
FNF:2
FNH:0
FNDA:0,(anonymous_14)
FNDA:0,(anonymous_21)
DA:3,0
DA:5,0
DA:6,0
DA:8,0
DA:9,0
DA:24,0
DA:26,0
DA:55,0
DA:68,0
DA:81,0
DA:97,0
DA:109,0
DA:125,0
DA:127,0
DA:141,0
DA:144,0
DA:145,0
DA:146,0
DA:147,0
DA:148,0
DA:149,0
DA:150,0
DA:151,0
DA:152,0
LF:24
LH:0
BRF:0
BRH:0
end_of_record
TN:
SF:components/ui/context-menu.tsx
FN:168,(anonymous_27)
FNF:1
FNH:0
FNDA:0,(anonymous_27)
DA:3,0
DA:4,0
DA:5,0
DA:7,0
DA:9,0
DA:11,0
DA:13,0
DA:15,0
DA:17,0
DA:19,0
DA:40,0
DA:55,0
DA:72,0
DA:90,0
DA:113,0
DA:136,0
DA:154,0
DA:166,0
DA:168,0
DA:182,0
DA:185,0
DA:186,0
DA:187,0
DA:188,0
DA:189,0
DA:190,0
DA:191,0
DA:192,0
DA:193,0
DA:194,0
DA:195,0
DA:196,0
DA:197,0
DA:198,0
DA:199,0
LF:35
LH:0
BRDA:31,0,0,0
BRDA:31,0,1,0
BRDA:84,1,0,0
BRDA:84,1,1,0
BRDA:148,2,0,0
BRDA:148,2,1,0
BRF:6
BRH:0
end_of_record
TN:
SF:components/ui/data-api-slider.tsx
FN:7,DataAPISlider
FNF:1
FNH:0
FNDA:0,DataAPISlider
DA:3,0
DA:4,0
DA:5,0
DA:7,0
LF:4
LH:0
BRF:0
BRH:0
end_of_record
TN:
SF:components/ui/dialog.tsx
FNF:0
FNH:0
DA:3,0
DA:4,0
DA:5,0
DA:7,0
DA:9,0
DA:11,0
DA:13,0
DA:15,0
DA:30,0
DA:54,0
DA:68,0
DA:82,0
DA:97,0
DA:109,0
DA:112,0
DA:113,0
DA:114,0
DA:115,0
DA:116,0
DA:117,0
DA:118,0
DA:119,0
DA:120,0
DA:121,0
LF:24
LH:0
BRF:0
BRH:0
end_of_record
TN:
SF:components/ui/drawer.tsx
FNF:0
FNH:0
DA:3,0
DA:4,0
DA:6,0
DA:17,0
DA:19,0
DA:21,0
DA:23,0
DA:35,0
DA:56,0
DA:67,0
DA:78,0
DA:93,0
DA:105,0
DA:108,0
DA:109,0
DA:110,0
DA:111,0
DA:112,0
DA:113,0
DA:114,0
DA:115,0
DA:116,0
DA:117,0
LF:23
LH:0
BRDA:9,0,0,0
BRF:1
BRH:0
end_of_record
TN:
SF:components/ui/dropdown-menu.tsx
FN:171,(anonymous_27)
FNF:1
FNH:0
FNDA:0,(anonymous_27)
DA:3,0
DA:4,0
DA:5,0
DA:7,0
DA:9,0
DA:11,0
DA:13,0
DA:15,0
DA:17,0
DA:19,0
DA:40,0
DA:56,0
DA:75,0
DA:93,0
DA:116,0
DA:139,0
DA:157,0
DA:169,0
DA:171,0
DA:182,0
DA:185,0
DA:186,0
DA:187,0
DA:188,0
DA:189,0
DA:190,0
DA:191,0
DA:192,0
DA:193,0
DA:194,0
DA:195,0
DA:196,0
DA:197,0
DA:198,0
DA:199,0
LF:35
LH:0
BRDA:31,0,0,0
BRDA:31,0,1,0
BRDA:62,1,0,0
BRDA:87,2,0,0
BRDA:87,2,1,0
BRDA:151,3,0,0
BRDA:151,3,1,0
BRF:7
BRH:0
end_of_record
TN:
SF:components/ui/endpoint-legend.tsx
FN:11,EndpointLegend
FN:14,(anonymous_2)
FNF:2
FNH:0
FNDA:0,EndpointLegend
FNDA:0,(anonymous_2)
DA:11,0
DA:15,0
LF:2
LH:0
BRF:0
BRH:0
end_of_record
TN:
SF:components/ui/enhanced-card.tsx
FN:9,(anonymous_10)
FNF:1
FNH:1
FNDA:32,(anonymous_10)
DA:1,1
DA:2,1
DA:4,1
DA:10,32
DA:29,1
DA:41,1
DA:56,1
DA:68,1
DA:76,1
DA:88,1
DA:91,32
DA:92,0
DA:93,0
DA:94,0
DA:95,0
DA:96,32
LF:16
LH:12
BRDA:9,0,0,0
BRF:1
BRH:0
end_of_record
TN:
SF:components/ui/enhanced-toast.tsx
FN:10,(anonymous_1)
FN:19,(anonymous_2)
FN:28,(anonymous_3)
FN:37,(anonymous_4)
FNF:4
FNH:0
FNDA:0,(anonymous_1)
FNDA:0,(anonymous_2)
FNDA:0,(anonymous_3)
FNDA:0,(anonymous_4)
DA:1,0
DA:9,0
DA:11,0
DA:20,0
DA:29,0
DA:38,0
LF:6
LH:0
BRDA:10,0,0,0
BRDA:19,1,0,0
BRDA:28,2,0,0
BRDA:37,3,0,0
BRF:4
BRH:0
end_of_record
TN:
SF:components/ui/error-boundary.tsx
FN:29,(anonymous_11)
FN:82,(anonymous_12)
FN:34,(anonymous_13)
FN:39,(anonymous_14)
FN:64,(anonymous_15)
FN:64,(anonymous_16)
FN:89,(anonymous_17)
FN:121,DefaultErrorFallback
FN:131,(anonymous_19)
FN:209,ErrorMessage
FNF:10
FNH:0
FNDA:0,(anonymous_11)
FNDA:0,(anonymous_12)
FNDA:0,(anonymous_13)
FNDA:0,(anonymous_14)
FNDA:0,(anonymous_15)
FNDA:0,(anonymous_16)
FNDA:0,(anonymous_17)
FNDA:0,DefaultErrorFallback
FNDA:0,(anonymous_19)
FNDA:0,ErrorMessage
DA:3,0
DA:4,0
DA:5,0
DA:6,0
DA:7,0
DA:8,0
DA:30,0
DA:31,0
DA:35,0
DA:36,0
DA:40,0
DA:42,0
DA:45,0
DA:58,0
DA:61,0
DA:64,0
DA:65,0
DA:73,0
DA:74,0
DA:83,0
DA:84,0
DA:85,0
DA:90,0
DA:91,0
DA:106,0
DA:131,0
DA:132,0
DA:140,0
DA:143,0
DA:218,0
DA:238,0
DA:247,0
DA:256,0
DA:265,0
LF:34
LH:0
BRDA:83,0,0,0
BRDA:83,0,1,0
BRDA:42,1,0,0
BRDA:42,1,1,0
BRDA:50,2,0,0
BRDA:50,2,1,0
BRDA:51,3,0,0
BRDA:51,3,1,0
BRDA:53,4,0,0
BRDA:53,4,1,0
BRDA:54,5,0,0
BRDA:54,5,1,0
BRDA:67,6,0,0
BRDA:67,6,1,0
BRDA:68,7,0,0
BRDA:68,7,1,0
BRDA:73,8,0,0
BRDA:73,8,1,0
BRDA:73,9,0,0
BRDA:73,9,1,0
BRDA:90,10,0,0
BRDA:90,10,1,0
BRDA:91,11,0,0
BRDA:91,11,1,0
BRDA:125,12,0,0
BRDA:126,13,0,0
BRDA:127,14,0,0
BRDA:128,15,0,0
BRDA:146,16,0,0
BRDA:146,16,1,0
BRDA:147,17,0,0
BRDA:147,17,1,0
BRDA:151,18,0,0
BRDA:151,18,1,0
BRDA:154,19,0,0
BRDA:154,19,1,0
BRDA:155,20,0,0
BRDA:164,21,0,0
BRDA:176,22,0,0
BRDA:176,22,1,0
BRDA:199,23,0,0
BRDA:218,24,0,0
BRDA:218,24,1,0
BRDA:226,25,0,0
BRF:44
BRH:0
end_of_record
TN:
SF:components/ui/faucet-slider.tsx
FN:7,FaucetSlider
FNF:1
FNH:0
FNDA:0,FaucetSlider
DA:3,0
DA:4,0
DA:5,0
DA:7,0
LF:4
LH:0
BRF:0
BRH:0
end_of_record
TN:
SF:components/ui/feature-slider.tsx
FN:22,FeatureSlider
FN:62,(anonymous_2)
FN:84,SlideContent
FN:126,SliderControls
FN:170,(anonymous_5)
FN:173,(anonymous_6)
FNF:6
FNH:0
FNDA:0,FeatureSlider
FNDA:0,(anonymous_2)
FNDA:0,SlideContent
FNDA:0,SliderControls
FNDA:0,(anonymous_5)
FNDA:0,(anonymous_6)
DA:3,0
DA:4,0
DA:5,0
DA:6,0
DA:22,0
DA:38,0
DA:44,0
DA:63,0
DA:84,0
DA:126,0
DA:171,0
DA:173,0
LF:12
LH:0
BRDA:24,0,0,0
BRDA:44,1,0,0
BRDA:44,1,1,0
BRDA:44,2,0,0
BRDA:44,2,1,0
BRDA:50,3,0,0
BRDA:50,3,1,0
BRDA:175,4,0,0
BRDA:175,4,1,0
BRF:9
BRH:0
end_of_record
TN:
SF:components/ui/feedback-modal.tsx
FN:15,FeedbackModal
FN:20,(anonymous_2)
FN:21,(anonymous_3)
FN:33,(anonymous_4)
FN:39,(anonymous_5)
FN:53,(anonymous_6)
FN:68,(anonymous_7)
FN:74,(anonymous_8)
FNF:8
FNH:0
FNDA:0,FeedbackModal
FNDA:0,(anonymous_2)
FNDA:0,(anonymous_3)
FNDA:0,(anonymous_4)
FNDA:0,(anonymous_5)
FNDA:0,(anonymous_6)
FNDA:0,(anonymous_7)
FNDA:0,(anonymous_8)
DA:3,0
DA:4,0
DA:5,0
DA:6,0
DA:7,0
DA:8,0
DA:15,0
DA:16,0
DA:17,0
DA:20,0
DA:21,0
DA:22,0
DA:23,0
DA:27,0
DA:28,0
DA:30,0
DA:33,0
DA:34,0
DA:35,0
DA:39,0
DA:40,0
DA:41,0
DA:46,0
DA:49,0
DA:51,0
DA:53,0
DA:55,0
DA:60,0
DA:61,0
DA:62,0
DA:64,0
DA:68,0
DA:69,0
DA:70,0
DA:74,0
DA:75,0
DA:78,0
LF:37
LH:0
BRDA:22,0,0,0
BRDA:22,0,1,0
BRDA:22,1,0,0
BRDA:22,1,1,0
BRDA:27,2,0,0
BRDA:27,2,1,0
BRDA:40,3,0,0
BRDA:40,3,1,0
BRDA:64,4,0,0
BRDA:64,4,1,0
BRDA:69,5,0,0
BRDA:69,5,1,0
BRDA:78,6,0,0
BRDA:78,6,1,0
BRDA:126,7,0,0
BRDA:135,8,0,0
BRDA:135,8,1,0
BRDA:138,9,0,0
BRDA:138,9,1,0
BRF:19
BRH:0
end_of_record
TN:
SF:components/ui/form.tsx
FN:31,(anonymous_12)
FN:44,(anonymous_13)
FN:78,(anonymous_14)
FN:92,(anonymous_15)
FN:109,(anonymous_16)
FN:131,(anonymous_17)
FN:148,(anonymous_18)
FNF:7
FNH:0
FNDA:0,(anonymous_12)
FNDA:0,(anonymous_13)
FNDA:0,(anonymous_14)
FNDA:0,(anonymous_15)
FNDA:0,(anonymous_16)
FNDA:0,(anonymous_17)
FNDA:0,(anonymous_18)
DA:3,0
DA:5,0
DA:13,0
DA:15,0
DA:16,0
DA:18,0
DA:27,0
DA:31,0
DA:44,0
DA:45,0
DA:46,0
DA:47,0
DA:49,0
DA:51,0
DA:52,0
DA:55,0
DA:57,0
DA:71,0
DA:75,0
DA:79,0
DA:87,0
DA:89,0
DA:93,0
DA:104,0
DA:106,0
DA:110,0
DA:126,0
DA:128,0
DA:132,0
DA:143,0
DA:145,0
DA:149,0
DA:150,0
DA:152,0
DA:153,0
DA:167,0
DA:170,0
DA:171,0
DA:172,0
DA:173,0
DA:174,0
DA:175,0
DA:176,0
DA:177,0
LF:44
LH:0
BRDA:51,0,0,0
BRDA:51,0,1,0
BRDA:98,1,0,0
BRDA:98,1,1,0
BRDA:117,2,0,0
BRDA:117,2,1,0
BRDA:150,3,0,0
BRDA:150,3,1,0
BRDA:152,4,0,0
BRDA:152,4,1,0
BRF:10
BRH:0
end_of_record
TN:
SF:components/ui/hover-card.tsx
FNF:0
FNH:0
DA:3,0
DA:4,0
DA:6,0
DA:8,0
DA:10,0
DA:27,0
DA:29,0
LF:7
LH:0
BRDA:15,0,0,0
BRDA:15,1,0,0
BRF:2
BRH:0
end_of_record
TN:
SF:components/ui/input-otp.tsx
FN:36,(anonymous_10)
FNF:1
FNH:0
FNDA:0,(anonymous_10)
DA:3,0
DA:4,0
DA:5,0
DA:7,0
DA:23,0
DA:31,0
DA:33,0
DA:37,0
DA:38,0
DA:59,0
DA:69,0
DA:71,0
LF:12
LH:0
BRDA:45,0,0,0
BRDA:45,0,1,0
BRDA:51,1,0,0
BRF:3
BRH:0
end_of_record
TN:
SF:components/ui/input.tsx
FN:6,(anonymous_4)
FNF:1
FNH:1
FNDA:14,(anonymous_4)
DA:1,1
DA:3,1
DA:5,1
DA:20,1
DA:22,14
LF:5
LH:5
BRF:0
BRH:0
end_of_record
TN:
SF:components/ui/label.tsx
FNF:0
FNH:0
DA:3,0
DA:4,0
DA:5,0
DA:7,0
DA:9,0
DA:24,0
DA:26,0
LF:7
LH:0
BRF:0
BRH:0
end_of_record
TN:
SF:components/ui/loading-placeholder.tsx
FN:6,LoadingPlaceholder
FNF:1
FNH:0
FNDA:0,LoadingPlaceholder
DA:6,0
LF:1
LH:0
BRDA:6,0,0,0
BRF:1
BRH:0
end_of_record
TN:
SF:components/ui/menubar.tsx
FN:203,(anonymous_30)
FNF:1
FNH:0
FNDA:0,(anonymous_30)
DA:3,0
DA:4,0
DA:5,0
DA:7,0
DA:9,0
DA:11,0
DA:13,0
DA:15,0
DA:17,0
DA:32,0
DA:47,0
DA:68,0
DA:83,0
DA:108,0
DA:126,0
DA:149,0
DA:171,0
DA:189,0
DA:201,0
DA:203,0
DA:217,0
DA:220,0
DA:221,0
DA:222,0
DA:223,0
DA:224,0
DA:225,0
DA:226,0
DA:227,0
DA:228,0
DA:229,0
DA:230,0
DA:231,0
DA:232,0
DA:233,0
DA:234,0
DA:235,0
LF:37
LH:0
BRDA:59,0,0,0
BRDA:59,0,1,0
BRDA:90,1,0,0
BRDA:90,2,0,0
BRDA:90,3,0,0
BRDA:120,4,0,0
BRDA:120,4,1,0
BRDA:183,5,0,0
BRDA:183,5,1,0
BRF:9
BRH:0
end_of_record
TN:
SF:components/ui/metrics-api-slider.tsx
FN:7,MetricsAPISlider
FNF:1
FNH:0
FNDA:0,MetricsAPISlider
DA:3,0
DA:4,0
DA:5,0
DA:7,0
LF:4
LH:0
BRF:0
BRH:0
end_of_record
TN:
SF:components/ui/navigation-menu.tsx
FNF:0
FNH:0
DA:1,0
DA:2,0
DA:3,0
DA:4,0
DA:6,0
DA:24,0
DA:39,0
DA:41,0
DA:43,0
DA:63,0
DA:78,0
DA:80,0
DA:97,0
DA:115,0
DA:119,0
DA:120,0
DA:121,0
DA:122,0
DA:123,0
DA:124,0
DA:125,0
DA:126,0
DA:127,0
LF:23
LH:0
BRF:0
BRH:0
end_of_record
TN:
SF:components/ui/page-header.tsx
FN:7,PageHeader
FNF:1
FNH:0
FNDA:0,PageHeader
DA:7,0
LF:1
LH:0
BRDA:7,0,0,0
BRDA:11,1,0,0
BRF:2
BRH:0
end_of_record
TN:
SF:components/ui/pagination.tsx
FNF:0
FNH:0
DA:1,0
DA:2,0
DA:4,0
DA:5,0
DA:15,0
DA:27,0
DA:35,0
DA:60,0
DA:76,0
DA:92,0
DA:107,0
DA:110,0
DA:111,0
DA:112,0
DA:113,0
DA:114,0
DA:115,0
DA:116,0
LF:18
LH:0
BRDA:45,0,0,0
BRDA:49,1,0,0
BRDA:49,1,1,0
BRDA:52,2,0,0
BRDA:52,2,1,0
BRF:5
BRH:0
end_of_record
TN:
SF:components/ui/popover.tsx
FNF:0
FNH:0
DA:3,0
DA:4,0
DA:6,0
DA:8,0
DA:10,0
DA:29,0
DA:31,0
LF:7
LH:0
BRDA:15,0,0,0
BRDA:15,1,0,0
BRF:2
BRH:0
end_of_record
TN:
SF:components/ui/progress.tsx
FNF:0
FNH:0
DA:3,0
DA:4,0
DA:6,0
DA:26,0
DA:28,0
LF:5
LH:0
BRDA:22,0,0,0
BRDA:22,0,1,0
BRF:2
BRH:0
end_of_record
TN:
SF:components/ui/radio-group.tsx
FN:12,(anonymous_6)
FN:26,(anonymous_7)
FNF:2
FNH:0
FNDA:0,(anonymous_6)
FNDA:0,(anonymous_7)
DA:3,0
DA:4,0
DA:5,0
DA:7,0
DA:9,0
DA:21,0
DA:23,0
DA:42,0
DA:44,0
LF:9
LH:0
BRF:0
BRH:0
end_of_record
TN:
SF:components/ui/resizable.tsx
FNF:0
FNH:0
DA:3,0
DA:4,0
DA:6,0
DA:21,0
DA:45,0
LF:5
LH:0
BRDA:37,0,0,0
BRF:1
BRH:0
end_of_record
TN:
SF:components/ui/responsive-container.tsx
FN:8,ResponsiveContainer
FNF:1
FNH:0
FNDA:0,ResponsiveContainer
DA:1,0
DA:8,0
LF:2
LH:0
BRDA:8,0,0,0
BRF:1
BRH:0
end_of_record
TN:
SF:components/ui/responsive-table.tsx
FN:21,ResponsiveTable
FN:30,(anonymous_2)
FN:43,(anonymous_3)
FN:55,(anonymous_4)
FN:57,(anonymous_5)
FN:58,(anonymous_6)
FN:65,(anonymous_7)
FN:83,(anonymous_8)
FN:101,(anonymous_9)
FN:129,(anonymous_10)
FN:137,(anonymous_11)
FN:139,(anonymous_12)
FNF:12
FNH:0
FNDA:0,ResponsiveTable
FNDA:0,(anonymous_2)
FNDA:0,(anonymous_3)
FNDA:0,(anonymous_4)
FNDA:0,(anonymous_5)
FNDA:0,(anonymous_6)
FNDA:0,(anonymous_7)
FNDA:0,(anonymous_8)
FNDA:0,(anonymous_9)
FNDA:0,(anonymous_10)
FNDA:0,(anonymous_11)
FNDA:0,(anonymous_12)
DA:3,0
DA:4,0
DA:5,0
DA:6,0
DA:7,0
DA:21,0
DA:27,0
DA:28,0
DA:30,0
DA:31,0
DA:32,0
DA:33,0
DA:35,0
DA:37,0
DA:40,0
DA:44,0
DA:52,0
DA:56,0
DA:57,0
DA:58,0
DA:60,0
DA:66,0
DA:83,0
DA:102,0
DA:130,0
DA:138,0
DA:140,0
LF:27
LH:0
BRDA:32,0,0,0
BRDA:32,0,1,0
BRDA:40,1,0,0
BRDA:40,1,1,0
BRDA:40,2,0,0
BRDA:40,2,1,0
BRDA:52,3,0,0
BRDA:52,3,1,0
BRDA:71,4,0,0
BRDA:71,4,1,0
BRDA:71,5,0,0
BRDA:71,5,1,0
BRDA:78,6,0,0
BRDA:87,7,0,0
BRDA:99,8,0,0
BRDA:107,9,0,0
BRDA:107,9,1,0
BRDA:107,10,0,0
BRDA:107,10,1,0
BRDA:141,11,0,0
BRDA:141,11,1,0
BRDA:141,12,0,0
BRDA:141,12,1,0
BRF:23
BRH:0
end_of_record
TN:
SF:components/ui/rpc-slider.tsx
FN:7,RPCSlider
FNF:1
FNH:0
FNDA:0,RPCSlider
DA:3,0
DA:4,0
DA:5,0
DA:7,0
LF:4
LH:0
BRF:0
BRH:0
end_of_record
TN:
SF:components/ui/scroll-area.tsx
FNF:0
FNH:0
DA:3,0
DA:4,0
DA:6,0
DA:24,0
DA:46,0
DA:48,0
LF:6
LH:0
BRDA:29,0,0,0
BRDA:35,1,0,0
BRDA:35,1,1,0
BRDA:37,2,0,0
BRDA:37,2,1,0
BRF:5
BRH:0
end_of_record
TN:
SF:components/ui/select.tsx
FNF:0
FNH:0
DA:3,0
DA:4,0
DA:5,0
DA:7,0
DA:9,0
DA:11,0
DA:13,0
DA:33,0
DA:50,0
DA:67,0
DA:100,0
DA:112,0
DA:135,0
DA:147,0
DA:150,0
DA:151,0
DA:152,0
DA:153,0
DA:154,0
DA:155,0
DA:156,0
DA:157,0
DA:158,0
DA:159,0
LF:24
LH:0
BRDA:73,0,0,0
BRDA:79,1,0,0
BRDA:79,1,1,0
BRDA:90,2,0,0
BRDA:90,2,1,0
BRF:5
BRH:0
end_of_record
TN:
SF:components/ui/separator.tsx
FNF:0
FNH:0
DA:3,0
DA:4,0
DA:6,0
DA:29,0
DA:31,0
LF:5
LH:0
BRDA:13,0,0,0
BRDA:13,1,0,0
BRDA:22,2,0,0
BRDA:22,2,1,0
BRF:4
BRH:0
end_of_record
TN:
SF:components/ui/sheet.tsx
FNF:0
FNH:0
DA:3,0
DA:4,0
DA:5,0
DA:6,0
DA:8,0
DA:10,0
DA:12,0
DA:14,0
DA:16,0
DA:31,0
DA:33,0
DA:80,0
DA:94,0
DA:108,0
DA:120,0
DA:132,0
DA:135,0
DA:136,0
DA:137,0
DA:138,0
DA:139,0
DA:140,0
DA:141,0
DA:142,0
DA:143,0
DA:144,0
LF:26
LH:0
BRDA:61,0,0,0
BRDA:61,1,0,0
BRF:2
BRH:0
end_of_record
TN:
SF:components/ui/sidebar.tsx
FN:41,useSidebar
FN:58,(anonymous_29)
FN:78,(anonymous_30)
FN:93,(anonymous_31)
FN:95,(anonymous_32)
FN:96,(anonymous_33)
FN:100,(anonymous_34)
FN:101,(anonymous_35)
FN:112,(anonymous_36)
FN:120,(anonymous_37)
FN:167,(anonymous_38)
FN:266,(anonymous_39)
FN:276,(anonymous_40)
FN:292,(anonymous_41)
FN:321,(anonymous_42)
FN:339,(anonymous_43)
FN:357,(anonymous_44)
FN:372,(anonymous_45)
FN:387,(anonymous_46)
FN:402,(anonymous_47)
FN:420,(anonymous_48)
FN:435,(anonymous_49)
FN:456,(anonymous_50)
FN:545,(anonymous_54)
FN:602,(anonymous_55)
FN:653,(anonymous_57)
FN:655,(anonymous_58)
FN:716,(anonymous_61)
FNF:28
FNH:0
FNDA:0,useSidebar
FNDA:0,(anonymous_29)
FNDA:0,(anonymous_30)
FNDA:0,(anonymous_31)
FNDA:0,(anonymous_32)
FNDA:0,(anonymous_33)
FNDA:0,(anonymous_34)
FNDA:0,(anonymous_35)
FNDA:0,(anonymous_36)
FNDA:0,(anonymous_37)
FNDA:0,(anonymous_38)
FNDA:0,(anonymous_39)
FNDA:0,(anonymous_40)
FNDA:0,(anonymous_41)
FNDA:0,(anonymous_42)
FNDA:0,(anonymous_43)
FNDA:0,(anonymous_44)
FNDA:0,(anonymous_45)
FNDA:0,(anonymous_46)
FNDA:0,(anonymous_47)
FNDA:0,(anonymous_48)
FNDA:0,(anonymous_49)
FNDA:0,(anonymous_50)
FNDA:0,(anonymous_54)
FNDA:0,(anonymous_55)
FNDA:0,(anonymous_57)
FNDA:0,(anonymous_58)
FNDA:0,(anonymous_61)
DA:3,0
DA:4,0
DA:5,0
DA:6,0
DA:8,0
DA:9,0
DA:10,0
DA:11,0
DA:12,0
DA:13,0
DA:14,0
DA:20,0
DA:22,0
DA:23,0
DA:24,0
DA:25,0
DA:26,0
DA:27,0
DA:39,0
DA:42,0
DA:43,0
DA:44,0
DA:47,0
DA:50,0
DA:70,0
DA:71,0
DA:75,0
DA:76,0
DA:77,0
DA:79,0
DA:80,0
DA:81,0
DA:83,0
DA:87,0
DA:93,0
DA:94,0
DA:95,0
DA:96,0
DA:100,0
DA:101,0
DA:102,0
DA:106,0
DA:107,0
DA:111,0
DA:112,0
DA:117,0
DA:119,0
DA:120,0
DA:157,0
DA:159,0
DA:178,0
DA:180,0
DA:195,0
DA:261,0
DA:263,0
DA:267,0
DA:277,0
DA:278,0
DA:287,0
DA:289,0
DA:293,0
DA:316,0
DA:318,0
DA:334,0
DA:336,0
DA:352,0
DA:354,0
DA:367,0
DA:369,0
DA:382,0
DA:384,0
DA:397,0
DA:399,0
DA:415,0
DA:417,0
DA:430,0
DA:432,0
DA:436,0
DA:451,0
DA:453,0
DA:457,0
DA:474,0
DA:487,0
DA:500,0
DA:513,0
DA:515,0
DA:537,0
DA:557,0
DA:558,0
DA:571,0
DA:572,0
DA:575,0
DA:576,0
DA:594,0
DA:596,0
DA:603,0
DA:625,0
DA:646,0
DA:648,0
DA:655,0
DA:656,0
DA:684,0
DA:701,0
DA:707,0
DA:709,0
DA:717,0
DA:737,0
DA:740,0
DA:741,0
DA:742,0
DA:743,0
DA:744,0
DA:745,0
DA:746,0
DA:747,0
DA:748,0
DA:749,0
DA:750,0
DA:751,0
DA:752,0
DA:753,0
DA:754,0
DA:755,0
DA:756,0
DA:757,0
DA:758,0
DA:759,0
DA:760,0
DA:761,0
DA:762,0
DA:763,0
LF:131
LH:0
BRDA:43,0,0,0
BRDA:43,0,1,0
BRDA:60,1,0,0
BRDA:76,2,0,0
BRDA:76,2,1,0
BRDA:79,3,0,0
BRDA:79,3,1,0
BRDA:80,4,0,0
BRDA:80,4,1,0
BRDA:94,5,0,0
BRDA:94,5,1,0
BRDA:102,6,0,0
BRDA:102,6,1,0
BRDA:103,7,0,0
BRDA:103,7,1,0
BRDA:103,7,2,0
BRDA:117,8,0,0
BRDA:117,8,1,0
BRDA:169,9,0,0
BRDA:170,10,0,0
BRDA:171,11,0,0
BRDA:180,12,0,0
BRDA:180,12,1,0
BRDA:195,13,0,0
BRDA:195,13,1,0
BRDA:221,14,0,0
BRDA:221,14,1,0
BRDA:231,15,0,0
BRDA:231,15,1,0
BRDA:231,16,0,0
BRDA:231,16,1,0
BRDA:239,17,0,0
BRDA:239,17,1,0
BRDA:243,18,0,0
BRDA:243,18,1,0
BRDA:243,19,0,0
BRDA:243,19,1,0
BRDA:435,20,0,0
BRDA:436,21,0,0
BRDA:436,21,1,0
BRDA:456,22,0,0
BRDA:457,23,0,0
BRDA:457,23,1,0
BRDA:547,24,0,0
BRDA:548,25,0,0
BRDA:549,26,0,0
BRDA:550,27,0,0
BRDA:557,28,0,0
BRDA:557,28,1,0
BRDA:571,29,0,0
BRDA:571,29,1,0
BRDA:575,30,0,0
BRDA:575,30,1,0
BRDA:587,31,0,0
BRDA:587,31,1,0
BRDA:602,32,0,0
BRDA:602,33,0,0
BRDA:603,34,0,0
BRDA:603,34,1,0
BRDA:617,35,0,0
BRDA:617,35,1,0
BRDA:653,36,0,0
BRDA:666,37,0,0
BRDA:716,38,0,0
BRDA:716,39,0,0
BRDA:717,40,0,0
BRDA:717,40,1,0
BRDA:728,41,0,0
BRDA:728,41,1,0
BRDA:729,42,0,0
BRDA:729,42,1,0
BRF:71
BRH:0
end_of_record
TN:
SF:components/ui/skeleton.tsx
FN:3,Skeleton
FN:15,SkeletonCard
FN:27,SkeletonTable
FN:38,(anonymous_8)
FN:52,SkeletonSlider
FNF:5
FNH:0
FNDA:0,Skeleton
FNDA:0,SkeletonCard
FNDA:0,SkeletonTable
FNDA:0,(anonymous_8)
FNDA:0,SkeletonSlider
DA:1,0
DA:39,0
DA:69,0
LF:3
LH:0
BRF:0
BRH:0
end_of_record
TN:
SF:components/ui/slider.tsx
FNF:0
FNH:0
DA:3,0
DA:4,0
DA:6,0
DA:26,0
DA:28,0
LF:5
LH:0
BRF:0
BRH:0
end_of_record
TN:
SF:components/ui/sonner.tsx
FN:8,(anonymous_1)
FNF:1
FNH:0
FNDA:0,(anonymous_1)
DA:3,0
DA:4,0
DA:8,0
DA:9,0
DA:31,0
LF:5
LH:0
BRDA:9,0,0,0
BRF:1
BRH:0
end_of_record
TN:
SF:components/ui/status-indicator.tsx
FN:46,StatusIndicator
FN:88,StatusBadge
FNF:2
FNH:0
FNDA:0,StatusIndicator
FNDA:0,StatusBadge
DA:1,0
DA:2,0
DA:3,0
DA:13,0
DA:46,0
DA:53,0
DA:54,0
DA:88,0
DA:89,0
LF:9
LH:0
BRDA:50,0,0,0
BRDA:51,1,0,0
BRDA:63,2,0,0
BRDA:63,2,1,0
BRDA:63,2,2,0
BRDA:66,3,0,0
BRDA:66,3,1,0
BRDA:75,4,0,0
BRDA:79,5,0,0
BRF:9
BRH:0
end_of_record
TN:
SF:components/ui/switch.tsx
FNF:0
FNH:0
DA:3,0
DA:4,0
DA:6,0
DA:27,0
DA:29,0
LF:5
LH:0
BRF:0
BRH:0
end_of_record
TN:
SF:components/ui/table.tsx
FNF:0
FNH:0
DA:1,0
DA:3,0
DA:17,0
DA:25,0
DA:37,0
DA:52,0
DA:67,0
DA:82,0
DA:94,0
DA:106,0
DA:109,0
DA:110,0
DA:111,0
DA:112,0
DA:113,0
DA:114,0
DA:115,0
DA:116,0
LF:18
LH:0
BRF:0
BRH:0
end_of_record
TN:
SF:components/ui/tabs.tsx
FNF:0
FNH:0
DA:3,0
DA:4,0
DA:6,0
DA:8,0
DA:23,0
DA:38,0
DA:53,0
DA:55,0
LF:8
LH:0
BRF:0
BRH:0
end_of_record
TN:
SF:components/ui/textarea.tsx
FN:8,(anonymous_4)
FNF:1
FNH:0
FNDA:0,(anonymous_4)
DA:1,0
DA:3,0
DA:5,0
DA:20,0
DA:22,0
LF:5
LH:0
BRF:0
BRH:0
end_of_record
TN:
SF:components/ui/toast.tsx
FN:47,(anonymous_12)
FNF:1
FNH:0
FNDA:0,(anonymous_12)
DA:3,0
DA:4,0
DA:5,0
DA:6,0
DA:8,0
DA:10,0
DA:25,0
DA:27,0
DA:43,0
DA:56,0
DA:71,0
DA:89,0
DA:101,0
DA:113,0
DA:122,0
DA:123,0
DA:124,0
DA:125,0
DA:126,0
DA:127,0
DA:128,0
LF:21
LH:0
BRF:0
BRH:0
end_of_record
TN:
SF:components/ui/toaster.tsx
FN:13,Toaster
FN:18,(anonymous_2)
FNF:2
FNH:0
FNDA:0,Toaster
FNDA:0,(anonymous_2)
DA:3,0
DA:11,0
DA:13,0
DA:14,0
DA:19,0
LF:5
LH:0
BRDA:22,0,0,0
BRDA:23,1,0,0
BRDA:27,2,0,0
BRF:3
BRH:0
end_of_record
TN:
SF:components/ui/toggle-group.tsx
FN:39,(anonymous_7)
FNF:1
FNH:0
FNDA:0,(anonymous_7)
DA:3,0
DA:4,0
DA:7,0
DA:8,0
DA:10,0
DA:33,0
DA:35,0
DA:40,0
DA:59,0
DA:61,0
LF:10
LH:0
BRDA:47,0,0,0
BRDA:47,0,1,0
BRDA:48,1,0,0
BRDA:48,1,1,0
BRF:4
BRH:0
end_of_record
TN:
SF:components/ui/toggle.tsx
FNF:0
FNH:0
DA:3,0
DA:4,0
DA:5,0
DA:7,0
DA:9,0
DA:43,0
DA:45,0
LF:7
LH:0
BRF:0
BRH:0
end_of_record
TN:
SF:components/ui/tooltip.tsx
FNF:0
FNH:0
DA:3,0
DA:4,0
DA:6,0
DA:8,0
DA:10,0
DA:12,0
DA:28,0
DA:30,0
LF:8
LH:0
BRDA:17,0,0,0
BRF:1
BRH:0
end_of_record
TN:
SF:components/ui/use-mobile.tsx
FN:5,useIsMobile
FN:8,(anonymous_5)
FN:10,(anonymous_6)
FN:15,(anonymous_7)
FNF:4
FNH:0
FNDA:0,useIsMobile
FNDA:0,(anonymous_5)
FNDA:0,(anonymous_6)
FNDA:0,(anonymous_7)
DA:1,0
DA:3,0
DA:5,0
DA:6,0
DA:8,0
DA:9,0
DA:10,0
DA:11,0
DA:13,0
DA:14,0
DA:15,0
DA:18,0
LF:12
LH:0
BRF:0
BRH:0
end_of_record
TN:
SF:components/ui/webhooks-api-slider.tsx
FN:7,WebhooksAPISlider
FNF:1
FNH:0
FNDA:0,WebhooksAPISlider
DA:3,0
DA:4,0
DA:5,0
DA:7,0
LF:4
LH:0
BRF:0
BRH:0
end_of_record
TN:
SF:hooks/use-error-handler.ts
FN:18,useErrorHandler
FN:33,(anonymous_6)
FN:70,(anonymous_7)
FN:78,(anonymous_8)
FN:103,useApiErrorHandler
FN:111,useFormErrorHandler
FN:119,useSilentErrorHandler
FNF:7
FNH:0
FNDA:0,useErrorHandler
FNDA:0,(anonymous_6)
FNDA:0,(anonymous_7)
FNDA:0,(anonymous_8)
FNDA:0,useApiErrorHandler
FNDA:0,useFormErrorHandler
FNDA:0,useSilentErrorHandler
DA:1,0
DA:2,0
DA:3,0
DA:18,0
DA:24,0
DA:26,0
DA:31,0
DA:33,0
DA:34,0
DA:39,0
DA:40,0
DA:47,0
DA:54,0
DA:55,0
DA:63,0
DA:64,0
DA:67,0
DA:70,0
DA:71,0
DA:78,0
DA:82,0
DA:83,0
DA:84,0
DA:86,0
DA:87,0
DA:88,0
DA:92,0
DA:103,0
DA:104,0
DA:111,0
DA:112,0
DA:119,0
DA:120,0
LF:33
LH:0
BRDA:18,0,0,0
BRDA:20,1,0,0
BRDA:21,2,0,0
BRDA:34,3,0,0
BRDA:34,3,1,0
BRDA:39,4,0,0
BRDA:39,4,1,0
BRDA:54,5,0,0
BRDA:54,5,1,0
BRDA:63,6,0,0
BRDA:63,6,1,0
BRDA:63,7,0,0
BRDA:63,7,1,0
BRDA:86,8,0,0
BRDA:86,8,1,0
BRDA:87,9,0,0
BRDA:87,9,1,0
BRF:17
BRH:0
end_of_record
TN:
SF:hooks/use-mobile.tsx
FN:5,useIsMobile
FN:8,(anonymous_5)
FN:10,(anonymous_6)
FN:15,(anonymous_7)
FNF:4
FNH:0
FNDA:0,useIsMobile
FNDA:0,(anonymous_5)
FNDA:0,(anonymous_6)
FNDA:0,(anonymous_7)
DA:1,0
DA:3,0
DA:5,0
DA:6,0
DA:8,0
DA:9,0
DA:10,0
DA:11,0
DA:13,0
DA:14,0
DA:15,0
DA:18,0
LF:12
LH:0
BRF:0
BRH:0
end_of_record
TN:
SF:hooks/use-toast.ts
FN:19,useToast
FN:20,(anonymous_4)
FN:47,(anonymous_5)
FNF:3
FNH:0
FNDA:0,useToast
FNDA:0,(anonymous_4)
FNDA:0,(anonymous_5)
DA:1,8
DA:19,0
DA:20,0
DA:21,0
DA:22,0
DA:30,0
DA:41,0
DA:43,0
DA:47,8
DA:48,0
DA:49,0
DA:57,0
LF:12
LH:2
BRDA:20,0,0,0
BRDA:21,1,0,0
BRDA:21,1,1,0
BRDA:22,2,0,0
BRDA:22,2,1,0
BRDA:24,3,0,0
BRDA:24,3,1,0
BRDA:30,4,0,0
BRDA:30,4,1,0
BRDA:32,5,0,0
BRDA:32,5,1,0
BRDA:47,6,0,0
BRDA:48,7,0,0
BRDA:48,7,1,0
BRDA:49,8,0,0
BRDA:49,8,1,0
BRDA:51,9,0,0
BRDA:51,9,1,0
BRDA:57,10,0,0
BRDA:57,10,1,0
BRDA:59,11,0,0
BRDA:59,11,1,0
BRF:22
BRH:0
end_of_record
TN:
SF:hooks/useAnalytics.ts
FN:20,useAnalytics
FN:27,(anonymous_2)
FN:68,(anonymous_3)
FNF:3
FNH:3
FNDA:7,useAnalytics
FNDA:4,(anonymous_2)
FNDA:4,(anonymous_3)
DA:1,1
DA:2,1
DA:20,7
DA:21,7
DA:22,7
DA:23,7
DA:24,7
DA:25,7
DA:27,7
DA:28,4
DA:29,4
DA:30,4
DA:32,4
DA:39,4
DA:40,3
DA:41,2
DA:43,1
DA:47,2
DA:48,2
DA:49,2
DA:51,0
DA:55,2
DA:56,2
DA:57,2
DA:59,0
DA:62,2
DA:64,4
DA:68,7
DA:69,4
DA:72,7
LF:30
LH:28
BRDA:20,0,0,7
BRDA:40,1,0,2
BRDA:40,1,1,1
BRDA:48,2,0,2
BRDA:48,2,1,0
BRDA:56,3,0,2
BRDA:56,3,1,0
BRDA:62,4,0,2
BRDA:62,4,1,0
BRF:9
BRH:6
end_of_record
TN:
SF:hooks/useApiCall.ts
FN:11,useApiCall
FN:19,(anonymous_2)
FN:53,(anonymous_3)
FNF:3
FNH:0
FNDA:0,useApiCall
FNDA:0,(anonymous_2)
FNDA:0,(anonymous_3)
DA:1,0
DA:2,0
DA:11,0
DA:15,0
DA:16,0
DA:17,0
DA:19,0
DA:20,0
DA:21,0
DA:23,0
DA:24,0
DA:25,0
DA:27,0
DA:28,0
DA:34,0
DA:35,0
DA:37,0
DA:38,0
DA:40,0
DA:46,0
DA:47,0
DA:49,0
DA:53,0
DA:54,0
DA:55,0
DA:56,0
DA:59,0
LF:27
LH:0
BRDA:13,0,0,0
BRDA:27,1,0,0
BRDA:27,1,1,0
BRDA:37,2,0,0
BRDA:37,2,1,0
BRDA:42,3,0,0
BRDA:42,3,1,0
BRF:7
BRH:0
end_of_record
TN:
SF:hooks/useForm.ts
FN:10,useForm
FN:19,(anonymous_2)
FN:20,(anonymous_3)
FN:23,(anonymous_4)
FN:31,(anonymous_5)
FN:59,(anonymous_6)
FNF:6
FNH:0
FNDA:0,useForm
FNDA:0,(anonymous_2)
FNDA:0,(anonymous_3)
FNDA:0,(anonymous_4)
FNDA:0,(anonymous_5)
FNDA:0,(anonymous_6)
DA:1,0
DA:2,0
DA:10,0
DA:15,0
DA:16,0
DA:17,0
DA:19,0
DA:20,0
DA:22,0
DA:23,0
DA:24,0
DA:25,0
DA:26,0
DA:31,0
DA:32,0
DA:33,0
DA:34,0
DA:35,0
DA:36,0
DA:41,0
DA:45,0
DA:46,0
DA:47,0
DA:49,0
DA:55,0
DA:59,0
DA:60,0
DA:61,0
DA:64,0
LF:29
LH:0
BRDA:22,0,0,0
BRDA:22,0,1,0
BRDA:32,1,0,0
BRDA:32,1,1,0
BRDA:34,2,0,0
BRDA:34,2,1,0
BRDA:51,3,0,0
BRDA:51,3,1,0
BRF:8
BRH:0
end_of_record
TN:
SF:hooks/useFormValidation.ts
FN:30,useFormValidation
FN:33,(anonymous_2)
FN:70,(anonymous_3)
FN:72,(anonymous_4)
FN:76,(anonymous_5)
FN:80,(anonymous_6)
FN:90,(anonymous_7)
FN:91,(anonymous_8)
FN:94,(anonymous_9)
FNF:9
FNH:9
FNDA:32,useFormValidation
FNDA:31,(anonymous_2)
FNDA:15,(anonymous_3)
FNDA:15,(anonymous_4)
FNDA:4,(anonymous_5)
FNDA:16,(anonymous_6)
FNDA:1,(anonymous_7)
FNDA:1,(anonymous_8)
FNDA:1,(anonymous_9)
DA:1,1
DA:30,32
DA:31,32
DA:33,32
DA:34,31
DA:35,31
DA:38,30
DA:39,5
DA:43,25
DA:44,4
DA:48,21
DA:49,15
DA:50,4
DA:53,11
DA:54,1
DA:57,10
DA:58,4
DA:63,12
DA:64,6
DA:67,6
DA:70,32
DA:71,15
DA:72,15
DA:73,15
DA:76,32
DA:77,4
DA:78,4
DA:80,4
DA:81,16
DA:82,16
DA:83,16
DA:86,4
DA:87,4
DA:90,32
DA:91,1
DA:94,32
DA:95,1
DA:98,32
LF:38
LH:38
BRDA:35,0,0,1
BRDA:35,0,1,30
BRDA:38,1,0,5
BRDA:38,1,1,25
BRDA:38,2,0,30
BRDA:38,2,1,16
BRDA:38,2,2,11
BRDA:38,2,3,11
BRDA:43,3,0,4
BRDA:43,3,1,21
BRDA:43,4,0,25
BRDA:43,4,1,22
BRDA:43,4,2,16
BRDA:48,5,0,15
BRDA:48,5,1,6
BRDA:49,6,0,4
BRDA:49,6,1,11
BRDA:49,7,0,15
BRDA:49,7,1,11
BRDA:53,8,0,1
BRDA:53,8,1,10
BRDA:53,9,0,11
BRDA:53,9,1,7
BRDA:57,10,0,4
BRDA:57,10,1,6
BRDA:57,11,0,10
BRDA:57,11,1,8
BRDA:63,12,0,6
BRDA:63,12,1,6
BRDA:83,13,0,9
BRDA:83,13,1,7
BRF:31
BRH:31
end_of_record
TN:
SF:hooks/useLoading.ts
FN:11,useLoading
FN:15,(anonymous_2)
FN:22,(anonymous_3)
FNF:3
FNH:3
FNDA:16,useLoading
FNDA:9,(anonymous_2)
FNDA:3,(anonymous_3)
DA:1,1
DA:11,16
DA:12,16
DA:13,16
DA:15,16
DA:16,9
DA:17,9
DA:18,5
DA:22,16
DA:23,3
DA:24,3
DA:25,3
DA:26,1
DA:28,2
DA:29,2
DA:30,2
DA:32,3
DA:36,16
LF:18
LH:18
BRDA:11,0,0,15
BRDA:17,1,0,5
BRDA:17,1,1,4
BRDA:28,2,0,1
BRDA:28,2,1,1
BRF:5
BRH:5
end_of_record
TN:
SF:hooks/useMetrics.ts
FN:13,(anonymous_4)
FN:21,(anonymous_5)
FN:33,useMetrics
FN:55,getTimeRange
FNF:4
FNH:0
FNDA:0,(anonymous_4)
FNDA:0,(anonymous_5)
FNDA:0,useMetrics
FNDA:0,getTimeRange
DA:1,0
DA:2,0
DA:13,0
DA:14,0
DA:15,0
DA:16,0
DA:18,0
DA:21,0
DA:22,0
DA:24,0
DA:25,0
DA:26,0
DA:27,0
DA:28,0
DA:30,0
DA:33,0
DA:34,0
DA:36,0
DA:46,0
DA:55,0
DA:56,0
DA:58,0
DA:60,0
DA:62,0
DA:64,0
DA:66,0
DA:68,0
LF:27
LH:0
BRDA:15,0,0,0
BRDA:15,0,1,0
BRDA:22,1,0,0
BRDA:34,2,0,0
BRDA:34,2,1,0
BRDA:47,3,0,0
BRDA:47,3,1,0
BRDA:58,4,0,0
BRDA:58,4,1,0
BRDA:58,4,2,0
BRDA:58,4,3,0
BRDA:58,4,4,0
BRF:12
BRH:0
end_of_record
TN:
SF:hooks/usePerformance.ts
FN:14,usePerformance
FN:21,(anonymous_4)
FN:26,(anonymous_5)
FN:45,(anonymous_6)
FN:47,(anonymous_7)
FN:59,(anonymous_8)
FN:82,useAsyncPerformance
FN:83,(anonymous_10)
FNF:8
FNH:0
FNDA:0,usePerformance
FNDA:0,(anonymous_4)
FNDA:0,(anonymous_5)
FNDA:0,(anonymous_6)
FNDA:0,(anonymous_7)
FNDA:0,(anonymous_8)
FNDA:0,useAsyncPerformance
FNDA:0,(anonymous_10)
DA:1,0
DA:14,0
DA:15,0
DA:16,0
DA:17,0
DA:18,0
DA:21,0
DA:22,0
DA:26,0
DA:27,0
DA:29,0
DA:30,0
DA:32,0
DA:33,0
DA:36,0
DA:37,0
DA:40,0
DA:41,0
DA:45,0
DA:46,0
DA:47,0
DA:48,0
DA:49,0
DA:51,0
DA:59,0
DA:60,0
DA:62,0
DA:63,0
DA:72,0
DA:82,0
DA:83,0
DA:87,0
DA:89,0
DA:90,0
DA:91,0
DA:92,0
DA:94,0
DA:95,0
DA:98,0
DA:100,0
DA:101,0
DA:103,0
DA:104,0
DA:107,0
DA:111,0
LF:45
LH:0
BRDA:27,0,0,0
BRDA:27,0,1,0
BRDA:36,1,0,0
BRDA:36,1,1,0
BRDA:40,2,0,0
BRDA:40,2,1,0
BRDA:40,3,0,0
BRDA:40,3,1,0
BRDA:48,4,0,0
BRDA:48,4,1,0
BRDA:49,5,0,0
BRDA:49,5,1,0
BRDA:60,6,0,0
BRDA:60,6,1,0
BRDA:64,7,0,0
BRDA:64,7,1,0
BRDA:94,8,0,0
BRDA:94,8,1,0
BRDA:95,9,0,0
BRDA:95,9,1,0
BRDA:103,10,0,0
BRDA:103,10,1,0
BRDA:104,11,0,0
BRDA:104,11,1,0
BRF:24
BRH:0
end_of_record
TN:
SF:hooks/useSlider.ts
FN:27,useSlider
FN:38,(anonymous_2)
FN:41,(anonymous_3)
FN:42,(anonymous_4)
FN:45,(anonymous_5)
FN:49,(anonymous_6)
FN:50,(anonymous_7)
FN:54,(anonymous_8)
FN:55,(anonymous_9)
FN:59,(anonymous_10)
FN:66,(anonymous_11)
FN:72,(anonymous_12)
FN:74,(anonymous_13)
FN:77,(anonymous_14)
FN:80,(anonymous_15)
FN:84,(anonymous_16)
FN:89,(anonymous_17)
FN:90,(anonymous_18)
FN:98,(anonymous_19)
FN:102,(anonymous_20)
FNF:20
FNH:19
FNDA:31,useSlider
FNDA:21,(anonymous_2)
FNDA:3,(anonymous_3)
FNDA:3,(anonymous_4)
FNDA:11,(anonymous_5)
FNDA:4,(anonymous_6)
FNDA:4,(anonymous_7)
FNDA:2,(anonymous_8)
FNDA:2,(anonymous_9)
FNDA:6,(anonymous_10)
FNDA:2,(anonymous_11)
FNDA:15,(anonymous_12)
FNDA:2,(anonymous_13)
FNDA:2,(anonymous_14)
FNDA:2,(anonymous_15)
FNDA:2,(anonymous_16)
FNDA:15,(anonymous_17)
FNDA:0,(anonymous_18)
FNDA:15,(anonymous_19)
FNDA:25,(anonymous_20)
DA:1,1
DA:27,31
DA:32,31
DA:33,31
DA:34,31
DA:35,31
DA:38,31
DA:39,21
DA:41,11
DA:42,3
DA:45,11
DA:49,31
DA:50,4
DA:51,4
DA:54,31
DA:55,2
DA:56,2
DA:59,31
DA:60,6
DA:61,4
DA:62,4
DA:66,31
DA:68,2
DA:72,31
DA:73,15
DA:74,2
DA:75,2
DA:77,2
DA:80,31
DA:81,2
DA:84,31
DA:85,2
DA:89,31
DA:90,15
DA:91,0
DA:92,0
DA:93,0
DA:94,0
DA:97,15
DA:98,15
DA:102,31
DA:106,31
LF:42
LH:38
BRDA:29,0,0,21
BRDA:30,1,0,22
BRDA:39,2,0,10
BRDA:39,2,1,11
BRDA:39,3,0,21
BRDA:39,3,1,14
BRDA:39,3,2,12
BRDA:60,4,0,4
BRDA:60,4,1,2
BRDA:60,5,0,6
BRDA:60,5,1,5
BRDA:73,6,0,13
BRDA:73,6,1,2
BRDA:91,7,0,0
BRDA:91,7,1,0
BRDA:93,8,0,0
BRDA:93,8,1,0
BRDA:93,9,0,0
BRDA:93,9,1,0
BRF:19
BRH:13
end_of_record
TN:
SF:lib/api-client.ts
FN:12,(anonymous_3)
FN:22,(anonymous_4)
FN:32,(anonymous_5)
FN:40,(anonymous_6)
FN:57,(anonymous_7)
FN:87,(anonymous_8)
FN:97,(anonymous_9)
FN:107,(anonymous_10)
FN:117,(anonymous_11)
FN:126,(anonymous_12)
FNF:10
FNH:0
FNDA:0,(anonymous_3)
FNDA:0,(anonymous_4)
FNDA:0,(anonymous_5)
FNDA:0,(anonymous_6)
FNDA:0,(anonymous_7)
FNDA:0,(anonymous_8)
FNDA:0,(anonymous_9)
FNDA:0,(anonymous_10)
FNDA:0,(anonymous_11)
FNDA:0,(anonymous_12)
DA:1,0
DA:8,0
DA:13,0
DA:14,0
DA:23,0
DA:33,0
DA:34,0
DA:44,0
DA:46,0
DA:47,0
DA:56,0
DA:57,0
DA:58,0
DA:67,0
DA:68,0
DA:71,0
DA:72,0
DA:76,0
DA:77,0
DA:88,0
DA:89,0
DA:98,0
DA:108,0
DA:118,0
DA:127,0
DA:135,0
LF:26
LH:0
BRDA:13,0,0,0
BRDA:13,0,1,0
BRDA:13,0,2,0
BRDA:42,1,0,0
BRDA:56,2,0,0
BRDA:56,2,1,0
BRDA:59,3,0,0
BRDA:59,3,1,0
BRDA:71,4,0,0
BRDA:71,4,1,0
BRDA:76,5,0,0
BRDA:76,5,1,0
BRDA:88,6,0,0
BRDA:88,6,1,0
BRDA:100,7,0,0
BRDA:100,7,1,0
BRDA:110,8,0,0
BRDA:110,8,1,0
BRDA:129,9,0,0
BRDA:129,9,1,0
BRF:20
BRH:0
end_of_record
TN:
SF:lib/api-error.ts
FN:7,(anonymous_5)
FN:17,(anonymous_6)
FN:21,(anonymous_7)
FN:25,(anonymous_8)
FN:29,(anonymous_9)
FN:33,(anonymous_10)
FN:37,(anonymous_11)
FN:41,(anonymous_12)
FN:49,isApiError
FN:56,handleApiError
FN:65,(anonymous_15)
FN:103,withApiErrorHandler
FN:106,(anonymous_17)
FNF:13
FNH:1
FNDA:0,(anonymous_5)
FNDA:0,(anonymous_6)
FNDA:0,(anonymous_7)
FNDA:0,(anonymous_8)
FNDA:0,(anonymous_9)
FNDA:0,(anonymous_10)
FNDA:0,(anonymous_11)
FNDA:0,(anonymous_12)
FNDA:0,isApiError
FNDA:0,handleApiError
FNDA:0,(anonymous_15)
FNDA:1,withApiErrorHandler
FNDA:0,(anonymous_17)
DA:1,1
DA:6,0
DA:13,0
DA:14,0
DA:18,0
DA:22,0
DA:26,0
DA:30,0
DA:34,0
DA:38,0
DA:42,0
DA:49,0
DA:50,0
DA:56,0
DA:57,0
DA:60,0
DA:61,0
DA:65,0
DA:75,0
DA:76,0
DA:81,0
DA:82,0
DA:85,0
DA:89,0
DA:91,0
DA:103,1
DA:106,1
DA:107,0
DA:108,0
DA:109,0
DA:111,0
LF:31
LH:3
BRDA:9,0,0,0
BRDA:21,1,0,0
BRDA:25,2,0,0
BRDA:37,3,0,0
BRDA:41,4,0,0
BRDA:60,5,0,0
BRDA:60,5,1,0
BRDA:75,6,0,0
BRDA:75,6,1,0
BRDA:81,7,0,0
BRDA:81,7,1,0
BRDA:89,8,0,0
BRDA:89,8,1,0
BRF:13
BRH:0
end_of_record
TN:
SF:lib/constants.ts
FNF:0
FNH:0
DA:2,10
DA:10,6
DA:16,10
DA:23,10
DA:30,10
LF:5
LH:5
BRF:0
BRH:0
end_of_record
TN:
SF:lib/env.ts
FN:66,(anonymous_1)
FNF:1
FNH:0
FNDA:0,(anonymous_1)
DA:1,0
DA:7,0
DA:19,0
DA:32,0
DA:45,0
DA:47,0
DA:49,0
DA:50,0
DA:52,0
DA:56,0
DA:57,0
DA:61,0
DA:65,0
DA:67,0
DA:71,0
DA:72,0
DA:75,0
DA:80,0
LF:18
LH:0
BRDA:49,0,0,0
BRDA:49,0,1,0
BRDA:52,1,0,0
BRDA:52,1,1,0
BRDA:56,2,0,0
BRDA:56,2,1,0
BRDA:67,3,0,0
BRDA:67,3,1,0
BRDA:71,4,0,0
BRDA:71,4,1,0
BRDA:71,5,0,0
BRDA:71,5,1,0
BRDA:71,5,2,0
BRF:13
BRH:0
end_of_record
TN:
SF:lib/error-logger.ts
FN:35,(anonymous_1)
FN:92,(anonymous_2)
FN:106,(anonymous_3)
FN:122,(anonymous_4)
FN:134,(anonymous_5)
FN:166,(anonymous_6)
FN:170,(anonymous_7)
FN:178,(anonymous_8)
FNF:8
FNH:0
FNDA:0,(anonymous_1)
FNDA:0,(anonymous_2)
FNDA:0,(anonymous_3)
FNDA:0,(anonymous_4)
FNDA:0,(anonymous_5)
FNDA:0,(anonymous_6)
FNDA:0,(anonymous_7)
FNDA:0,(anonymous_8)
DA:30,0
DA:31,0
DA:40,0
DA:41,0
DA:42,0
DA:45,0
DA:47,0
DA:62,0
DA:63,0
DA:66,0
DA:67,0
DA:69,0
DA:76,0
DA:77,0
DA:78,0
DA:82,0
DA:83,0
DA:86,0
DA:97,0
DA:112,0
DA:123,0
DA:125,0
DA:126,0
DA:127,0
DA:128,0
DA:129,0
DA:131,0
DA:137,0
DA:138,0
DA:139,0
DA:140,0
DA:141,0
DA:144,0
DA:145,0
DA:148,0
DA:167,0
DA:171,0
DA:172,0
DA:173,0
DA:179,0
DA:180,0
DA:189,0
LF:42
LH:0
BRDA:37,0,0,0
BRDA:38,1,0,0
BRDA:41,2,0,0
BRDA:41,2,1,0
BRDA:42,3,0,0
BRDA:42,3,1,0
BRDA:52,4,0,0
BRDA:52,4,1,0
BRDA:53,5,0,0
BRDA:53,5,1,0
BRDA:62,6,0,0
BRDA:62,6,1,0
BRDA:66,7,0,0
BRDA:66,7,1,0
BRDA:67,8,0,0
BRDA:67,8,1,0
BRDA:68,9,0,0
BRDA:68,9,1,0
BRDA:77,10,0,0
BRDA:77,10,1,0
BRDA:82,11,0,0
BRDA:82,11,1,0
BRDA:95,12,0,0
BRDA:99,13,0,0
BRDA:99,13,1,0
BRDA:110,14,0,0
BRDA:123,15,0,0
BRDA:123,15,1,0
BRDA:137,16,0,0
BRDA:137,16,1,0
BRDA:140,17,0,0
BRDA:140,17,1,0
BRDA:144,18,0,0
BRDA:144,18,1,0
BRDA:172,19,0,0
BRDA:172,19,1,0
BRDA:179,20,0,0
BRDA:179,20,1,0
BRF:38
BRH:0
end_of_record
TN:
SF:lib/status-utils.ts
FN:3,(anonymous_4)
FN:16,(anonymous_5)
FN:29,(anonymous_6)
FNF:3
FNH:3
FNDA:5,(anonymous_4)
FNDA:5,(anonymous_5)
FNDA:5,(anonymous_6)
DA:3,5
DA:4,5
DA:6,1
DA:8,1
DA:10,1
DA:12,2
DA:16,5
DA:17,5
DA:19,1
DA:21,1
DA:23,1
DA:25,2
DA:29,5
DA:30,5
DA:32,1
DA:34,1
DA:36,1
DA:38,2
LF:18
LH:18
BRDA:4,0,0,1
BRDA:4,0,1,1
BRDA:4,0,2,1
BRDA:4,0,3,2
BRDA:17,1,0,1
BRDA:17,1,1,1
BRDA:17,1,2,1
BRDA:17,1,3,2
BRDA:30,2,0,1
BRDA:30,2,1,1
BRDA:30,2,2,1
BRDA:30,2,3,2
BRF:12
BRH:12
end_of_record
TN:
SF:lib/styles.ts
FN:42,(anonymous_3)
FNF:1
FNH:1
FNDA:28,(anonymous_3)
DA:1,1
DA:4,42
DA:42,28
DA:46,28
LF:4
LH:4
BRF:0
BRH:0
end_of_record
TN:
SF:lib/utils.ts
FN:5,cn
FN:9,copyToClipboard
FNF:2
FNH:1
FNDA:250,cn
FNDA:0,copyToClipboard
DA:1,9
DA:2,9
DA:3,9
DA:5,250
DA:6,250
DA:9,0
DA:10,0
DA:11,0
DA:12,0
DA:18,0
DA:19,0
DA:20,0
DA:21,0
DA:22,0
DA:23,0
DA:24,0
LF:16
LH:5
BRDA:10,0,0,0
BRDA:10,0,1,0
BRF:2
BRH:0
end_of_record
TN:
SF:lib/validation.ts
FN:2,(anonymous_6)
FN:7,(anonymous_7)
FN:17,(anonymous_8)
FN:30,(anonymous_9)
FN:37,(anonymous_10)
FNF:5
FNH:5
FNDA:8,(anonymous_6)
FNDA:14,(anonymous_7)
FNDA:6,(anonymous_8)
FNDA:4,(anonymous_9)
FNDA:10,(anonymous_10)
DA:2,8
DA:3,8
DA:7,8
DA:8,14
DA:9,14
DA:10,8
DA:12,6
DA:17,6
DA:18,6
DA:20,4
DA:22,4
DA:23,1
DA:26,3
DA:30,4
DA:31,4
DA:32,2
DA:34,2
DA:37,10
DA:38,10
DA:39,10
DA:40,6
DA:42,4
LF:22
LH:22
BRDA:18,0,0,2
BRDA:18,0,1,4
BRDA:22,1,0,1
BRDA:22,1,1,3
BRDA:22,2,0,4
BRDA:22,2,1,2
BRDA:31,3,0,2
BRDA:31,3,1,2
BRDA:39,4,0,6
BRDA:39,4,1,4
BRF:10
BRH:10
end_of_record
TN:
SF:lib/api/analytics.ts
FN:48,(anonymous_3)
FN:56,(anonymous_4)
FN:64,(anonymous_5)
FN:72,(anonymous_6)
FN:80,(anonymous_7)
FN:91,(anonymous_8)
FN:102,(anonymous_9)
FN:116,(anonymous_10)
FNF:8
FNH:0
FNDA:0,(anonymous_3)
FNDA:0,(anonymous_4)
FNDA:0,(anonymous_5)
FNDA:0,(anonymous_6)
FNDA:0,(anonymous_7)
FNDA:0,(anonymous_8)
FNDA:0,(anonymous_9)
FNDA:0,(anonymous_10)
DA:1,0
DA:44,0
DA:49,0
DA:50,0
DA:57,0
DA:58,0
DA:65,0
DA:66,0
DA:73,0
DA:74,0
DA:84,0
DA:85,0
DA:95,0
DA:96,0
DA:112,0
DA:113,0
DA:117,0
DA:119,0
DA:121,0
DA:122,0
DA:123,0
DA:124,0
DA:125,0
DA:126,0
DA:128,0
DA:133,0
LF:26
LH:0
BRDA:117,0,0,0
BRDA:117,0,1,0
BRDA:121,1,0,0
BRDA:121,1,1,0
BRDA:122,2,0,0
BRDA:122,2,1,0
BRDA:123,3,0,0
BRDA:123,3,1,0
BRDA:124,4,0,0
BRDA:124,4,1,0
BRDA:125,5,0,0
BRDA:125,5,1,0
BRDA:126,6,0,0
BRDA:126,6,1,0
BRF:14
BRH:0
end_of_record
TN:
SF:lib/api/api-keys.ts
FN:43,(anonymous_3)
FN:50,(anonymous_4)
FN:57,(anonymous_5)
FN:64,(anonymous_6)
FN:71,(anonymous_7)
FN:78,(anonymous_8)
FNF:6
FNH:0
FNDA:0,(anonymous_3)
FNDA:0,(anonymous_4)
FNDA:0,(anonymous_5)
FNDA:0,(anonymous_6)
FNDA:0,(anonymous_7)
FNDA:0,(anonymous_8)
DA:1,0
DA:39,0
DA:44,0
DA:51,0
DA:58,0
DA:65,0
DA:72,0
DA:79,0
DA:84,0
LF:9
LH:0
BRF:0
BRH:0
end_of_record
TN:
SF:lib/api/index.ts
FNF:0
FNH:0
DA:2,0
DA:3,0
DA:4,0
DA:7,0
LF:4
LH:0
BRF:0
BRH:0
end_of_record
TN:
SF:lib/api/system.ts
FN:43,(anonymous_3)
FN:50,(anonymous_4)
FN:57,(anonymous_5)
FN:78,(anonymous_6)
FN:81,(anonymous_7)
FN:88,(anonymous_8)
FNF:6
FNH:0
FNDA:0,(anonymous_3)
FNDA:0,(anonymous_4)
FNDA:0,(anonymous_5)
FNDA:0,(anonymous_6)
FNDA:0,(anonymous_7)
FNDA:0,(anonymous_8)
DA:1,0
DA:39,0
DA:44,0
DA:51,0
DA:68,0
DA:69,0
DA:70,0
DA:72,0
DA:81,0
DA:82,0
DA:83,0
DA:84,0
DA:88,0
DA:93,0
LF:14
LH:0
BRDA:69,0,0,0
BRDA:69,0,1,0
BRDA:83,1,0,0
BRDA:83,1,1,0
BRF:4
BRH:0
end_of_record
