TN:
SF:app/layout.tsx
FN:17,RootLayout
FNF:1
FNH:0
FNDA:0,RootLayout
DA:3,0
DA:4,0
DA:5,0
DA:6,0
DA:7,0
DA:9,0
DA:11,0
DA:17,0
LF:8
LH:0
BRF:0
BRH:0
end_of_record
TN:
SF:app/msw-init.tsx
FN:5,MSWProvider
FN:8,(anonymous_5)
FN:11,(anonymous_6)
FN:11,(anonymous_7)
FN:17,(anonymous_8)
FNF:5
FNH:0
FNDA:0,MSWProvider
FNDA:0,(anonymous_5)
FNDA:0,(anonymous_6)
FNDA:0,(anonymous_7)
FNDA:0,(anonymous_8)
DA:3,0
DA:5,0
DA:6,0
DA:8,0
DA:10,0
DA:11,0
DA:12,0
DA:18,0
DA:19,0
DA:23,0
DA:28,0
DA:29,0
LF:12
LH:0
BRDA:10,0,0,0
BRDA:10,0,1,0
BRDA:10,1,0,0
BRDA:10,1,1,0
BRDA:28,2,0,0
BRDA:28,2,1,0
BRDA:28,3,0,0
BRDA:28,3,1,0
BRDA:28,3,2,0
BRF:9
BRH:0
end_of_record
TN:
SF:app/page.tsx
FN:5,Page
FNF:1
FNH:0
FNDA:0,Page
DA:3,0
DA:5,0
DA:6,0
LF:3
LH:0
BRF:0
BRH:0
end_of_record
TN:
SF:app/api/analytics/endpoints/route.ts
FN:12,GET
FN:14,(anonymous_2)
FNF:2
FNH:2
FNDA:1,GET
FNDA:1,(anonymous_2)
DA:1,1
DA:5,1
DA:12,1
DA:14,1
DA:16,1
LF:5
LH:5
BRF:0
BRH:0
end_of_record
TN:
SF:app/api/analytics/usage/route.ts
FN:15,GET
FN:17,(anonymous_2)
FNF:2
FNH:2
FNDA:1,GET
FNDA:1,(anonymous_2)
DA:1,1
DA:5,1
DA:15,1
DA:17,1
DA:19,1
LF:5
LH:5
BRF:0
BRH:0
end_of_record
TN:
SF:app/data-api/loading.tsx
FN:3,Loading
FN:28,(anonymous_2)
FNF:2
FNH:0
FNDA:0,Loading
FNDA:0,(anonymous_2)
DA:1,0
DA:3,0
DA:29,0
LF:3
LH:0
BRF:0
BRH:0
end_of_record
TN:
SF:app/data-api/page.tsx
FN:64,DataAPIPage
FN:92,(anonymous_2)
FN:110,(anonymous_3)
FN:116,(anonymous_4)
FN:173,(anonymous_5)
FN:206,(anonymous_6)
FN:243,(anonymous_7)
FN:275,(anonymous_8)
FN:311,(anonymous_9)
FN:352,(anonymous_10)
FN:399,(anonymous_11)
FN:420,(anonymous_12)
FN:451,(anonymous_13)
FN:458,(anonymous_14)
FNF:14
FNH:0
FNDA:0,DataAPIPage
FNDA:0,(anonymous_2)
FNDA:0,(anonymous_3)
FNDA:0,(anonymous_4)
FNDA:0,(anonymous_5)
FNDA:0,(anonymous_6)
FNDA:0,(anonymous_7)
FNDA:0,(anonymous_8)
FNDA:0,(anonymous_9)
FNDA:0,(anonymous_10)
FNDA:0,(anonymous_11)
FNDA:0,(anonymous_12)
FNDA:0,(anonymous_13)
FNDA:0,(anonymous_14)
DA:3,0
DA:4,0
DA:5,0
DA:6,0
DA:7,0
DA:9,0
DA:10,0
DA:11,0
DA:12,0
DA:13,0
DA:14,0
DA:15,0
DA:16,0
DA:18,0
DA:31,0
DA:64,0
DA:65,0
DA:66,0
DA:67,0
DA:92,0
DA:111,0
DA:116,0
DA:173,0
DA:206,0
DA:243,0
DA:275,0
DA:311,0
DA:352,0
DA:399,0
DA:421,0
DA:451,0
DA:458,0
LF:32
LH:0
BRF:0
BRH:0
end_of_record
TN:
SF:app/faucet/page.tsx
FN:16,Faucet
FN:23,(anonymous_2)
FN:31,(anonymous_3)
FN:41,(anonymous_4)
FN:55,(anonymous_5)
FN:93,(anonymous_6)
FN:115,(anonymous_7)
FN:136,(anonymous_8)
FN:149,(anonymous_9)
FN:182,(anonymous_10)
FN:193,(anonymous_11)
FN:205,(anonymous_12)
FN:227,(anonymous_13)
FNF:13
FNH:0
FNDA:0,Faucet
FNDA:0,(anonymous_2)
FNDA:0,(anonymous_3)
FNDA:0,(anonymous_4)
FNDA:0,(anonymous_5)
FNDA:0,(anonymous_6)
FNDA:0,(anonymous_7)
FNDA:0,(anonymous_8)
FNDA:0,(anonymous_9)
FNDA:0,(anonymous_10)
FNDA:0,(anonymous_11)
FNDA:0,(anonymous_12)
FNDA:0,(anonymous_13)
DA:3,0
DA:4,0
DA:5,0
DA:6,0
DA:7,0
DA:8,0
DA:9,0
DA:10,0
DA:11,0
DA:12,0
DA:13,0
DA:14,0
DA:16,0
DA:17,0
DA:18,0
DA:19,0
DA:20,0
DA:21,0
DA:23,0
DA:24,0
DA:25,0
DA:31,0
DA:32,0
DA:33,0
DA:38,0
DA:41,0
DA:42,0
DA:43,0
DA:45,0
DA:51,0
DA:52,0
DA:55,0
DA:56,0
DA:57,0
DA:94,0
DA:116,0
DA:136,0
DA:149,0
DA:183,0
DA:194,0
DA:205,0
DA:227,0
LF:42
LH:0
BRDA:32,0,0,0
BRDA:32,0,1,0
BRDA:42,1,0,0
BRDA:42,1,1,0
BRDA:43,2,0,0
BRDA:43,2,1,0
BRDA:56,3,0,0
BRDA:56,3,1,0
BRDA:57,4,0,0
BRDA:57,4,1,0
BRDA:199,5,0,0
BRF:11
BRH:0
end_of_record
TN:
SF:app/icm-messenger/page.tsx
FN:6,ICMMessengerPage
FNF:1
FNH:0
FNDA:0,ICMMessengerPage
DA:3,0
DA:4,0
DA:6,0
LF:3
LH:0
BRF:0
BRH:0
end_of_record
TN:
SF:app/ictt-token-manager/page.tsx
FN:6,ICTTTokenManagerPage
FNF:1
FNH:0
FNDA:0,ICTTTokenManagerPage
DA:3,0
DA:4,0
DA:6,0
LF:3
LH:0
BRF:0
BRH:0
end_of_record
TN:
SF:app/metrics-api/loading.tsx
FN:3,Loading
FNF:1
FNH:0
FNDA:0,Loading
DA:1,0
DA:3,0
LF:2
LH:0
BRF:0
BRH:0
end_of_record
TN:
SF:app/metrics-api/page.tsx
FN:13,MetricsAPIPage
FN:81,(anonymous_5)
FN:96,(anonymous_6)
FN:151,(anonymous_7)
FNF:4
FNH:0
FNDA:0,MetricsAPIPage
FNDA:0,(anonymous_5)
FNDA:0,(anonymous_6)
FNDA:0,(anonymous_7)
DA:3,0
DA:4,0
DA:5,0
DA:6,0
DA:7,0
DA:9,0
DA:10,0
DA:11,0
DA:13,0
DA:14,0
DA:82,0
DA:97,0
DA:152,0
LF:13
LH:0
BRF:0
BRH:0
end_of_record
TN:
SF:app/rpcs/page.tsx
FN:102,RPCsPage
FN:110,(anonymous_2)
FN:118,(anonymous_3)
FN:128,(anonymous_4)
FN:129,(anonymous_5)
FN:130,(anonymous_6)
FN:192,(anonymous_7)
FN:205,(anonymous_8)
FN:219,(anonymous_9)
FN:261,(anonymous_10)
FN:276,(anonymous_11)
FN:289,(anonymous_12)
FN:290,(anonymous_13)
FN:291,(anonymous_14)
FN:305,(anonymous_15)
FN:306,(anonymous_16)
FN:307,(anonymous_17)
FN:322,(anonymous_18)
FN:324,(anonymous_19)
FN:350,(anonymous_20)
FNF:20
FNH:0
FNDA:0,RPCsPage
FNDA:0,(anonymous_2)
FNDA:0,(anonymous_3)
FNDA:0,(anonymous_4)
FNDA:0,(anonymous_5)
FNDA:0,(anonymous_6)
FNDA:0,(anonymous_7)
FNDA:0,(anonymous_8)
FNDA:0,(anonymous_9)
FNDA:0,(anonymous_10)
FNDA:0,(anonymous_11)
FNDA:0,(anonymous_12)
FNDA:0,(anonymous_13)
FNDA:0,(anonymous_14)
FNDA:0,(anonymous_15)
FNDA:0,(anonymous_16)
FNDA:0,(anonymous_17)
FNDA:0,(anonymous_18)
FNDA:0,(anonymous_19)
FNDA:0,(anonymous_20)
DA:3,0
DA:4,0
DA:5,0
DA:6,0
DA:7,0
DA:8,0
DA:9,0
DA:10,0
DA:11,0
DA:12,0
DA:13,0
DA:14,0
DA:16,0
DA:29,0
DA:102,0
DA:103,0
DA:104,0
DA:105,0
DA:106,0
DA:108,0
DA:110,0
DA:111,0
DA:112,0
DA:118,0
DA:119,0
DA:120,0
DA:125,0
DA:128,0
DA:129,0
DA:130,0
DA:133,0
DA:134,0
DA:135,0
DA:137,0
DA:140,0
DA:143,0
DA:151,0
DA:152,0
DA:155,0
DA:156,0
DA:159,0
DA:160,0
DA:161,0
DA:193,0
DA:205,0
DA:219,0
DA:262,0
DA:276,0
DA:290,0
DA:291,0
DA:292,0
DA:293,0
DA:296,0
DA:306,0
DA:307,0
DA:308,0
DA:309,0
DA:322,0
DA:324,0
DA:350,0
LF:60
LH:0
BRDA:119,0,0,0
BRDA:119,0,1,0
BRDA:130,1,0,0
BRDA:130,1,1,0
BRDA:133,2,0,0
BRDA:133,2,1,0
BRDA:140,3,0,0
BRDA:140,3,1,0
BRDA:151,4,0,0
BRDA:151,4,1,0
BRDA:159,5,0,0
BRDA:159,5,1,0
BRDA:275,6,0,0
BRDA:275,6,1,0
BRDA:291,7,0,0
BRDA:291,7,1,0
BRDA:292,8,0,0
BRDA:292,8,1,0
BRDA:292,9,0,0
BRDA:292,9,1,0
BRDA:307,10,0,0
BRDA:307,10,1,0
BRDA:308,11,0,0
BRDA:308,11,1,0
BRDA:308,12,0,0
BRDA:308,12,1,0
BRDA:322,13,0,0
BRDA:322,13,1,0
BRDA:337,14,0,0
BRDA:337,14,1,0
BRDA:341,15,0,0
BRDA:345,16,0,0
BRDA:345,16,1,0
BRDA:363,17,0,0
BRDA:368,18,0,0
BRF:35
BRH:0
end_of_record
TN:
SF:app/webhooks-api/loading.tsx
FN:3,Loading
FN:34,(anonymous_2)
FNF:2
FNH:0
FNDA:0,Loading
FNDA:0,(anonymous_2)
DA:1,0
DA:3,0
DA:35,0
LF:3
LH:0
BRF:0
BRH:0
end_of_record
TN:
SF:app/webhooks-api/page.tsx
FN:116,WebhooksAPIPage
FN:130,(anonymous_2)
FN:141,(anonymous_3)
FN:166,(anonymous_4)
FN:171,(anonymous_5)
FN:228,(anonymous_8)
FN:262,(anonymous_12)
FN:290,(anonymous_14)
FN:348,(anonymous_16)
FN:420,(anonymous_17)
FN:438,(anonymous_18)
FN:454,(anonymous_19)
FN:466,(anonymous_20)
FN:489,(anonymous_21)
FN:509,(anonymous_22)
FN:527,(anonymous_23)
FN:552,(anonymous_24)
FNF:17
FNH:0
FNDA:0,WebhooksAPIPage
FNDA:0,(anonymous_2)
FNDA:0,(anonymous_3)
FNDA:0,(anonymous_4)
FNDA:0,(anonymous_5)
FNDA:0,(anonymous_8)
FNDA:0,(anonymous_12)
FNDA:0,(anonymous_14)
FNDA:0,(anonymous_16)
FNDA:0,(anonymous_17)
FNDA:0,(anonymous_18)
FNDA:0,(anonymous_19)
FNDA:0,(anonymous_20)
FNDA:0,(anonymous_21)
FNDA:0,(anonymous_22)
FNDA:0,(anonymous_23)
FNDA:0,(anonymous_24)
DA:3,0
DA:4,0
DA:5,0
DA:6,0
DA:7,0
DA:8,0
DA:9,0
DA:10,0
DA:11,0
DA:12,0
DA:13,0
DA:14,0
DA:15,0
DA:17,0
DA:18,0
DA:19,0
DA:20,0
DA:23,0
DA:30,0
DA:38,0
DA:86,0
DA:116,0
DA:117,0
DA:118,0
DA:119,0
DA:120,0
DA:123,0
DA:124,0
DA:125,0
DA:126,0
DA:127,0
DA:128,0
DA:130,0
DA:131,0
DA:141,0
DA:166,0
DA:171,0
DA:228,0
DA:263,0
DA:291,0
DA:349,0
DA:421,0
DA:439,0
DA:454,0
DA:466,0
DA:489,0
DA:509,0
DA:527,0
DA:552,0
LF:49
LH:0
BRDA:141,0,0,0
BRDA:141,0,1,0
BRDA:215,1,0,0
BRDA:215,1,1,0
BRDA:261,2,0,0
BRDA:270,3,0,0
BRDA:289,4,0,0
BRDA:298,5,0,0
BRDA:364,6,0,0
BRDA:364,6,1,0
BRF:10
BRH:0
end_of_record
TN:
SF:components/theme-provider.tsx
FN:5,ThemeProvider
FNF:1
FNH:0
FNDA:0,ThemeProvider
DA:2,0
DA:5,0
LF:2
LH:0
BRF:0
BRH:0
end_of_record
TN:
SF:components/theme-toggle.tsx
FN:12,ThemeToggle
FN:19,(anonymous_2)
FNF:2
FNH:0
FNDA:0,ThemeToggle
FNDA:0,(anonymous_2)
DA:2,0
DA:3,0
DA:4,0
DA:6,0
DA:12,0
DA:13,0
DA:19,0
LF:7
LH:0
BRDA:19,0,0,0
BRDA:19,0,1,0
BRF:2
BRH:0
end_of_record
TN:
SF:components/charts/AreaChart.tsx
FNF:0
FNH:0
DA:1,0
DA:2,0
DA:32,0
LF:3
LH:0
BRF:0
BRH:0
end_of_record
TN:
SF:components/charts/PieChart.tsx
FN:25,(anonymous_3)
FNF:1
FNH:0
FNDA:0,(anonymous_3)
DA:1,0
DA:2,0
DA:26,0
DA:32,0
LF:4
LH:0
BRF:0
BRH:0
end_of_record
TN:
SF:components/common/CopyButton.tsx
FN:13,CopyButton
FN:20,(anonymous_2)
FNF:2
FNH:2
FNDA:7,CopyButton
FNDA:3,(anonymous_2)
DA:1,1
DA:2,1
DA:3,1
DA:13,7
DA:20,7
DA:21,3
DA:22,3
DA:23,2
DA:28,1
LF:9
LH:9
BRDA:15,0,0,5
BRDA:16,1,0,7
BRDA:18,2,0,6
BRF:3
BRH:3
end_of_record
TN:
SF:components/common/OptimizedImage.tsx
FN:9,OptimizedImage
FN:29,(anonymous_3)
FN:30,(anonymous_4)
FNF:3
FNH:0
FNDA:0,OptimizedImage
FNDA:0,(anonymous_3)
FNDA:0,(anonymous_4)
DA:1,0
DA:2,0
DA:3,0
DA:9,0
DA:16,0
DA:17,0
DA:29,0
DA:31,0
DA:32,0
LF:9
LH:0
BRDA:13,0,0,0
BRDA:22,1,0,0
BRDA:22,1,1,0
BRDA:26,2,0,0
BRDA:26,2,1,0
BRF:5
BRH:0
end_of_record
TN:
SF:components/common/ReactBestPracticesDemo.tsx
FN:91,BestPracticeItem
FN:126,ReactBestPracticesDemo
FN:136,(anonymous_6)
FN:138,(anonymous_7)
FN:142,(anonymous_8)
FN:144,(anonymous_9)
FN:151,(anonymous_10)
FN:155,(anonymous_11)
FN:159,(anonymous_12)
FN:223,(anonymous_13)
FN:228,(anonymous_14)
FN:238,(anonymous_15)
FN:262,(anonymous_16)
FNF:13
FNH:0
FNDA:0,BestPracticeItem
FNDA:0,ReactBestPracticesDemo
FNDA:0,(anonymous_6)
FNDA:0,(anonymous_7)
FNDA:0,(anonymous_8)
FNDA:0,(anonymous_9)
FNDA:0,(anonymous_10)
FNDA:0,(anonymous_11)
FNDA:0,(anonymous_12)
FNDA:0,(anonymous_13)
FNDA:0,(anonymous_14)
FNDA:0,(anonymous_15)
FNDA:0,(anonymous_16)
DA:15,0
DA:16,0
DA:17,0
DA:18,0
DA:19,0
DA:20,0
DA:21,0
DA:22,0
DA:38,0
DA:83,0
DA:91,0
DA:126,0
DA:129,0
DA:130,0
DA:133,0
DA:136,0
DA:137,0
DA:138,0
DA:142,0
DA:143,0
DA:144,0
DA:145,0
DA:147,0
DA:151,0
DA:152,0
DA:155,0
DA:156,0
DA:159,0
DA:161,0
DA:162,0
DA:224,0
DA:228,0
DA:239,0
DA:261,0
DA:263,0
LF:35
LH:0
BRDA:100,0,0,0
BRDA:127,1,0,0
BRDA:137,2,0,0
BRDA:137,2,1,0
BRDA:207,3,0,0
BRDA:207,3,1,0
BRDA:226,4,0,0
BRDA:226,4,1,0
BRDA:244,5,0,0
BRDA:244,5,1,0
BRF:10
BRH:0
end_of_record
TN:
SF:components/common/StatusBadge.tsx
FN:9,StatusBadge
FN:10,(anonymous_2)
FN:25,(anonymous_3)
FNF:3
FNH:2
FNDA:9,StatusBadge
FNDA:9,(anonymous_2)
FNDA:0,(anonymous_3)
DA:1,1
DA:2,1
DA:9,9
DA:10,9
DA:11,9
DA:14,4
DA:17,0
DA:19,0
DA:21,5
DA:25,9
DA:26,0
DA:34,0
LF:12
LH:8
BRDA:9,0,0,9
BRDA:11,1,0,0
BRDA:11,1,1,4
BRDA:11,1,2,0
BRDA:11,1,3,0
BRDA:11,1,4,0
BRDA:11,1,5,5
BRDA:26,2,0,0
BRDA:40,3,0,9
BRDA:40,3,1,0
BRF:10
BRH:4
end_of_record
TN:
SF:components/common/withErrorBoundary.tsx
FN:13,withErrorBoundary
FN:17,(anonymous_5)
FN:35,useErrorBoundary
FN:38,(anonymous_7)
FN:42,(anonymous_8)
FNF:5
FNH:0
FNDA:0,withErrorBoundary
FNDA:0,(anonymous_5)
FNDA:0,useErrorBoundary
FNDA:0,(anonymous_7)
FNDA:0,(anonymous_8)
DA:1,0
DA:2,0
DA:13,0
DA:17,0
DA:26,0
DA:28,0
DA:35,0
DA:36,0
DA:38,0
DA:39,0
DA:42,0
DA:43,0
DA:47,0
DA:48,0
DA:51,0
LF:15
LH:0
BRDA:15,0,0,0
BRDA:26,1,0,0
BRDA:26,1,1,0
BRDA:47,2,0,0
BRDA:47,2,1,0
BRF:5
BRH:0
end_of_record
TN:
SF:components/dashboard/DeveloperResources.tsx
FN:38,DeveloperResources
FN:41,(anonymous_2)
FNF:2
FNH:2
FNDA:8,DeveloperResources
FNDA:32,(anonymous_2)
DA:1,1
DA:2,1
DA:11,1
DA:38,8
DA:42,32
LF:5
LH:5
BRDA:52,0,0,32
BRDA:52,0,1,0
BRDA:53,1,0,32
BRDA:53,1,1,0
BRDA:60,2,0,32
BRF:5
BRH:3
end_of_record
TN:
SF:components/dashboard/QuickActions.tsx
FN:6,QuickActions
FN:14,(anonymous_2)
FNF:2
FNH:0
FNDA:0,QuickActions
FNDA:0,(anonymous_2)
DA:1,0
DA:2,0
DA:3,0
DA:4,0
DA:6,0
DA:15,0
LF:6
LH:0
BRF:0
BRH:0
end_of_record
TN:
SF:components/dashboard/RecentActivity.tsx
FN:44,RecentActivity
FN:56,(anonymous_2)
FNF:2
FNH:0
FNDA:0,RecentActivity
FNDA:0,(anonymous_2)
DA:1,0
DA:2,0
DA:3,0
DA:13,0
DA:44,0
DA:57,0
LF:6
LH:0
BRF:0
BRH:0
end_of_record
TN:
SF:components/dashboard/SystemStatus.tsx
FN:6,SystemStatus
FN:17,(anonymous_2)
FNF:2
FNH:2
FNDA:8,SystemStatus
FNDA:32,(anonymous_2)
DA:1,1
DA:2,1
DA:3,1
DA:4,1
DA:6,8
DA:18,32
LF:6
LH:6
BRDA:21,0,0,24
BRDA:21,0,1,8
BRDA:22,1,0,24
BRDA:22,1,1,8
BRF:4
BRH:4
end_of_record
TN:
SF:components/dashboard/UsageStats.tsx
FN:6,UsageStats
FN:9,(anonymous_2)
FNF:2
FNH:0
FNDA:0,UsageStats
FNDA:0,(anonymous_2)
DA:1,0
DA:2,0
DA:3,0
DA:4,0
DA:6,0
DA:10,0
LF:6
LH:0
BRDA:18,0,0,0
BRDA:18,0,1,0
BRDA:20,1,0,0
BRDA:20,1,1,0
BRDA:27,2,0,0
BRDA:27,2,1,0
BRDA:29,3,0,0
BRDA:29,3,1,0
BRF:8
BRH:0
end_of_record
TN:
SF:components/forms/AsyncForm.tsx
FN:26,AsyncForm
FN:41,(anonymous_7)
FN:45,(anonymous_8)
FN:56,(anonymous_9)
FN:68,(anonymous_10)
FN:69,(anonymous_11)
FN:76,(anonymous_12)
FN:84,(anonymous_13)
FN:85,(anonymous_14)
FN:145,useAsyncForm
FN:152,(anonymous_16)
FN:153,(anonymous_17)
FN:156,(anonymous_18)
FN:157,(anonymous_19)
FN:160,(anonymous_20)
FN:161,(anonymous_21)
FN:164,(anonymous_22)
FNF:17
FNH:17
FNDA:20,AsyncForm
FNDA:5,(anonymous_7)
FNDA:5,(anonymous_8)
FNDA:3,(anonymous_9)
FNDA:1,(anonymous_10)
FNDA:1,(anonymous_11)
FNDA:1,(anonymous_12)
FNDA:1,(anonymous_13)
FNDA:1,(anonymous_14)
FNDA:12,useAsyncForm
FNDA:4,(anonymous_16)
FNDA:4,(anonymous_17)
FNDA:2,(anonymous_18)
FNDA:2,(anonymous_19)
FNDA:2,(anonymous_20)
FNDA:2,(anonymous_21)
FNDA:1,(anonymous_22)
DA:1,1
DA:2,1
DA:3,1
DA:4,1
DA:26,9
DA:35,20
DA:41,20
DA:42,5
DA:45,5
DA:52,5
DA:53,5
DA:54,5
DA:56,3
DA:63,3
DA:64,1
DA:68,3
DA:69,1
DA:76,1
DA:84,20
DA:85,1
DA:145,12
DA:146,12
DA:152,12
DA:153,4
DA:156,12
DA:157,2
DA:160,12
DA:161,2
DA:164,12
DA:165,1
DA:168,12
LF:31
LH:31
BRDA:29,0,0,19
BRDA:30,1,0,17
BRDA:31,2,0,19
BRDA:32,3,0,19
BRDA:33,4,0,17
BRDA:63,5,0,1
BRDA:63,5,1,2
BRDA:79,6,0,1
BRDA:79,6,1,0
BRDA:96,7,0,20
BRDA:115,8,0,20
BRDA:127,9,0,20
BRDA:127,9,1,19
BRDA:130,10,0,5
BRDA:130,10,1,15
BRF:15
BRH:14
end_of_record
TN:
SF:components/forms/FormField.tsx
FN:21,FormField
FN:33,(anonymous_3)
FN:42,(anonymous_4)
FN:60,(anonymous_5)
FN:71,(anonymous_6)
FNF:5
FNH:0
FNDA:0,FormField
FNDA:0,(anonymous_3)
FNDA:0,(anonymous_4)
FNDA:0,(anonymous_5)
FNDA:0,(anonymous_6)
DA:1,0
DA:2,0
DA:3,0
DA:4,0
DA:5,0
DA:6,0
DA:21,0
DA:33,0
DA:34,0
DA:43,0
DA:60,0
DA:71,0
LF:12
LH:0
BRDA:24,0,0,0
BRDA:25,1,0,0
BRDA:29,2,0,0
BRDA:80,3,0,0
BRDA:80,3,1,0
BRDA:83,4,0,0
BRDA:86,5,0,0
BRF:7
BRH:0
end_of_record
TN:
SF:components/layout/AppLayout.tsx
FN:29,AppLayout
FN:34,(anonymous_6)
FN:35,(anonymous_7)
FN:42,(anonymous_8)
FN:46,(anonymous_9)
FN:73,(anonymous_10)
FNF:6
FNH:0
FNDA:0,AppLayout
FNDA:0,(anonymous_6)
FNDA:0,(anonymous_7)
FNDA:0,(anonymous_8)
FNDA:0,(anonymous_9)
FNDA:0,(anonymous_10)
DA:3,0
DA:14,0
DA:15,0
DA:16,0
DA:17,0
DA:18,0
DA:19,0
DA:20,0
DA:21,0
DA:22,0
DA:23,0
DA:29,0
DA:30,0
DA:31,0
DA:34,0
DA:35,0
DA:42,0
DA:43,0
DA:46,0
DA:47,0
DA:74,0
LF:21
LH:0
BRDA:37,0,0,0
BRDA:37,0,1,0
BRDA:37,0,2,0
BRDA:80,1,0,0
BRDA:80,1,1,0
BRDA:87,2,0,0
BRDA:87,2,1,0
BRF:7
BRH:0
end_of_record
TN:
SF:components/layout/PageLayout.tsx
FN:11,PageLayout
FN:25,PageHeader
FN:50,PageContent
FNF:3
FNH:0
FNDA:0,PageLayout
FNDA:0,PageHeader
FNDA:0,PageContent
DA:3,0
DA:4,0
DA:11,0
DA:25,0
DA:50,0
LF:5
LH:0
BRDA:30,0,0,0
BRDA:36,1,0,0
BRF:2
BRH:0
end_of_record
TN:
SF:components/layout/StandardPageLayout.tsx
FN:12,StandardPageLayout
FNF:1
FNH:0
FNDA:0,StandardPageLayout
DA:1,0
DA:2,0
DA:12,0
LF:3
LH:0
BRDA:21,0,0,0
BRDA:21,0,1,0
BRDA:24,1,0,0
BRDA:27,2,0,0
BRDA:31,3,0,0
BRF:5
BRH:0
end_of_record
TN:
SF:components/metrics/CodeExamples.tsx
FN:18,CodeExamples
FN:28,(anonymous_5)
FN:37,(anonymous_6)
FN:65,(anonymous_7)
FN:72,(anonymous_8)
FNF:5
FNH:0
FNDA:0,CodeExamples
FNDA:0,(anonymous_5)
FNDA:0,(anonymous_6)
FNDA:0,(anonymous_7)
FNDA:0,(anonymous_8)
DA:1,0
DA:2,0
DA:3,0
DA:4,0
DA:5,0
DA:6,0
DA:7,0
DA:8,0
DA:18,0
DA:25,0
DA:28,0
DA:29,0
DA:37,0
DA:38,0
DA:66,0
DA:73,0
LF:16
LH:0
BRDA:91,0,0,0
BRDA:103,1,0,0
BRF:2
BRH:0
end_of_record
TN:
SF:components/metrics/MetricsChart.tsx
FN:17,MetricsChart
FN:26,(anonymous_3)
FN:34,(anonymous_4)
FN:125,(anonymous_5)
FN:134,(anonymous_6)
FN:140,(anonymous_7)
FNF:6
FNH:0
FNDA:0,MetricsChart
FNDA:0,(anonymous_3)
FNDA:0,(anonymous_4)
FNDA:0,(anonymous_5)
FNDA:0,(anonymous_6)
FNDA:0,(anonymous_7)
DA:1,0
DA:2,0
DA:3,0
DA:4,0
DA:5,0
DA:17,0
DA:26,0
DA:34,0
DA:35,0
DA:37,0
DA:38,0
DA:40,0
DA:42,0
DA:43,0
DA:45,0
DA:48,0
DA:49,0
DA:51,0
DA:54,0
DA:58,0
DA:74,0
DA:125,0
DA:135,0
DA:136,0
DA:138,0
DA:140,0
LF:26
LH:0
BRDA:21,0,0,0
BRDA:22,1,0,0
BRDA:35,2,0,0
BRDA:35,2,1,0
BRDA:37,3,0,0
BRDA:37,3,1,0
BRDA:38,4,0,0
BRDA:38,4,1,0
BRDA:40,5,0,0
BRDA:40,5,1,0
BRDA:43,6,0,0
BRDA:43,6,1,0
BRDA:43,7,0,0
BRDA:43,7,1,0
BRDA:49,8,0,0
BRDA:49,8,1,0
BRDA:51,9,0,0
BRDA:51,9,1,0
BRDA:52,10,0,0
BRDA:52,10,1,0
BRDA:54,11,0,0
BRDA:54,11,1,0
BRDA:55,12,0,0
BRDA:55,12,1,0
BRDA:58,13,0,0
BRDA:58,13,1,0
BRDA:63,14,0,0
BRDA:74,15,0,0
BRDA:74,15,1,0
BRDA:79,16,0,0
BRDA:96,17,0,0
BRDA:135,18,0,0
BRDA:135,18,1,0
BRDA:135,19,0,0
BRDA:135,19,1,0
BRF:35
BRH:0
end_of_record
TN:
SF:components/metrics/MetricsControls.tsx
FN:22,MetricsControls
FN:34,(anonymous_3)
FN:65,(anonymous_4)
FN:84,(anonymous_5)
FN:103,(anonymous_6)
FN:122,(anonymous_7)
FNF:6
FNH:0
FNDA:0,MetricsControls
FNDA:0,(anonymous_3)
FNDA:0,(anonymous_4)
FNDA:0,(anonymous_5)
FNDA:0,(anonymous_6)
FNDA:0,(anonymous_7)
DA:1,0
DA:2,0
DA:3,0
DA:4,0
DA:5,0
DA:6,0
DA:7,0
DA:22,0
DA:34,0
DA:66,0
DA:85,0
DA:104,0
DA:123,0
LF:13
LH:0
BRDA:32,0,0,0
BRDA:48,1,0,0
BRDA:48,1,1,0
BRDA:133,2,0,0
BRF:4
BRH:0
end_of_record
TN:
SF:components/ui/accordion.tsx
FNF:0
FNH:0
DA:3,0
DA:4,0
DA:5,0
DA:7,0
DA:9,0
DA:21,0
DA:41,0
DA:56,0
DA:58,0
LF:9
LH:0
BRF:0
BRH:0
end_of_record
TN:
SF:components/ui/alert-dialog.tsx
FNF:0
FNH:0
DA:3,0
DA:4,0
DA:6,0
DA:7,0
DA:9,0
DA:11,0
DA:13,0
DA:28,0
DA:46,0
DA:60,0
DA:74,0
DA:86,0
DA:98,0
DA:111,0
DA:127,0
DA:130,0
DA:131,0
DA:132,0
DA:133,0
DA:134,0
DA:135,0
DA:136,0
DA:137,0
DA:138,0
DA:139,0
DA:140,0
LF:26
LH:0
BRF:0
BRH:0
end_of_record
TN:
SF:components/ui/alert.tsx
FNF:0
FNH:0
DA:1,1
DA:2,1
DA:4,1
DA:6,1
DA:33,1
DA:45,1
DA:57,1
DA:59,4
LF:8
LH:8
BRF:0
BRH:0
end_of_record
TN:
SF:components/ui/announcement-banner.tsx
FN:67,AnnouncementBanner
FN:74,(anonymous_2)
FN:77,(anonymous_3)
FN:78,(anonymous_4)
FN:81,(anonymous_5)
FN:84,(anonymous_6)
FN:85,(anonymous_7)
FN:89,(anonymous_8)
FN:90,(anonymous_9)
FN:94,(anonymous_10)
FN:99,(anonymous_11)
FN:101,(anonymous_12)
FN:102,(anonymous_13)
FN:111,(anonymous_14)
FN:112,(anonymous_15)
FN:119,(anonymous_16)
FN:143,(anonymous_17)
FN:157,(anonymous_18)
FN:183,(anonymous_19)
FN:205,(anonymous_20)
FN:208,(anonymous_21)
FNF:21
FNH:0
FNDA:0,AnnouncementBanner
FNDA:0,(anonymous_2)
FNDA:0,(anonymous_3)
FNDA:0,(anonymous_4)
FNDA:0,(anonymous_5)
FNDA:0,(anonymous_6)
FNDA:0,(anonymous_7)
FNDA:0,(anonymous_8)
FNDA:0,(anonymous_9)
FNDA:0,(anonymous_10)
FNDA:0,(anonymous_11)
FNDA:0,(anonymous_12)
FNDA:0,(anonymous_13)
FNDA:0,(anonymous_14)
FNDA:0,(anonymous_15)
FNDA:0,(anonymous_16)
FNDA:0,(anonymous_17)
FNDA:0,(anonymous_18)
FNDA:0,(anonymous_19)
FNDA:0,(anonymous_20)
FNDA:0,(anonymous_21)
DA:3,0
DA:4,0
DA:5,0
DA:22,0
DA:67,0
DA:68,0
DA:69,0
DA:70,0
DA:71,0
DA:74,0
DA:75,0
DA:77,0
DA:78,0
DA:81,0
DA:84,0
DA:85,0
DA:86,0
DA:89,0
DA:90,0
DA:91,0
DA:94,0
DA:95,0
DA:96,0
DA:99,0
DA:100,0
DA:101,0
DA:102,0
DA:106,0
DA:111,0
DA:112,0
DA:120,0
DA:144,0
DA:145,0
DA:147,0
DA:158,0
DA:159,0
DA:161,0
DA:183,0
DA:206,0
DA:208,0
LF:40
LH:0
BRDA:75,0,0,0
BRDA:75,0,1,0
BRDA:100,1,0,0
BRDA:100,1,1,0
BRDA:106,2,0,0
BRDA:106,2,1,0
BRDA:106,3,0,0
BRDA:106,3,1,0
BRDA:110,4,0,0
BRDA:110,4,1,0
BRDA:144,5,0,0
BRDA:144,5,1,0
BRDA:158,6,0,0
BRDA:158,6,1,0
BRDA:210,7,0,0
BRDA:210,7,1,0
BRF:16
BRH:0
end_of_record
TN:
SF:components/ui/aspect-ratio.tsx
FNF:0
FNH:0
DA:3,0
DA:5,0
DA:7,0
LF:3
LH:0
BRF:0
BRH:0
end_of_record
TN:
SF:components/ui/avatar.tsx
FNF:0
FNH:0
DA:3,0
DA:4,0
DA:6,0
DA:21,0
DA:33,0
DA:48,0
DA:50,0
LF:7
LH:0
BRF:0
BRH:0
end_of_record
TN:
SF:components/ui/badge.tsx
FN:30,Badge
FNF:1
FNH:1
FNDA:41,Badge
DA:1,2
DA:2,2
DA:4,2
DA:6,2
DA:36,41
LF:5
LH:5
BRF:0
BRH:0
end_of_record
TN:
SF:components/ui/breadcrumb.tsx
FN:47,(anonymous_14)
FNF:1
FNH:0
FNDA:0,(anonymous_14)
DA:1,0
DA:2,0
DA:3,0
DA:5,0
DA:13,0
DA:28,0
DA:40,0
DA:42,0
DA:48,0
DA:58,0
DA:73,0
DA:89,0
DA:105,0
DA:108,0
DA:109,0
DA:110,0
DA:111,0
DA:112,0
DA:113,0
DA:114,0
LF:20
LH:0
BRDA:48,0,0,0
BRDA:48,0,1,0
BRDA:86,1,0,0
BRDA:86,1,1,0
BRF:4
BRH:0
end_of_record
TN:
SF:components/ui/breadcrumbs.tsx
FN:17,Breadcrumbs
FN:27,(anonymous_6)
FNF:2
FNH:0
FNDA:0,Breadcrumbs
FNDA:0,(anonymous_6)
DA:1,0
DA:2,0
DA:3,0
DA:4,0
DA:17,0
DA:28,0
LF:6
LH:0
BRDA:31,0,0,0
BRDA:30,1,0,0
BRDA:30,1,1,0
BRDA:41,2,0,0
BRDA:41,2,1,0
BRF:5
BRH:0
end_of_record
TN:
SF:components/ui/button.tsx
FN:43,(anonymous_6)
FNF:1
FNH:1
FNDA:46,(anonymous_6)
DA:1,3
DA:2,3
DA:3,3
DA:5,3
DA:7,3
DA:42,3
DA:44,46
DA:54,3
DA:56,46
LF:9
LH:9
BRDA:43,0,0,45
BRDA:44,1,0,1
BRDA:44,1,1,45
BRF:3
BRH:3
end_of_record
TN:
SF:components/ui/calendar.tsx
FN:12,Calendar
FN:57,(anonymous_5)
FNF:2
FNH:0
FNDA:0,Calendar
FNDA:0,(anonymous_5)
DA:3,0
DA:4,0
DA:5,0
DA:7,0
DA:8,0
DA:58,0
DA:68,0
DA:70,0
LF:8
LH:0
BRDA:15,0,0,0
BRDA:58,1,0,0
BRDA:58,1,1,0
BRF:3
BRH:0
end_of_record
TN:
SF:components/ui/card.tsx
FNF:0
FNH:0
DA:1,1
DA:3,1
DA:18,1
DA:30,1
DA:45,1
DA:57,1
DA:65,1
DA:77,1
DA:79,8
LF:9
LH:9
BRF:0
BRH:0
end_of_record
TN:
SF:components/ui/carousel.tsx
FN:35,useCarousel
FN:49,(anonymous_11)
FN:71,(anonymous_12)
FN:80,(anonymous_13)
FN:84,(anonymous_14)
FN:89,(anonymous_15)
FN:101,(anonymous_16)
FN:109,(anonymous_17)
FN:118,(anonymous_18)
FN:156,(anonymous_19)
FN:178,(anonymous_20)
FN:200,(anonymous_21)
FN:229,(anonymous_22)
FNF:13
FNH:0
FNDA:0,useCarousel
FNDA:0,(anonymous_11)
FNDA:0,(anonymous_12)
FNDA:0,(anonymous_13)
FNDA:0,(anonymous_14)
FNDA:0,(anonymous_15)
FNDA:0,(anonymous_16)
FNDA:0,(anonymous_17)
FNDA:0,(anonymous_18)
FNDA:0,(anonymous_19)
FNDA:0,(anonymous_20)
FNDA:0,(anonymous_21)
FNDA:0,(anonymous_22)
DA:3,0
DA:6,0
DA:7,0
DA:9,0
DA:10,0
DA:33,0
DA:36,0
DA:38,0
DA:39,0
DA:42,0
DA:45,0
DA:61,0
DA:68,0
DA:69,0
DA:71,0
DA:72,0
DA:73,0
DA:76,0
DA:77,0
DA:80,0
DA:81,0
DA:84,0
DA:85,0
DA:88,0
DA:90,0
DA:91,0
DA:92,0
DA:93,0
DA:94,0
DA:95,0
DA:101,0
DA:102,0
DA:103,0
DA:106,0
DA:109,0
DA:110,0
DA:111,0
DA:114,0
DA:115,0
DA:116,0
DA:118,0
DA:119,0
DA:151,0
DA:153,0
DA:157,0
DA:173,0
DA:175,0
DA:179,0
DA:195,0
DA:197,0
DA:201,0
DA:224,0
DA:226,0
DA:230,0
DA:253,0
DA:257,0
DA:258,0
DA:259,0
DA:260,0
DA:261,0
LF:60
LH:0
BRDA:38,0,0,0
BRDA:38,0,1,0
BRDA:51,1,0,0
BRDA:64,2,0,0
BRDA:64,2,1,0
BRDA:72,3,0,0
BRDA:72,3,1,0
BRDA:90,4,0,0
BRDA:90,4,1,0
BRDA:93,5,0,0
BRDA:93,5,1,0
BRDA:102,6,0,0
BRDA:102,6,1,0
BRDA:102,7,0,0
BRDA:102,7,1,0
BRDA:110,8,0,0
BRDA:110,8,1,0
BRDA:130,9,0,0
BRDA:130,9,1,0
BRDA:130,10,0,0
BRDA:130,10,1,0
BRDA:165,11,0,0
BRDA:165,11,1,0
BRDA:188,12,0,0
BRDA:188,12,1,0
BRDA:200,13,0,0
BRDA:200,14,0,0
BRDA:210,15,0,0
BRDA:210,15,1,0
BRDA:229,16,0,0
BRDA:229,17,0,0
BRDA:239,18,0,0
BRDA:239,18,1,0
BRF:33
BRH:0
end_of_record
TN:
SF:components/ui/chart-container.tsx
FN:17,ChartContainer
FNF:1
FNH:0
FNDA:0,ChartContainer
DA:1,0
DA:2,0
DA:3,0
DA:17,0
LF:4
LH:0
BRDA:29,0,0,0
BRF:1
BRH:0
end_of_record
TN:
SF:components/ui/chart-loading.tsx
FN:11,ChartLoading
FNF:1
FNH:0
FNDA:0,ChartLoading
DA:1,0
DA:11,0
DA:12,0
DA:16,0
DA:24,0
LF:5
LH:0
BRDA:12,0,0,0
BRDA:12,0,1,0
BRDA:16,1,0,0
BRDA:16,1,1,0
BRF:4
BRH:0
end_of_record
TN:
SF:components/ui/chart.tsx
FN:31,useChart
FN:45,(anonymous_14)
FN:66,(anonymous_15)
FN:68,(anonymous_16)
FN:80,(anonymous_17)
FN:83,(anonymous_18)
FN:125,(anonymous_19)
FN:145,(anonymous_20)
FN:197,(anonymous_21)
FN:284,(anonymous_22)
FN:303,(anonymous_23)
FN:335,getPayloadConfigFromPayload
FNF:12
FNH:0
FNDA:0,useChart
FNDA:0,(anonymous_14)
FNDA:0,(anonymous_15)
FNDA:0,(anonymous_16)
FNDA:0,(anonymous_17)
FNDA:0,(anonymous_18)
FNDA:0,(anonymous_19)
FNDA:0,(anonymous_20)
FNDA:0,(anonymous_21)
FNDA:0,(anonymous_22)
FNDA:0,(anonymous_23)
FNDA:0,getPayloadConfigFromPayload
DA:3,0
DA:4,0
DA:8,0
DA:11,0
DA:29,0
DA:32,0
DA:33,0
DA:34,0
DA:36,0
DA:44,0
DA:64,0
DA:66,0
DA:67,0
DA:68,0
DA:71,0
DA:72,0
DA:80,0
DA:85,0
DA:87,0
DA:99,0
DA:124,0
DA:143,0
DA:145,0
DA:146,0
DA:147,0
DA:150,0
DA:151,0
DA:152,0
DA:154,0
DA:158,0
DA:166,0
DA:167,0
DA:181,0
DA:182,0
DA:185,0
DA:198,0
DA:199,0
DA:200,0
DA:202,0
DA:266,0
DA:268,0
DA:283,0
DA:288,0
DA:290,0
DA:291,0
DA:304,0
DA:305,0
DA:307,0
DA:332,0
DA:340,0
DA:341,0
DA:344,0
DA:346,0
DA:348,0
DA:349,0
DA:350,0
DA:351,0
DA:354,0
DA:358,0
DA:359,0
DA:360,0
DA:361,0
DA:362,0
DA:363,0
DA:364,0
DA:365,0
DA:366,0
LF:67
LH:0
BRDA:33,0,0,0
BRDA:33,0,1,0
BRDA:45,1,0,0
BRDA:68,2,0,0
BRDA:68,2,1,0
BRDA:71,3,0,0
BRDA:71,3,1,0
BRDA:85,4,0,0
BRDA:85,4,1,0
BRDA:87,5,0,0
BRDA:87,5,1,0
BRDA:130,6,0,0
BRDA:131,7,0,0
BRDA:132,8,0,0
BRDA:146,9,0,0
BRDA:146,9,1,0
BRDA:146,10,0,0
BRDA:146,10,1,0
BRDA:151,11,0,0
BRDA:151,11,1,0
BRDA:151,11,2,0
BRDA:151,11,3,0
BRDA:154,12,0,0
BRDA:154,12,1,0
BRDA:154,13,0,0
BRDA:154,13,1,0
BRDA:155,14,0,0
BRDA:155,14,1,0
BRDA:158,15,0,0
BRDA:158,15,1,0
BRDA:166,16,0,0
BRDA:166,16,1,0
BRDA:181,17,0,0
BRDA:181,17,1,0
BRDA:181,18,0,0
BRDA:181,18,1,0
BRDA:185,19,0,0
BRDA:185,19,1,0
BRDA:195,20,0,0
BRDA:195,20,1,0
BRDA:198,21,0,0
BRDA:198,21,1,0
BRDA:198,21,2,0
BRDA:198,21,3,0
BRDA:200,22,0,0
BRDA:200,22,1,0
BRDA:200,22,2,0
BRDA:207,23,0,0
BRDA:207,23,1,0
BRDA:211,24,0,0
BRDA:210,25,0,0
BRDA:210,25,1,0
BRDA:210,25,2,0
BRDA:215,26,0,0
BRDA:217,27,0,0
BRDA:226,28,0,0
BRDA:226,28,1,0
BRDA:241,29,0,0
BRDA:241,29,1,0
BRDA:245,30,0,0
BRDA:245,30,1,0
BRDA:247,31,0,0
BRDA:247,31,1,0
BRDA:250,32,0,0
BRDA:285,33,0,0
BRDA:285,34,0,0
BRDA:290,35,0,0
BRDA:290,35,1,0
BRDA:299,36,0,0
BRDA:299,36,1,0
BRDA:304,37,0,0
BRDA:304,37,1,0
BRDA:304,37,2,0
BRDA:315,38,0,0
BRDA:314,39,0,0
BRDA:314,39,1,0
BRDA:340,40,0,0
BRDA:340,40,1,0
BRDA:348,41,0,0
BRDA:348,41,1,0
BRDA:348,42,0,0
BRDA:348,42,1,0
BRDA:350,43,0,0
BRDA:350,43,1,0
BRDA:350,44,0,0
BRDA:350,44,1,0
BRDA:350,44,2,0
BRDA:354,45,0,0
BRDA:354,45,1,0
BRF:89
BRH:0
end_of_record
TN:
SF:components/ui/checkbox.tsx
FNF:0
FNH:0
DA:3,0
DA:4,0
DA:5,0
DA:7,0
DA:28,0
DA:30,0
LF:6
LH:0
BRF:0
BRH:0
end_of_record
TN:
SF:components/ui/collapsible.tsx
FNF:0
FNH:0
DA:3,0
DA:5,0
DA:7,0
DA:9,0
DA:11,0
LF:5
LH:0
BRF:0
BRH:0
end_of_record
TN:
SF:components/ui/command.tsx
FN:26,(anonymous_14)
FN:127,(anonymous_21)
FNF:2
FNH:0
FNDA:0,(anonymous_14)
FNDA:0,(anonymous_21)
DA:3,0
DA:5,0
DA:6,0
DA:8,0
DA:9,0
DA:24,0
DA:26,0
DA:55,0
DA:68,0
DA:81,0
DA:97,0
DA:109,0
DA:125,0
DA:127,0
DA:141,0
DA:144,0
DA:145,0
DA:146,0
DA:147,0
DA:148,0
DA:149,0
DA:150,0
DA:151,0
DA:152,0
LF:24
LH:0
BRF:0
BRH:0
end_of_record
TN:
SF:components/ui/context-menu.tsx
FN:168,(anonymous_27)
FNF:1
FNH:0
FNDA:0,(anonymous_27)
DA:3,0
DA:4,0
DA:5,0
DA:7,0
DA:9,0
DA:11,0
DA:13,0
DA:15,0
DA:17,0
DA:19,0
DA:40,0
DA:55,0
DA:72,0
DA:90,0
DA:113,0
DA:136,0
DA:154,0
DA:166,0
DA:168,0
DA:182,0
DA:185,0
DA:186,0
DA:187,0
DA:188,0
DA:189,0
DA:190,0
DA:191,0
DA:192,0
DA:193,0
DA:194,0
DA:195,0
DA:196,0
DA:197,0
DA:198,0
DA:199,0
LF:35
LH:0
BRDA:31,0,0,0
BRDA:31,0,1,0
BRDA:84,1,0,0
BRDA:84,1,1,0
BRDA:148,2,0,0
BRDA:148,2,1,0
BRF:6
BRH:0
end_of_record
TN:
SF:components/ui/data-api-slider.tsx
FN:68,DataAPISlider
FN:100,(anonymous_2)
FN:122,SlideContent
FN:167,SliderControls
FN:211,(anonymous_5)
FN:214,(anonymous_6)
FNF:6
FNH:0
FNDA:0,DataAPISlider
FNDA:0,(anonymous_2)
FNDA:0,SlideContent
FNDA:0,SliderControls
FNDA:0,(anonymous_5)
FNDA:0,(anonymous_6)
DA:3,0
DA:4,0
DA:5,0
DA:16,0
DA:68,0
DA:79,0
DA:87,0
DA:101,0
DA:122,0
DA:167,0
DA:212,0
DA:214,0
LF:12
LH:0
BRDA:87,0,0,0
BRDA:87,0,1,0
BRDA:216,1,0,0
BRDA:216,1,1,0
BRF:4
BRH:0
end_of_record
TN:
SF:components/ui/dialog.tsx
FNF:0
FNH:0
DA:3,0
DA:4,0
DA:5,0
DA:7,0
DA:9,0
DA:11,0
DA:13,0
DA:15,0
DA:30,0
DA:54,0
DA:68,0
DA:82,0
DA:97,0
DA:109,0
DA:112,0
DA:113,0
DA:114,0
DA:115,0
DA:116,0
DA:117,0
DA:118,0
DA:119,0
DA:120,0
DA:121,0
LF:24
LH:0
BRF:0
BRH:0
end_of_record
TN:
SF:components/ui/drawer.tsx
FNF:0
FNH:0
DA:3,0
DA:4,0
DA:6,0
DA:17,0
DA:19,0
DA:21,0
DA:23,0
DA:35,0
DA:56,0
DA:67,0
DA:78,0
DA:93,0
DA:105,0
DA:108,0
DA:109,0
DA:110,0
DA:111,0
DA:112,0
DA:113,0
DA:114,0
DA:115,0
DA:116,0
DA:117,0
LF:23
LH:0
BRDA:9,0,0,0
BRF:1
BRH:0
end_of_record
TN:
SF:components/ui/dropdown-menu.tsx
FN:171,(anonymous_27)
FNF:1
FNH:0
FNDA:0,(anonymous_27)
DA:3,0
DA:4,0
DA:5,0
DA:7,0
DA:9,0
DA:11,0
DA:13,0
DA:15,0
DA:17,0
DA:19,0
DA:40,0
DA:56,0
DA:75,0
DA:93,0
DA:116,0
DA:139,0
DA:157,0
DA:169,0
DA:171,0
DA:182,0
DA:185,0
DA:186,0
DA:187,0
DA:188,0
DA:189,0
DA:190,0
DA:191,0
DA:192,0
DA:193,0
DA:194,0
DA:195,0
DA:196,0
DA:197,0
DA:198,0
DA:199,0
LF:35
LH:0
BRDA:31,0,0,0
BRDA:31,0,1,0
BRDA:62,1,0,0
BRDA:87,2,0,0
BRDA:87,2,1,0
BRDA:151,3,0,0
BRDA:151,3,1,0
BRF:7
BRH:0
end_of_record
TN:
SF:components/ui/endpoint-legend.tsx
FN:11,EndpointLegend
FN:14,(anonymous_2)
FNF:2
FNH:0
FNDA:0,EndpointLegend
FNDA:0,(anonymous_2)
DA:11,0
DA:15,0
LF:2
LH:0
BRF:0
BRH:0
end_of_record
TN:
SF:components/ui/enhanced-card.tsx
FN:9,(anonymous_10)
FNF:1
FNH:1
FNDA:32,(anonymous_10)
DA:1,1
DA:2,1
DA:4,1
DA:10,32
DA:29,1
DA:41,1
DA:56,1
DA:68,1
DA:76,1
DA:88,1
DA:91,32
DA:92,0
DA:93,0
DA:94,0
DA:95,0
DA:96,32
LF:16
LH:12
BRDA:9,0,0,0
BRF:1
BRH:0
end_of_record
TN:
SF:components/ui/enhanced-toast.tsx
FN:10,(anonymous_1)
FN:19,(anonymous_2)
FN:28,(anonymous_3)
FN:37,(anonymous_4)
FNF:4
FNH:0
FNDA:0,(anonymous_1)
FNDA:0,(anonymous_2)
FNDA:0,(anonymous_3)
FNDA:0,(anonymous_4)
DA:1,0
DA:9,0
DA:11,0
DA:20,0
DA:29,0
DA:38,0
LF:6
LH:0
BRDA:10,0,0,0
BRDA:19,1,0,0
BRDA:28,2,0,0
BRDA:37,3,0,0
BRF:4
BRH:0
end_of_record
TN:
SF:components/ui/error-boundary.tsx
FN:20,(anonymous_8)
FN:39,(anonymous_9)
FN:25,(anonymous_10)
FN:29,(anonymous_11)
FN:34,(anonymous_12)
FN:34,(anonymous_13)
FN:43,(anonymous_14)
FN:53,DefaultErrorFallback
FN:75,ErrorMessage
FNF:9
FNH:0
FNDA:0,(anonymous_8)
FNDA:0,(anonymous_9)
FNDA:0,(anonymous_10)
FNDA:0,(anonymous_11)
FNDA:0,(anonymous_12)
FNDA:0,(anonymous_13)
FNDA:0,(anonymous_14)
FNDA:0,DefaultErrorFallback
FNDA:0,ErrorMessage
DA:3,0
DA:4,0
DA:5,0
DA:6,0
DA:21,0
DA:22,0
DA:26,0
DA:30,0
DA:31,0
DA:34,0
DA:35,0
DA:40,0
DA:44,0
DA:45,0
DA:49,0
DA:84,0
DA:103,0
LF:17
LH:0
BRDA:44,0,0,0
BRDA:44,0,1,0
BRDA:45,1,0,0
BRDA:45,1,1,0
BRDA:61,2,0,0
BRDA:61,2,1,0
BRDA:84,3,0,0
BRDA:84,3,1,0
BRDA:92,4,0,0
BRF:9
BRH:0
end_of_record
TN:
SF:components/ui/faucet-slider.tsx
FN:69,FaucetSlider
FN:76,(anonymous_2)
FN:79,(anonymous_3)
FN:80,(anonymous_4)
FN:83,(anonymous_5)
FN:86,(anonymous_6)
FN:87,(anonymous_7)
FN:91,(anonymous_8)
FN:92,(anonymous_9)
FN:96,(anonymous_10)
FN:101,(anonymous_11)
FN:103,(anonymous_12)
FN:104,(anonymous_13)
FN:113,(anonymous_14)
FN:114,(anonymous_15)
FN:121,(anonymous_16)
FN:166,(anonymous_17)
FN:188,(anonymous_18)
FN:191,(anonymous_19)
FNF:19
FNH:0
FNDA:0,FaucetSlider
FNDA:0,(anonymous_2)
FNDA:0,(anonymous_3)
FNDA:0,(anonymous_4)
FNDA:0,(anonymous_5)
FNDA:0,(anonymous_6)
FNDA:0,(anonymous_7)
FNDA:0,(anonymous_8)
FNDA:0,(anonymous_9)
FNDA:0,(anonymous_10)
FNDA:0,(anonymous_11)
FNDA:0,(anonymous_12)
FNDA:0,(anonymous_13)
FNDA:0,(anonymous_14)
FNDA:0,(anonymous_15)
FNDA:0,(anonymous_16)
FNDA:0,(anonymous_17)
FNDA:0,(anonymous_18)
FNDA:0,(anonymous_19)
DA:3,0
DA:4,0
DA:15,0
DA:69,0
DA:70,0
DA:71,0
DA:72,0
DA:73,0
DA:76,0
DA:77,0
DA:79,0
DA:80,0
DA:83,0
DA:86,0
DA:87,0
DA:88,0
DA:91,0
DA:92,0
DA:93,0
DA:96,0
DA:97,0
DA:98,0
DA:101,0
DA:102,0
DA:103,0
DA:104,0
DA:108,0
DA:113,0
DA:114,0
DA:122,0
DA:166,0
DA:189,0
DA:191,0
LF:33
LH:0
BRDA:77,0,0,0
BRDA:77,0,1,0
BRDA:102,1,0,0
BRDA:102,1,1,0
BRDA:108,2,0,0
BRDA:108,2,1,0
BRDA:108,3,0,0
BRDA:108,3,1,0
BRDA:112,4,0,0
BRDA:112,4,1,0
BRDA:193,5,0,0
BRDA:193,5,1,0
BRF:12
BRH:0
end_of_record
TN:
SF:components/ui/feedback-modal.tsx
FN:15,FeedbackModal
FN:20,(anonymous_2)
FN:21,(anonymous_3)
FN:33,(anonymous_4)
FN:39,(anonymous_5)
FN:53,(anonymous_6)
FN:68,(anonymous_7)
FN:74,(anonymous_8)
FNF:8
FNH:0
FNDA:0,FeedbackModal
FNDA:0,(anonymous_2)
FNDA:0,(anonymous_3)
FNDA:0,(anonymous_4)
FNDA:0,(anonymous_5)
FNDA:0,(anonymous_6)
FNDA:0,(anonymous_7)
FNDA:0,(anonymous_8)
DA:3,0
DA:4,0
DA:5,0
DA:6,0
DA:7,0
DA:8,0
DA:15,0
DA:16,0
DA:17,0
DA:20,0
DA:21,0
DA:22,0
DA:23,0
DA:27,0
DA:28,0
DA:30,0
DA:33,0
DA:34,0
DA:35,0
DA:39,0
DA:40,0
DA:41,0
DA:46,0
DA:49,0
DA:51,0
DA:53,0
DA:55,0
DA:60,0
DA:61,0
DA:62,0
DA:64,0
DA:68,0
DA:69,0
DA:70,0
DA:74,0
DA:75,0
DA:78,0
LF:37
LH:0
BRDA:22,0,0,0
BRDA:22,0,1,0
BRDA:22,1,0,0
BRDA:22,1,1,0
BRDA:27,2,0,0
BRDA:27,2,1,0
BRDA:40,3,0,0
BRDA:40,3,1,0
BRDA:64,4,0,0
BRDA:64,4,1,0
BRDA:69,5,0,0
BRDA:69,5,1,0
BRDA:78,6,0,0
BRDA:78,6,1,0
BRDA:126,7,0,0
BRDA:135,8,0,0
BRDA:135,8,1,0
BRDA:138,9,0,0
BRDA:138,9,1,0
BRF:19
BRH:0
end_of_record
TN:
SF:components/ui/form.tsx
FN:31,(anonymous_12)
FN:44,(anonymous_13)
FN:78,(anonymous_14)
FN:92,(anonymous_15)
FN:109,(anonymous_16)
FN:131,(anonymous_17)
FN:148,(anonymous_18)
FNF:7
FNH:0
FNDA:0,(anonymous_12)
FNDA:0,(anonymous_13)
FNDA:0,(anonymous_14)
FNDA:0,(anonymous_15)
FNDA:0,(anonymous_16)
FNDA:0,(anonymous_17)
FNDA:0,(anonymous_18)
DA:3,0
DA:5,0
DA:13,0
DA:15,0
DA:16,0
DA:18,0
DA:27,0
DA:31,0
DA:44,0
DA:45,0
DA:46,0
DA:47,0
DA:49,0
DA:51,0
DA:52,0
DA:55,0
DA:57,0
DA:71,0
DA:75,0
DA:79,0
DA:87,0
DA:89,0
DA:93,0
DA:104,0
DA:106,0
DA:110,0
DA:126,0
DA:128,0
DA:132,0
DA:143,0
DA:145,0
DA:149,0
DA:150,0
DA:152,0
DA:153,0
DA:167,0
DA:170,0
DA:171,0
DA:172,0
DA:173,0
DA:174,0
DA:175,0
DA:176,0
DA:177,0
LF:44
LH:0
BRDA:51,0,0,0
BRDA:51,0,1,0
BRDA:98,1,0,0
BRDA:98,1,1,0
BRDA:117,2,0,0
BRDA:117,2,1,0
BRDA:150,3,0,0
BRDA:150,3,1,0
BRDA:152,4,0,0
BRDA:152,4,1,0
BRF:10
BRH:0
end_of_record
TN:
SF:components/ui/hover-card.tsx
FNF:0
FNH:0
DA:3,0
DA:4,0
DA:6,0
DA:8,0
DA:10,0
DA:27,0
DA:29,0
LF:7
LH:0
BRDA:15,0,0,0
BRDA:15,1,0,0
BRF:2
BRH:0
end_of_record
TN:
SF:components/ui/input-otp.tsx
FN:36,(anonymous_10)
FNF:1
FNH:0
FNDA:0,(anonymous_10)
DA:3,0
DA:4,0
DA:5,0
DA:7,0
DA:23,0
DA:31,0
DA:33,0
DA:37,0
DA:38,0
DA:59,0
DA:69,0
DA:71,0
LF:12
LH:0
BRDA:45,0,0,0
BRDA:45,0,1,0
BRDA:51,1,0,0
BRF:3
BRH:0
end_of_record
TN:
SF:components/ui/input.tsx
FN:6,(anonymous_4)
FNF:1
FNH:1
FNDA:13,(anonymous_4)
DA:1,1
DA:3,1
DA:5,1
DA:20,1
DA:22,13
LF:5
LH:5
BRF:0
BRH:0
end_of_record
TN:
SF:components/ui/label.tsx
FNF:0
FNH:0
DA:3,0
DA:4,0
DA:5,0
DA:7,0
DA:9,0
DA:24,0
DA:26,0
LF:7
LH:0
BRF:0
BRH:0
end_of_record
TN:
SF:components/ui/loading-placeholder.tsx
FN:6,LoadingPlaceholder
FNF:1
FNH:0
FNDA:0,LoadingPlaceholder
DA:6,0
LF:1
LH:0
BRDA:6,0,0,0
BRF:1
BRH:0
end_of_record
TN:
SF:components/ui/menubar.tsx
FN:203,(anonymous_30)
FNF:1
FNH:0
FNDA:0,(anonymous_30)
DA:3,0
DA:4,0
DA:5,0
DA:7,0
DA:9,0
DA:11,0
DA:13,0
DA:15,0
DA:17,0
DA:32,0
DA:47,0
DA:68,0
DA:83,0
DA:108,0
DA:126,0
DA:149,0
DA:171,0
DA:189,0
DA:201,0
DA:203,0
DA:217,0
DA:220,0
DA:221,0
DA:222,0
DA:223,0
DA:224,0
DA:225,0
DA:226,0
DA:227,0
DA:228,0
DA:229,0
DA:230,0
DA:231,0
DA:232,0
DA:233,0
DA:234,0
DA:235,0
LF:37
LH:0
BRDA:59,0,0,0
BRDA:59,0,1,0
BRDA:90,1,0,0
BRDA:90,2,0,0
BRDA:90,3,0,0
BRDA:120,4,0,0
BRDA:120,4,1,0
BRDA:183,5,0,0
BRDA:183,5,1,0
BRF:9
BRH:0
end_of_record
TN:
SF:components/ui/metrics-api-slider.tsx
FN:74,MetricsAPISlider
FN:81,(anonymous_2)
FN:84,(anonymous_3)
FN:85,(anonymous_4)
FN:88,(anonymous_5)
FN:91,(anonymous_6)
FN:92,(anonymous_7)
FN:96,(anonymous_8)
FN:97,(anonymous_9)
FN:101,(anonymous_10)
FN:106,(anonymous_11)
FN:108,(anonymous_12)
FN:109,(anonymous_13)
FN:118,(anonymous_14)
FN:119,(anonymous_15)
FN:126,(anonymous_16)
FN:171,(anonymous_17)
FN:193,(anonymous_18)
FN:196,(anonymous_19)
FNF:19
FNH:0
FNDA:0,MetricsAPISlider
FNDA:0,(anonymous_2)
FNDA:0,(anonymous_3)
FNDA:0,(anonymous_4)
FNDA:0,(anonymous_5)
FNDA:0,(anonymous_6)
FNDA:0,(anonymous_7)
FNDA:0,(anonymous_8)
FNDA:0,(anonymous_9)
FNDA:0,(anonymous_10)
FNDA:0,(anonymous_11)
FNDA:0,(anonymous_12)
FNDA:0,(anonymous_13)
FNDA:0,(anonymous_14)
FNDA:0,(anonymous_15)
FNDA:0,(anonymous_16)
FNDA:0,(anonymous_17)
FNDA:0,(anonymous_18)
FNDA:0,(anonymous_19)
DA:3,0
DA:4,0
DA:15,0
DA:74,0
DA:75,0
DA:76,0
DA:77,0
DA:78,0
DA:81,0
DA:82,0
DA:84,0
DA:85,0
DA:88,0
DA:91,0
DA:92,0
DA:93,0
DA:96,0
DA:97,0
DA:98,0
DA:101,0
DA:102,0
DA:103,0
DA:106,0
DA:107,0
DA:108,0
DA:109,0
DA:113,0
DA:118,0
DA:119,0
DA:127,0
DA:171,0
DA:194,0
DA:196,0
LF:33
LH:0
BRDA:82,0,0,0
BRDA:82,0,1,0
BRDA:107,1,0,0
BRDA:107,1,1,0
BRDA:113,2,0,0
BRDA:113,2,1,0
BRDA:113,3,0,0
BRDA:113,3,1,0
BRDA:117,4,0,0
BRDA:117,4,1,0
BRDA:198,5,0,0
BRDA:198,5,1,0
BRF:12
BRH:0
end_of_record
TN:
SF:components/ui/navigation-menu.tsx
FNF:0
FNH:0
DA:1,0
DA:2,0
DA:3,0
DA:4,0
DA:6,0
DA:24,0
DA:39,0
DA:41,0
DA:43,0
DA:63,0
DA:78,0
DA:80,0
DA:97,0
DA:115,0
DA:119,0
DA:120,0
DA:121,0
DA:122,0
DA:123,0
DA:124,0
DA:125,0
DA:126,0
DA:127,0
LF:23
LH:0
BRF:0
BRH:0
end_of_record
TN:
SF:components/ui/page-header.tsx
FN:7,PageHeader
FNF:1
FNH:0
FNDA:0,PageHeader
DA:7,0
LF:1
LH:0
BRDA:7,0,0,0
BRDA:11,1,0,0
BRF:2
BRH:0
end_of_record
TN:
SF:components/ui/pagination.tsx
FNF:0
FNH:0
DA:1,0
DA:2,0
DA:4,0
DA:5,0
DA:15,0
DA:27,0
DA:35,0
DA:60,0
DA:76,0
DA:92,0
DA:107,0
DA:110,0
DA:111,0
DA:112,0
DA:113,0
DA:114,0
DA:115,0
DA:116,0
LF:18
LH:0
BRDA:45,0,0,0
BRDA:49,1,0,0
BRDA:49,1,1,0
BRDA:52,2,0,0
BRDA:52,2,1,0
BRF:5
BRH:0
end_of_record
TN:
SF:components/ui/popover.tsx
FNF:0
FNH:0
DA:3,0
DA:4,0
DA:6,0
DA:8,0
DA:10,0
DA:29,0
DA:31,0
LF:7
LH:0
BRDA:15,0,0,0
BRDA:15,1,0,0
BRF:2
BRH:0
end_of_record
TN:
SF:components/ui/progress.tsx
FNF:0
FNH:0
DA:3,0
DA:4,0
DA:6,0
DA:26,0
DA:28,0
LF:5
LH:0
BRDA:22,0,0,0
BRDA:22,0,1,0
BRF:2
BRH:0
end_of_record
TN:
SF:components/ui/radio-group.tsx
FN:12,(anonymous_6)
FN:26,(anonymous_7)
FNF:2
FNH:0
FNDA:0,(anonymous_6)
FNDA:0,(anonymous_7)
DA:3,0
DA:4,0
DA:5,0
DA:7,0
DA:9,0
DA:21,0
DA:23,0
DA:42,0
DA:44,0
LF:9
LH:0
BRF:0
BRH:0
end_of_record
TN:
SF:components/ui/resizable.tsx
FNF:0
FNH:0
DA:3,0
DA:4,0
DA:6,0
DA:21,0
DA:45,0
LF:5
LH:0
BRDA:37,0,0,0
BRF:1
BRH:0
end_of_record
TN:
SF:components/ui/responsive-container.tsx
FN:8,ResponsiveContainer
FNF:1
FNH:0
FNDA:0,ResponsiveContainer
DA:1,0
DA:8,0
LF:2
LH:0
BRDA:8,0,0,0
BRF:1
BRH:0
end_of_record
TN:
SF:components/ui/responsive-table.tsx
FN:21,ResponsiveTable
FN:30,(anonymous_2)
FN:43,(anonymous_3)
FN:55,(anonymous_4)
FN:57,(anonymous_5)
FN:58,(anonymous_6)
FN:65,(anonymous_7)
FN:83,(anonymous_8)
FN:101,(anonymous_9)
FN:129,(anonymous_10)
FN:137,(anonymous_11)
FN:139,(anonymous_12)
FNF:12
FNH:0
FNDA:0,ResponsiveTable
FNDA:0,(anonymous_2)
FNDA:0,(anonymous_3)
FNDA:0,(anonymous_4)
FNDA:0,(anonymous_5)
FNDA:0,(anonymous_6)
FNDA:0,(anonymous_7)
FNDA:0,(anonymous_8)
FNDA:0,(anonymous_9)
FNDA:0,(anonymous_10)
FNDA:0,(anonymous_11)
FNDA:0,(anonymous_12)
DA:3,0
DA:4,0
DA:5,0
DA:6,0
DA:7,0
DA:21,0
DA:27,0
DA:28,0
DA:30,0
DA:31,0
DA:32,0
DA:33,0
DA:35,0
DA:37,0
DA:40,0
DA:44,0
DA:52,0
DA:56,0
DA:57,0
DA:58,0
DA:60,0
DA:66,0
DA:83,0
DA:102,0
DA:130,0
DA:138,0
DA:140,0
LF:27
LH:0
BRDA:32,0,0,0
BRDA:32,0,1,0
BRDA:40,1,0,0
BRDA:40,1,1,0
BRDA:40,2,0,0
BRDA:40,2,1,0
BRDA:52,3,0,0
BRDA:52,3,1,0
BRDA:71,4,0,0
BRDA:71,4,1,0
BRDA:78,5,0,0
BRDA:87,6,0,0
BRDA:99,7,0,0
BRDA:107,8,0,0
BRDA:107,8,1,0
BRDA:141,9,0,0
BRDA:141,9,1,0
BRF:17
BRH:0
end_of_record
TN:
SF:components/ui/rpc-slider.tsx
FN:77,RPCSlider
FN:84,(anonymous_2)
FN:87,(anonymous_3)
FN:88,(anonymous_4)
FN:91,(anonymous_5)
FN:94,(anonymous_6)
FN:95,(anonymous_7)
FN:99,(anonymous_8)
FN:100,(anonymous_9)
FN:104,(anonymous_10)
FN:109,(anonymous_11)
FN:111,(anonymous_12)
FN:112,(anonymous_13)
FN:121,(anonymous_14)
FN:122,(anonymous_15)
FN:129,(anonymous_16)
FN:174,(anonymous_17)
FN:196,(anonymous_18)
FN:199,(anonymous_19)
FNF:19
FNH:0
FNDA:0,RPCSlider
FNDA:0,(anonymous_2)
FNDA:0,(anonymous_3)
FNDA:0,(anonymous_4)
FNDA:0,(anonymous_5)
FNDA:0,(anonymous_6)
FNDA:0,(anonymous_7)
FNDA:0,(anonymous_8)
FNDA:0,(anonymous_9)
FNDA:0,(anonymous_10)
FNDA:0,(anonymous_11)
FNDA:0,(anonymous_12)
FNDA:0,(anonymous_13)
FNDA:0,(anonymous_14)
FNDA:0,(anonymous_15)
FNDA:0,(anonymous_16)
FNDA:0,(anonymous_17)
FNDA:0,(anonymous_18)
FNDA:0,(anonymous_19)
DA:3,0
DA:4,0
DA:15,0
DA:77,0
DA:78,0
DA:79,0
DA:80,0
DA:81,0
DA:84,0
DA:85,0
DA:87,0
DA:88,0
DA:91,0
DA:94,0
DA:95,0
DA:96,0
DA:99,0
DA:100,0
DA:101,0
DA:104,0
DA:105,0
DA:106,0
DA:109,0
DA:110,0
DA:111,0
DA:112,0
DA:116,0
DA:121,0
DA:122,0
DA:130,0
DA:174,0
DA:197,0
DA:199,0
LF:33
LH:0
BRDA:85,0,0,0
BRDA:85,0,1,0
BRDA:110,1,0,0
BRDA:110,1,1,0
BRDA:116,2,0,0
BRDA:116,2,1,0
BRDA:116,3,0,0
BRDA:116,3,1,0
BRDA:120,4,0,0
BRDA:120,4,1,0
BRDA:201,5,0,0
BRDA:201,5,1,0
BRF:12
BRH:0
end_of_record
TN:
SF:components/ui/scroll-area.tsx
FNF:0
FNH:0
DA:3,0
DA:4,0
DA:6,0
DA:24,0
DA:46,0
DA:48,0
LF:6
LH:0
BRDA:29,0,0,0
BRDA:35,1,0,0
BRDA:35,1,1,0
BRDA:37,2,0,0
BRDA:37,2,1,0
BRF:5
BRH:0
end_of_record
TN:
SF:components/ui/select.tsx
FNF:0
FNH:0
DA:3,0
DA:4,0
DA:5,0
DA:7,0
DA:9,0
DA:11,0
DA:13,0
DA:33,0
DA:50,0
DA:67,0
DA:100,0
DA:112,0
DA:135,0
DA:147,0
DA:150,0
DA:151,0
DA:152,0
DA:153,0
DA:154,0
DA:155,0
DA:156,0
DA:157,0
DA:158,0
DA:159,0
LF:24
LH:0
BRDA:73,0,0,0
BRDA:79,1,0,0
BRDA:79,1,1,0
BRDA:90,2,0,0
BRDA:90,2,1,0
BRF:5
BRH:0
end_of_record
TN:
SF:components/ui/separator.tsx
FNF:0
FNH:0
DA:3,0
DA:4,0
DA:6,0
DA:29,0
DA:31,0
LF:5
LH:0
BRDA:13,0,0,0
BRDA:13,1,0,0
BRDA:22,2,0,0
BRDA:22,2,1,0
BRF:4
BRH:0
end_of_record
TN:
SF:components/ui/sheet.tsx
FNF:0
FNH:0
DA:3,0
DA:4,0
DA:5,0
DA:6,0
DA:8,0
DA:10,0
DA:12,0
DA:14,0
DA:16,0
DA:31,0
DA:33,0
DA:80,0
DA:94,0
DA:108,0
DA:120,0
DA:132,0
DA:135,0
DA:136,0
DA:137,0
DA:138,0
DA:139,0
DA:140,0
DA:141,0
DA:142,0
DA:143,0
DA:144,0
LF:26
LH:0
BRDA:61,0,0,0
BRDA:61,1,0,0
BRF:2
BRH:0
end_of_record
TN:
SF:components/ui/sidebar.tsx
FN:41,useSidebar
FN:58,(anonymous_29)
FN:78,(anonymous_30)
FN:93,(anonymous_31)
FN:95,(anonymous_32)
FN:96,(anonymous_33)
FN:100,(anonymous_34)
FN:101,(anonymous_35)
FN:112,(anonymous_36)
FN:120,(anonymous_37)
FN:167,(anonymous_38)
FN:266,(anonymous_39)
FN:276,(anonymous_40)
FN:292,(anonymous_41)
FN:321,(anonymous_42)
FN:339,(anonymous_43)
FN:357,(anonymous_44)
FN:372,(anonymous_45)
FN:387,(anonymous_46)
FN:402,(anonymous_47)
FN:420,(anonymous_48)
FN:435,(anonymous_49)
FN:456,(anonymous_50)
FN:545,(anonymous_54)
FN:602,(anonymous_55)
FN:653,(anonymous_57)
FN:655,(anonymous_58)
FN:716,(anonymous_61)
FNF:28
FNH:0
FNDA:0,useSidebar
FNDA:0,(anonymous_29)
FNDA:0,(anonymous_30)
FNDA:0,(anonymous_31)
FNDA:0,(anonymous_32)
FNDA:0,(anonymous_33)
FNDA:0,(anonymous_34)
FNDA:0,(anonymous_35)
FNDA:0,(anonymous_36)
FNDA:0,(anonymous_37)
FNDA:0,(anonymous_38)
FNDA:0,(anonymous_39)
FNDA:0,(anonymous_40)
FNDA:0,(anonymous_41)
FNDA:0,(anonymous_42)
FNDA:0,(anonymous_43)
FNDA:0,(anonymous_44)
FNDA:0,(anonymous_45)
FNDA:0,(anonymous_46)
FNDA:0,(anonymous_47)
FNDA:0,(anonymous_48)
FNDA:0,(anonymous_49)
FNDA:0,(anonymous_50)
FNDA:0,(anonymous_54)
FNDA:0,(anonymous_55)
FNDA:0,(anonymous_57)
FNDA:0,(anonymous_58)
FNDA:0,(anonymous_61)
DA:3,0
DA:4,0
DA:5,0
DA:6,0
DA:8,0
DA:9,0
DA:10,0
DA:11,0
DA:12,0
DA:13,0
DA:14,0
DA:20,0
DA:22,0
DA:23,0
DA:24,0
DA:25,0
DA:26,0
DA:27,0
DA:39,0
DA:42,0
DA:43,0
DA:44,0
DA:47,0
DA:50,0
DA:70,0
DA:71,0
DA:75,0
DA:76,0
DA:77,0
DA:79,0
DA:80,0
DA:81,0
DA:83,0
DA:87,0
DA:93,0
DA:94,0
DA:95,0
DA:96,0
DA:100,0
DA:101,0
DA:102,0
DA:106,0
DA:107,0
DA:111,0
DA:112,0
DA:117,0
DA:119,0
DA:120,0
DA:157,0
DA:159,0
DA:178,0
DA:180,0
DA:195,0
DA:261,0
DA:263,0
DA:267,0
DA:277,0
DA:278,0
DA:287,0
DA:289,0
DA:293,0
DA:316,0
DA:318,0
DA:334,0
DA:336,0
DA:352,0
DA:354,0
DA:367,0
DA:369,0
DA:382,0
DA:384,0
DA:397,0
DA:399,0
DA:415,0
DA:417,0
DA:430,0
DA:432,0
DA:436,0
DA:451,0
DA:453,0
DA:457,0
DA:474,0
DA:487,0
DA:500,0
DA:513,0
DA:515,0
DA:537,0
DA:557,0
DA:558,0
DA:571,0
DA:572,0
DA:575,0
DA:576,0
DA:594,0
DA:596,0
DA:603,0
DA:625,0
DA:646,0
DA:648,0
DA:655,0
DA:656,0
DA:684,0
DA:701,0
DA:707,0
DA:709,0
DA:717,0
DA:737,0
DA:740,0
DA:741,0
DA:742,0
DA:743,0
DA:744,0
DA:745,0
DA:746,0
DA:747,0
DA:748,0
DA:749,0
DA:750,0
DA:751,0
DA:752,0
DA:753,0
DA:754,0
DA:755,0
DA:756,0
DA:757,0
DA:758,0
DA:759,0
DA:760,0
DA:761,0
DA:762,0
DA:763,0
LF:131
LH:0
BRDA:43,0,0,0
BRDA:43,0,1,0
BRDA:60,1,0,0
BRDA:76,2,0,0
BRDA:76,2,1,0
BRDA:79,3,0,0
BRDA:79,3,1,0
BRDA:80,4,0,0
BRDA:80,4,1,0
BRDA:94,5,0,0
BRDA:94,5,1,0
BRDA:102,6,0,0
BRDA:102,6,1,0
BRDA:103,7,0,0
BRDA:103,7,1,0
BRDA:103,7,2,0
BRDA:117,8,0,0
BRDA:117,8,1,0
BRDA:169,9,0,0
BRDA:170,10,0,0
BRDA:171,11,0,0
BRDA:180,12,0,0
BRDA:180,12,1,0
BRDA:195,13,0,0
BRDA:195,13,1,0
BRDA:221,14,0,0
BRDA:221,14,1,0
BRDA:231,15,0,0
BRDA:231,15,1,0
BRDA:231,16,0,0
BRDA:231,16,1,0
BRDA:239,17,0,0
BRDA:239,17,1,0
BRDA:243,18,0,0
BRDA:243,18,1,0
BRDA:243,19,0,0
BRDA:243,19,1,0
BRDA:435,20,0,0
BRDA:436,21,0,0
BRDA:436,21,1,0
BRDA:456,22,0,0
BRDA:457,23,0,0
BRDA:457,23,1,0
BRDA:547,24,0,0
BRDA:548,25,0,0
BRDA:549,26,0,0
BRDA:550,27,0,0
BRDA:557,28,0,0
BRDA:557,28,1,0
BRDA:571,29,0,0
BRDA:571,29,1,0
BRDA:575,30,0,0
BRDA:575,30,1,0
BRDA:587,31,0,0
BRDA:587,31,1,0
BRDA:602,32,0,0
BRDA:602,33,0,0
BRDA:603,34,0,0
BRDA:603,34,1,0
BRDA:617,35,0,0
BRDA:617,35,1,0
BRDA:653,36,0,0
BRDA:666,37,0,0
BRDA:716,38,0,0
BRDA:716,39,0,0
BRDA:717,40,0,0
BRDA:717,40,1,0
BRDA:728,41,0,0
BRDA:728,41,1,0
BRDA:729,42,0,0
BRDA:729,42,1,0
BRF:71
BRH:0
end_of_record
TN:
SF:components/ui/skeleton.tsx
FN:3,Skeleton
FN:15,SkeletonCard
FN:27,SkeletonTable
FN:38,(anonymous_8)
FN:52,SkeletonSlider
FNF:5
FNH:0
FNDA:0,Skeleton
FNDA:0,SkeletonCard
FNDA:0,SkeletonTable
FNDA:0,(anonymous_8)
FNDA:0,SkeletonSlider
DA:1,0
DA:39,0
DA:69,0
LF:3
LH:0
BRF:0
BRH:0
end_of_record
TN:
SF:components/ui/slider.tsx
FNF:0
FNH:0
DA:3,0
DA:4,0
DA:6,0
DA:26,0
DA:28,0
LF:5
LH:0
BRF:0
BRH:0
end_of_record
TN:
SF:components/ui/sonner.tsx
FN:8,(anonymous_1)
FNF:1
FNH:0
FNDA:0,(anonymous_1)
DA:3,0
DA:4,0
DA:8,0
DA:9,0
DA:31,0
LF:5
LH:0
BRDA:9,0,0,0
BRF:1
BRH:0
end_of_record
TN:
SF:components/ui/status-indicator.tsx
FN:46,StatusIndicator
FN:88,StatusBadge
FNF:2
FNH:0
FNDA:0,StatusIndicator
FNDA:0,StatusBadge
DA:1,0
DA:2,0
DA:3,0
DA:13,0
DA:46,0
DA:53,0
DA:54,0
DA:88,0
DA:89,0
LF:9
LH:0
BRDA:50,0,0,0
BRDA:51,1,0,0
BRDA:63,2,0,0
BRDA:63,2,1,0
BRDA:63,2,2,0
BRDA:66,3,0,0
BRDA:66,3,1,0
BRDA:75,4,0,0
BRDA:79,5,0,0
BRF:9
BRH:0
end_of_record
TN:
SF:components/ui/switch.tsx
FNF:0
FNH:0
DA:3,0
DA:4,0
DA:6,0
DA:27,0
DA:29,0
LF:5
LH:0
BRF:0
BRH:0
end_of_record
TN:
SF:components/ui/table.tsx
FNF:0
FNH:0
DA:1,0
DA:3,0
DA:17,0
DA:25,0
DA:37,0
DA:52,0
DA:67,0
DA:82,0
DA:94,0
DA:106,0
DA:109,0
DA:110,0
DA:111,0
DA:112,0
DA:113,0
DA:114,0
DA:115,0
DA:116,0
LF:18
LH:0
BRF:0
BRH:0
end_of_record
TN:
SF:components/ui/tabs.tsx
FNF:0
FNH:0
DA:3,0
DA:4,0
DA:6,0
DA:8,0
DA:23,0
DA:38,0
DA:53,0
DA:55,0
LF:8
LH:0
BRF:0
BRH:0
end_of_record
TN:
SF:components/ui/textarea.tsx
FN:8,(anonymous_4)
FNF:1
FNH:0
FNDA:0,(anonymous_4)
DA:1,0
DA:3,0
DA:5,0
DA:20,0
DA:22,0
LF:5
LH:0
BRF:0
BRH:0
end_of_record
TN:
SF:components/ui/toast.tsx
FN:47,(anonymous_12)
FNF:1
FNH:0
FNDA:0,(anonymous_12)
DA:3,0
DA:4,0
DA:5,0
DA:6,0
DA:8,0
DA:10,0
DA:25,0
DA:27,0
DA:43,0
DA:56,0
DA:71,0
DA:89,0
DA:101,0
DA:113,0
DA:122,0
DA:123,0
DA:124,0
DA:125,0
DA:126,0
DA:127,0
DA:128,0
LF:21
LH:0
BRF:0
BRH:0
end_of_record
TN:
SF:components/ui/toaster.tsx
FN:13,Toaster
FN:18,(anonymous_2)
FNF:2
FNH:0
FNDA:0,Toaster
FNDA:0,(anonymous_2)
DA:3,0
DA:11,0
DA:13,0
DA:14,0
DA:19,0
LF:5
LH:0
BRDA:22,0,0,0
BRDA:23,1,0,0
BRF:2
BRH:0
end_of_record
TN:
SF:components/ui/toggle-group.tsx
FN:39,(anonymous_7)
FNF:1
FNH:0
FNDA:0,(anonymous_7)
DA:3,0
DA:4,0
DA:7,0
DA:8,0
DA:10,0
DA:33,0
DA:35,0
DA:40,0
DA:59,0
DA:61,0
LF:10
LH:0
BRDA:47,0,0,0
BRDA:47,0,1,0
BRDA:48,1,0,0
BRDA:48,1,1,0
BRF:4
BRH:0
end_of_record
TN:
SF:components/ui/toggle.tsx
FNF:0
FNH:0
DA:3,0
DA:4,0
DA:5,0
DA:7,0
DA:9,0
DA:43,0
DA:45,0
LF:7
LH:0
BRF:0
BRH:0
end_of_record
TN:
SF:components/ui/tooltip.tsx
FNF:0
FNH:0
DA:3,0
DA:4,0
DA:6,0
DA:8,0
DA:10,0
DA:12,0
DA:28,0
DA:30,0
LF:8
LH:0
BRDA:17,0,0,0
BRF:1
BRH:0
end_of_record
TN:
SF:components/ui/use-mobile.tsx
FN:5,useIsMobile
FN:8,(anonymous_5)
FN:10,(anonymous_6)
FN:15,(anonymous_7)
FNF:4
FNH:0
FNDA:0,useIsMobile
FNDA:0,(anonymous_5)
FNDA:0,(anonymous_6)
FNDA:0,(anonymous_7)
DA:1,0
DA:3,0
DA:5,0
DA:6,0
DA:8,0
DA:9,0
DA:10,0
DA:11,0
DA:13,0
DA:14,0
DA:15,0
DA:18,0
LF:12
LH:0
BRF:0
BRH:0
end_of_record
TN:
SF:components/ui/webhooks-api-slider.tsx
FN:77,WebhooksAPISlider
FN:84,(anonymous_2)
FN:87,(anonymous_3)
FN:88,(anonymous_4)
FN:91,(anonymous_5)
FN:94,(anonymous_6)
FN:95,(anonymous_7)
FN:99,(anonymous_8)
FN:100,(anonymous_9)
FN:104,(anonymous_10)
FN:109,(anonymous_11)
FN:111,(anonymous_12)
FN:112,(anonymous_13)
FN:121,(anonymous_14)
FN:122,(anonymous_15)
FN:129,(anonymous_16)
FN:173,(anonymous_17)
FN:195,(anonymous_18)
FN:198,(anonymous_19)
FNF:19
FNH:0
FNDA:0,WebhooksAPISlider
FNDA:0,(anonymous_2)
FNDA:0,(anonymous_3)
FNDA:0,(anonymous_4)
FNDA:0,(anonymous_5)
FNDA:0,(anonymous_6)
FNDA:0,(anonymous_7)
FNDA:0,(anonymous_8)
FNDA:0,(anonymous_9)
FNDA:0,(anonymous_10)
FNDA:0,(anonymous_11)
FNDA:0,(anonymous_12)
FNDA:0,(anonymous_13)
FNDA:0,(anonymous_14)
FNDA:0,(anonymous_15)
FNDA:0,(anonymous_16)
FNDA:0,(anonymous_17)
FNDA:0,(anonymous_18)
FNDA:0,(anonymous_19)
DA:3,0
DA:4,0
DA:15,0
DA:77,0
DA:78,0
DA:79,0
DA:80,0
DA:81,0
DA:84,0
DA:85,0
DA:87,0
DA:88,0
DA:91,0
DA:94,0
DA:95,0
DA:96,0
DA:99,0
DA:100,0
DA:101,0
DA:104,0
DA:105,0
DA:106,0
DA:109,0
DA:110,0
DA:111,0
DA:112,0
DA:116,0
DA:121,0
DA:122,0
DA:130,0
DA:173,0
DA:196,0
DA:198,0
LF:33
LH:0
BRDA:85,0,0,0
BRDA:85,0,1,0
BRDA:110,1,0,0
BRDA:110,1,1,0
BRDA:116,2,0,0
BRDA:116,2,1,0
BRDA:116,3,0,0
BRDA:116,3,1,0
BRDA:120,4,0,0
BRDA:120,4,1,0
BRDA:200,5,0,0
BRDA:200,5,1,0
BRF:12
BRH:0
end_of_record
TN:
SF:hooks/use-mobile.tsx
FN:5,useIsMobile
FN:8,(anonymous_5)
FN:10,(anonymous_6)
FN:15,(anonymous_7)
FNF:4
FNH:0
FNDA:0,useIsMobile
FNDA:0,(anonymous_5)
FNDA:0,(anonymous_6)
FNDA:0,(anonymous_7)
DA:1,0
DA:3,0
DA:5,0
DA:6,0
DA:8,0
DA:9,0
DA:10,0
DA:11,0
DA:13,0
DA:14,0
DA:15,0
DA:18,0
LF:12
LH:0
BRF:0
BRH:0
end_of_record
TN:
SF:hooks/use-toast.ts
FN:30,genId
FN:61,(anonymous_8)
FN:66,(anonymous_9)
FN:77,(anonymous_10)
FN:88,(anonymous_11)
FN:101,(anonymous_12)
FN:108,(anonymous_13)
FN:127,(anonymous_14)
FN:136,dispatch
FN:138,(anonymous_16)
FN:145,toast
FN:148,(anonymous_18)
FN:153,(anonymous_19)
FN:161,(anonymous_20)
FN:174,useToast
FN:177,(anonymous_22)
FN:179,(anonymous_23)
FN:190,(anonymous_24)
FNF:18
FNH:0
FNDA:0,genId
FNDA:0,(anonymous_8)
FNDA:0,(anonymous_9)
FNDA:0,(anonymous_10)
FNDA:0,(anonymous_11)
FNDA:0,(anonymous_12)
FNDA:0,(anonymous_13)
FNDA:0,(anonymous_14)
FNDA:0,dispatch
FNDA:0,(anonymous_16)
FNDA:0,toast
FNDA:0,(anonymous_18)
FNDA:0,(anonymous_19)
FNDA:0,(anonymous_20)
FNDA:0,useToast
FNDA:0,(anonymous_22)
FNDA:0,(anonymous_23)
FNDA:0,(anonymous_24)
DA:4,8
DA:11,8
DA:12,8
DA:21,8
DA:28,8
DA:31,0
DA:32,0
DA:59,8
DA:61,8
DA:62,0
DA:63,0
DA:66,0
DA:67,0
DA:68,0
DA:74,0
DA:77,8
DA:78,0
DA:80,0
DA:86,0
DA:89,0
DA:94,0
DA:98,0
DA:99,0
DA:101,0
DA:102,0
DA:106,0
DA:109,0
DA:119,0
DA:120,0
DA:125,0
DA:127,0
DA:132,8
DA:134,8
DA:137,0
DA:138,0
DA:139,0
DA:146,0
DA:148,0
DA:149,0
DA:153,0
DA:155,0
DA:162,0
DA:167,0
DA:175,0
DA:177,0
DA:178,0
DA:179,0
DA:180,0
DA:181,0
DA:182,0
DA:187,0
DA:190,0
DA:194,0
LF:53
LH:10
BRDA:62,0,0,0
BRDA:62,0,1,0
BRDA:78,1,0,0
BRDA:78,1,1,0
BRDA:78,1,2,0
BRDA:78,1,3,0
BRDA:89,2,0,0
BRDA:89,2,1,0
BRDA:98,3,0,0
BRDA:98,3,1,0
BRDA:109,4,0,0
BRDA:109,4,1,0
BRDA:109,5,0,0
BRDA:109,5,1,0
BRDA:119,6,0,0
BRDA:119,6,1,0
BRDA:162,7,0,0
BRDA:162,7,1,0
BRDA:181,8,0,0
BRDA:181,8,1,0
BRF:20
BRH:0
end_of_record
TN:
SF:hooks/useAnalytics.ts
FN:5,(anonymous_4)
FN:5,(anonymous_5)
FN:12,useApiUsage
FN:25,useEndpointUsage
FNF:4
FNH:0
FNDA:0,(anonymous_4)
FNDA:0,(anonymous_5)
FNDA:0,useApiUsage
FNDA:0,useEndpointUsage
DA:1,1
DA:3,1
DA:5,1
DA:6,0
DA:7,0
DA:9,0
DA:12,0
DA:13,0
DA:18,0
DA:25,0
DA:26,0
DA:31,0
LF:12
LH:3
BRDA:6,0,0,0
BRDA:6,0,1,0
BRF:2
BRH:0
end_of_record
TN:
SF:hooks/useFormValidation.ts
FN:27,useFormValidation
FN:30,(anonymous_2)
FN:67,(anonymous_3)
FN:69,(anonymous_4)
FN:73,(anonymous_5)
FN:77,(anonymous_6)
FN:87,(anonymous_7)
FN:88,(anonymous_8)
FN:91,(anonymous_9)
FNF:9
FNH:9
FNDA:32,useFormValidation
FNDA:31,(anonymous_2)
FNDA:15,(anonymous_3)
FNDA:15,(anonymous_4)
FNDA:4,(anonymous_5)
FNDA:16,(anonymous_6)
FNDA:1,(anonymous_7)
FNDA:1,(anonymous_8)
FNDA:1,(anonymous_9)
DA:1,1
DA:27,32
DA:28,32
DA:30,32
DA:31,31
DA:32,31
DA:35,30
DA:36,5
DA:40,25
DA:41,4
DA:45,21
DA:46,15
DA:47,4
DA:50,11
DA:51,1
DA:54,10
DA:55,4
DA:60,12
DA:61,6
DA:64,6
DA:67,32
DA:68,15
DA:69,15
DA:70,15
DA:73,32
DA:74,4
DA:75,4
DA:77,4
DA:78,16
DA:79,16
DA:80,16
DA:83,4
DA:84,4
DA:87,32
DA:88,1
DA:91,32
DA:92,1
DA:95,32
LF:38
LH:38
BRDA:32,0,0,1
BRDA:32,0,1,30
BRDA:35,1,0,5
BRDA:35,1,1,25
BRDA:35,2,0,30
BRDA:35,2,1,16
BRDA:35,2,2,11
BRDA:35,2,3,11
BRDA:40,3,0,4
BRDA:40,3,1,21
BRDA:40,4,0,25
BRDA:40,4,1,22
BRDA:40,4,2,16
BRDA:45,5,0,15
BRDA:45,5,1,6
BRDA:46,6,0,4
BRDA:46,6,1,11
BRDA:46,7,0,15
BRDA:46,7,1,11
BRDA:50,8,0,1
BRDA:50,8,1,10
BRDA:50,9,0,11
BRDA:50,9,1,7
BRDA:54,10,0,4
BRDA:54,10,1,6
BRDA:54,11,0,10
BRDA:54,11,1,8
BRDA:60,12,0,6
BRDA:60,12,1,6
BRDA:80,13,0,9
BRDA:80,13,1,7
BRF:31
BRH:31
end_of_record
TN:
SF:hooks/useLoading.ts
FN:11,useLoading
FN:15,(anonymous_2)
FN:22,(anonymous_3)
FNF:3
FNH:3
FNDA:16,useLoading
FNDA:9,(anonymous_2)
FNDA:3,(anonymous_3)
DA:1,1
DA:11,16
DA:12,16
DA:13,16
DA:15,16
DA:16,9
DA:17,9
DA:18,5
DA:22,16
DA:23,3
DA:24,3
DA:25,3
DA:26,1
DA:28,2
DA:29,2
DA:30,2
DA:32,3
DA:36,16
LF:18
LH:18
BRDA:11,0,0,15
BRDA:17,1,0,5
BRDA:17,1,1,4
BRDA:28,2,0,1
BRDA:28,2,1,1
BRF:5
BRH:5
end_of_record
TN:
SF:hooks/useMetrics.ts
FN:13,(anonymous_4)
FN:21,(anonymous_5)
FN:33,useMetrics
FN:55,getTimeRange
FNF:4
FNH:0
FNDA:0,(anonymous_4)
FNDA:0,(anonymous_5)
FNDA:0,useMetrics
FNDA:0,getTimeRange
DA:1,0
DA:2,0
DA:13,0
DA:14,0
DA:15,0
DA:16,0
DA:18,0
DA:21,0
DA:22,0
DA:24,0
DA:25,0
DA:26,0
DA:27,0
DA:28,0
DA:30,0
DA:33,0
DA:34,0
DA:36,0
DA:46,0
DA:55,0
DA:56,0
DA:58,0
DA:60,0
DA:62,0
DA:64,0
DA:66,0
DA:68,0
LF:27
LH:0
BRDA:15,0,0,0
BRDA:15,0,1,0
BRDA:22,1,0,0
BRDA:34,2,0,0
BRDA:34,2,1,0
BRDA:47,3,0,0
BRDA:47,3,1,0
BRDA:58,4,0,0
BRDA:58,4,1,0
BRDA:58,4,2,0
BRDA:58,4,3,0
BRDA:58,4,4,0
BRF:12
BRH:0
end_of_record
TN:
SF:hooks/usePerformance.ts
FN:14,usePerformance
FN:21,(anonymous_4)
FN:26,(anonymous_5)
FN:45,(anonymous_6)
FN:47,(anonymous_7)
FN:59,(anonymous_8)
FN:82,useAsyncPerformance
FN:83,(anonymous_10)
FNF:8
FNH:0
FNDA:0,usePerformance
FNDA:0,(anonymous_4)
FNDA:0,(anonymous_5)
FNDA:0,(anonymous_6)
FNDA:0,(anonymous_7)
FNDA:0,(anonymous_8)
FNDA:0,useAsyncPerformance
FNDA:0,(anonymous_10)
DA:1,0
DA:14,0
DA:15,0
DA:16,0
DA:17,0
DA:18,0
DA:21,0
DA:22,0
DA:26,0
DA:27,0
DA:29,0
DA:30,0
DA:32,0
DA:33,0
DA:36,0
DA:37,0
DA:40,0
DA:41,0
DA:45,0
DA:46,0
DA:47,0
DA:48,0
DA:49,0
DA:51,0
DA:59,0
DA:60,0
DA:62,0
DA:63,0
DA:72,0
DA:82,0
DA:83,0
DA:87,0
DA:89,0
DA:90,0
DA:91,0
DA:92,0
DA:94,0
DA:95,0
DA:98,0
DA:100,0
DA:101,0
DA:103,0
DA:104,0
DA:107,0
DA:111,0
LF:45
LH:0
BRDA:27,0,0,0
BRDA:27,0,1,0
BRDA:36,1,0,0
BRDA:36,1,1,0
BRDA:40,2,0,0
BRDA:40,2,1,0
BRDA:40,3,0,0
BRDA:40,3,1,0
BRDA:48,4,0,0
BRDA:48,4,1,0
BRDA:49,5,0,0
BRDA:49,5,1,0
BRDA:60,6,0,0
BRDA:60,6,1,0
BRDA:64,7,0,0
BRDA:64,7,1,0
BRDA:94,8,0,0
BRDA:94,8,1,0
BRDA:95,9,0,0
BRDA:95,9,1,0
BRDA:103,10,0,0
BRDA:103,10,1,0
BRDA:104,11,0,0
BRDA:104,11,1,0
BRF:24
BRH:0
end_of_record
TN:
SF:hooks/useSlider.ts
FN:26,useSlider
FN:36,(anonymous_2)
FN:39,(anonymous_3)
FN:40,(anonymous_4)
FN:43,(anonymous_5)
FN:47,(anonymous_6)
FN:48,(anonymous_7)
FN:52,(anonymous_8)
FN:53,(anonymous_9)
FN:57,(anonymous_10)
FN:64,(anonymous_11)
FN:68,(anonymous_12)
FN:72,(anonymous_13)
FN:77,(anonymous_14)
FNF:14
FNH:14
FNDA:29,useSlider
FNDA:21,(anonymous_2)
FNDA:3,(anonymous_3)
FNDA:3,(anonymous_4)
FNDA:11,(anonymous_5)
FNDA:4,(anonymous_6)
FNDA:4,(anonymous_7)
FNDA:2,(anonymous_8)
FNDA:2,(anonymous_9)
FNDA:6,(anonymous_10)
FNDA:2,(anonymous_11)
FNDA:2,(anonymous_12)
FNDA:2,(anonymous_13)
FNDA:25,(anonymous_14)
DA:1,1
DA:26,29
DA:31,29
DA:32,29
DA:33,29
DA:36,29
DA:37,21
DA:39,11
DA:40,3
DA:43,11
DA:47,29
DA:48,4
DA:49,4
DA:52,29
DA:53,2
DA:54,2
DA:57,29
DA:58,6
DA:59,4
DA:60,4
DA:64,29
DA:65,2
DA:68,29
DA:69,2
DA:72,29
DA:73,2
DA:77,29
DA:81,29
LF:28
LH:28
BRDA:28,0,0,20
BRDA:29,1,0,20
BRDA:37,2,0,10
BRDA:37,2,1,11
BRDA:37,3,0,21
BRDA:37,3,1,14
BRDA:37,3,2,12
BRDA:58,4,0,4
BRDA:58,4,1,2
BRDA:58,5,0,6
BRDA:58,5,1,5
BRF:11
BRH:11
end_of_record
TN:
SF:lib/constants.ts
FNF:0
FNH:0
DA:2,10
DA:10,6
DA:16,10
DA:23,10
DA:30,10
LF:5
LH:5
BRF:0
BRH:0
end_of_record
TN:
SF:lib/env.ts
FN:68,(anonymous_1)
FNF:1
FNH:0
FNDA:0,(anonymous_1)
DA:1,0
DA:7,0
DA:19,0
DA:32,0
DA:45,0
DA:48,0
DA:50,0
DA:51,0
DA:53,0
DA:57,0
DA:58,0
DA:62,0
DA:67,0
DA:69,0
DA:73,0
DA:74,0
DA:77,0
DA:82,0
LF:18
LH:0
BRDA:50,0,0,0
BRDA:50,0,1,0
BRDA:53,1,0,0
BRDA:53,1,1,0
BRDA:57,2,0,0
BRDA:57,2,1,0
BRDA:69,3,0,0
BRDA:69,3,1,0
BRDA:73,4,0,0
BRDA:73,4,1,0
BRDA:73,5,0,0
BRDA:73,5,1,0
BRDA:73,5,2,0
BRF:13
BRH:0
end_of_record
TN:
SF:lib/error-logger.ts
FN:16,(anonymous_1)
FN:43,(anonymous_2)
FN:75,(anonymous_3)
FN:79,(anonymous_4)
FN:87,(anonymous_5)
FNF:5
FNH:0
FNDA:0,(anonymous_1)
FNDA:0,(anonymous_2)
FNDA:0,(anonymous_3)
FNDA:0,(anonymous_4)
FNDA:0,(anonymous_5)
DA:12,0
DA:13,0
DA:17,0
DA:28,0
DA:29,0
DA:30,0
DA:34,0
DA:35,0
DA:36,0
DA:40,0
DA:46,0
DA:47,0
DA:48,0
DA:49,0
DA:50,0
DA:53,0
DA:54,0
DA:57,0
DA:76,0
DA:80,0
DA:81,0
DA:82,0
DA:88,0
DA:89,0
DA:98,0
LF:25
LH:0
BRDA:21,0,0,0
BRDA:21,0,1,0
BRDA:22,1,0,0
BRDA:22,1,1,0
BRDA:28,2,0,0
BRDA:28,2,1,0
BRDA:35,3,0,0
BRDA:35,3,1,0
BRDA:46,4,0,0
BRDA:46,4,1,0
BRDA:49,5,0,0
BRDA:49,5,1,0
BRDA:53,6,0,0
BRDA:53,6,1,0
BRDA:81,7,0,0
BRDA:81,7,1,0
BRDA:88,8,0,0
BRDA:88,8,1,0
BRF:18
BRH:0
end_of_record
TN:
SF:lib/status-utils.ts
FN:3,(anonymous_4)
FN:16,(anonymous_5)
FN:29,(anonymous_6)
FNF:3
FNH:3
FNDA:5,(anonymous_4)
FNDA:5,(anonymous_5)
FNDA:5,(anonymous_6)
DA:3,5
DA:4,5
DA:6,1
DA:8,1
DA:10,1
DA:12,2
DA:16,5
DA:17,5
DA:19,1
DA:21,1
DA:23,1
DA:25,2
DA:29,5
DA:30,5
DA:32,1
DA:34,1
DA:36,1
DA:38,2
LF:18
LH:18
BRDA:4,0,0,1
BRDA:4,0,1,1
BRDA:4,0,2,1
BRDA:4,0,3,2
BRDA:17,1,0,1
BRDA:17,1,1,1
BRDA:17,1,2,1
BRDA:17,1,3,2
BRDA:30,2,0,1
BRDA:30,2,1,1
BRDA:30,2,2,1
BRDA:30,2,3,2
BRF:12
BRH:12
end_of_record
TN:
SF:lib/styles.ts
FN:42,(anonymous_3)
FNF:1
FNH:1
FNDA:20,(anonymous_3)
DA:1,1
DA:4,55
DA:42,20
DA:46,20
LF:4
LH:4
BRF:0
BRH:0
end_of_record
TN:
SF:lib/utils.ts
FN:5,cn
FN:9,copyToClipboard
FNF:2
FNH:1
FNDA:240,cn
FNDA:0,copyToClipboard
DA:1,9
DA:2,9
DA:3,9
DA:5,240
DA:6,240
DA:9,0
DA:10,0
DA:11,0
LF:8
LH:5
BRF:0
BRH:0
end_of_record
TN:
SF:lib/validation.ts
FN:2,(anonymous_6)
FN:7,(anonymous_7)
FN:17,(anonymous_8)
FN:30,(anonymous_9)
FN:37,(anonymous_10)
FNF:5
FNH:5
FNDA:8,(anonymous_6)
FNDA:14,(anonymous_7)
FNDA:6,(anonymous_8)
FNDA:4,(anonymous_9)
FNDA:10,(anonymous_10)
DA:2,8
DA:3,8
DA:7,8
DA:8,14
DA:9,14
DA:10,8
DA:12,6
DA:17,6
DA:18,6
DA:20,4
DA:22,4
DA:23,1
DA:26,3
DA:30,4
DA:31,4
DA:32,2
DA:34,2
DA:37,10
DA:38,10
DA:39,10
DA:40,6
DA:42,4
LF:22
LH:22
BRDA:18,0,0,2
BRDA:18,0,1,4
BRDA:22,1,0,1
BRDA:22,1,1,3
BRDA:22,2,0,4
BRDA:22,2,1,2
BRDA:31,3,0,2
BRDA:31,3,1,2
BRDA:39,4,0,6
BRDA:39,4,1,4
BRF:10
BRH:10
end_of_record
